Mensaje I / 00:00:00:000 / Root(00) para top(01)
Mensaje I / 00:00:00:000 / top(01) para lqndistribute(02)
Mensaje D / 00:00:00:000 / lqndistribute(02) / ... para top(01)
Mensaje D / 00:00:00:000 / top(01) / ... para Root(00)
Mensaje X / 00:00:10:000 / Root(00) / in /      0.00000 para top(01)
Mensaje X / 00:00:10:000 / top(01) / in /      0.00000 para lqndistribute(02)
Mensaje D / 00:00:10:000 / lqndistribute(02) / 00:00:00:000 para top(01)
Mensaje D / 00:00:10:000 / top(01) / 00:00:00:000 para Root(00)
Mensaje * / 00:00:10:000 / Root(00) para top(01)
Mensaje * / 00:00:10:000 / top(01) para lqndistribute(02)
Mensaje Y / 00:00:10:000 / lqndistribute(02) / out0 /      1.00000 para top(01)
Mensaje D / 00:00:10:000 / lqndistribute(02) / ... para top(01)
Mensaje Y / 00:00:10:000 / top(01) / out0 /      1.00000 para Root(00)
Mensaje D / 00:00:10:000 / top(01) / ... para Root(00)
Mensaje X / 00:00:11:000 / Root(00) / in /      1.00000 para top(01)
Mensaje X / 00:00:11:000 / top(01) / in /      1.00000 para lqndistribute(02)
Mensaje D / 00:00:11:000 / lqndistribute(02) / 00:00:00:000 para top(01)
Mensaje D / 00:00:11:000 / top(01) / 00:00:00:000 para Root(00)
Mensaje * / 00:00:11:000 / Root(00) para top(01)
Mensaje * / 00:00:11:000 / top(01) para lqndistribute(02)
Mensaje Y / 00:00:11:000 / lqndistribute(02) / out1 /      1.00000 para top(01)
Mensaje D / 00:00:11:000 / lqndistribute(02) / ... para top(01)
Mensaje Y / 00:00:11:000 / top(01) / out1 /      1.00000 para Root(00)
Mensaje D / 00:00:11:000 / top(01) / ... para Root(00)
Mensaje X / 00:00:12:000 / Root(00) / in /      2.00000 para top(01)
Mensaje X / 00:00:12:000 / top(01) / in /      2.00000 para lqndistribute(02)
Mensaje D / 00:00:12:000 / lqndistribute(02) / 00:00:00:000 para top(01)
Mensaje D / 00:00:12:000 / top(01) / 00:00:00:000 para Root(00)
Mensaje * / 00:00:12:000 / Root(00) para top(01)
Mensaje * / 00:00:12:000 / top(01) para lqndistribute(02)
Mensaje Y / 00:00:12:000 / lqndistribute(02) / out2 /      1.00000 para top(01)
Mensaje D / 00:00:12:000 / lqndistribute(02) / ... para top(01)
Mensaje Y / 00:00:12:000 / top(01) / out2 /      1.00000 para Root(00)
Mensaje D / 00:00:12:000 / top(01) / ... para Root(00)
Mensaje X / 00:00:13:000 / Root(00) / in /      3.00000 para top(01)
Mensaje X / 00:00:13:000 / top(01) / in /      3.00000 para lqndistribute(02)
Mensaje D / 00:00:13:000 / lqndistribute(02) / 00:00:00:000 para top(01)
Mensaje D / 00:00:13:000 / top(01) / 00:00:00:000 para Root(00)
Mensaje * / 00:00:13:000 / Root(00) para top(01)
Mensaje * / 00:00:13:000 / top(01) para lqndistribute(02)
Mensaje Y / 00:00:13:000 / lqndistribute(02) / out3 /      1.00000 para top(01)
Mensaje D / 00:00:13:000 / lqndistribute(02) / ... para top(01)
Mensaje Y / 00:00:13:000 / top(01) / out3 /      1.00000 para Root(00)
Mensaje D / 00:00:13:000 / top(01) / ... para Root(00)
Mensaje X / 00:00:14:000 / Root(00) / in /      4.00000 para top(01)
Mensaje X / 00:00:14:000 / top(01) / in /      4.00000 para lqndistribute(02)
Mensaje D / 00:00:14:000 / lqndistribute(02) / 00:00:00:000 para top(01)
Mensaje D / 00:00:14:000 / top(01) / 00:00:00:000 para Root(00)
Mensaje * / 00:00:14:000 / Root(00) para top(01)
Mensaje * / 00:00:14:000 / top(01) para lqndistribute(02)
Mensaje Y / 00:00:14:000 / lqndistribute(02) / out4 /      1.00000 para top(01)
Mensaje D / 00:00:14:000 / lqndistribute(02) / ... para top(01)
Mensaje Y / 00:00:14:000 / top(01) / out4 /      1.00000 para Root(00)
Mensaje D / 00:00:14:000 / top(01) / ... para Root(00)
Mensaje X / 00:00:15:000 / Root(00) / in /      9.00000 para top(01)
Mensaje X / 00:00:15:000 / top(01) / in /      9.00000 para lqndistribute(02)
Mensaje D / 00:00:15:000 / lqndistribute(02) / 00:00:00:000 para top(01)
Mensaje D / 00:00:15:000 / top(01) / 00:00:00:000 para Root(00)
Mensaje * / 00:00:15:000 / Root(00) para top(01)
Mensaje * / 00:00:15:000 / top(01) para lqndistribute(02)
Mensaje Y / 00:00:15:000 / lqndistribute(02) / out9 /      1.00000 para top(01)
Mensaje D / 00:00:15:000 / lqndistribute(02) / ... para top(01)
Mensaje Y / 00:00:15:000 / top(01) / out9 /      1.00000 para Root(00)
Mensaje D / 00:00:15:000 / top(01) / ... para Root(00)
Mensaje X / 00:00:16:000 / Root(00) / in /      8.00000 para top(01)
Mensaje X / 00:00:16:000 / top(01) / in /      8.00000 para lqndistribute(02)
Mensaje D / 00:00:16:000 / lqndistribute(02) / 00:00:00:000 para top(01)
Mensaje D / 00:00:16:000 / top(01) / 00:00:00:000 para Root(00)
Mensaje * / 00:00:16:000 / Root(00) para top(01)
Mensaje * / 00:00:16:000 / top(01) para lqndistribute(02)
Mensaje Y / 00:00:16:000 / lqndistribute(02) / out8 /      1.00000 para top(01)
Mensaje D / 00:00:16:000 / lqndistribute(02) / ... para top(01)
Mensaje Y / 00:00:16:000 / top(01) / out8 /      1.00000 para Root(00)
Mensaje D / 00:00:16:000 / top(01) / ... para Root(00)
Mensaje X / 00:00:17:000 / Root(00) / in /      7.00000 para top(01)
Mensaje X / 00:00:17:000 / top(01) / in /      7.00000 para lqndistribute(02)
Mensaje D / 00:00:17:000 / lqndistribute(02) / 00:00:00:000 para top(01)
Mensaje D / 00:00:17:000 / top(01) / 00:00:00:000 para Root(00)
Mensaje * / 00:00:17:000 / Root(00) para top(01)
Mensaje * / 00:00:17:000 / top(01) para lqndistribute(02)
Mensaje Y / 00:00:17:000 / lqndistribute(02) / out7 /      1.00000 para top(01)
Mensaje D / 00:00:17:000 / lqndistribute(02) / ... para top(01)
Mensaje Y / 00:00:17:000 / top(01) / out7 /      1.00000 para Root(00)
Mensaje D / 00:00:17:000 / top(01) / ... para Root(00)
Mensaje X / 00:00:18:000 / Root(00) / in /      6.00000 para top(01)
Mensaje X / 00:00:18:000 / top(01) / in /      6.00000 para lqndistribute(02)
Mensaje D / 00:00:18:000 / lqndistribute(02) / 00:00:00:000 para top(01)
Mensaje D / 00:00:18:000 / top(01) / 00:00:00:000 para Root(00)
Mensaje * / 00:00:18:000 / Root(00) para top(01)
Mensaje * / 00:00:18:000 / top(01) para lqndistribute(02)
Mensaje Y / 00:00:18:000 / lqndistribute(02) / out6 /      1.00000 para top(01)
Mensaje D / 00:00:18:000 / lqndistribute(02) / ... para top(01)
Mensaje Y / 00:00:18:000 / top(01) / out6 /      1.00000 para Root(00)
Mensaje D / 00:00:18:000 / top(01) / ... para Root(00)
Mensaje X / 00:00:19:000 / Root(00) / in /      5.00000 para top(01)
Mensaje X / 00:00:19:000 / top(01) / in /      5.00000 para lqndistribute(02)
Mensaje D / 00:00:19:000 / lqndistribute(02) / 00:00:00:000 para top(01)
Mensaje D / 00:00:19:000 / top(01) / 00:00:00:000 para Root(00)
Mensaje * / 00:00:19:000 / Root(00) para top(01)
Mensaje * / 00:00:19:000 / top(01) para lqndistribute(02)
Mensaje Y / 00:00:19:000 / lqndistribute(02) / out5 /      1.00000 para top(01)
Mensaje D / 00:00:19:000 / lqndistribute(02) / ... para top(01)
Mensaje Y / 00:00:19:000 / top(01) / out5 /      1.00000 para Root(00)
Mensaje D / 00:00:19:000 / top(01) / ... para Root(00)
Mensaje X / 00:00:20:000 / Root(00) / in /     10.00000 para top(01)
Mensaje X / 00:00:20:000 / top(01) / in /     10.00000 para lqndistribute(02)
Mensaje D / 00:00:20:000 / lqndistribute(02) / 00:00:00:000 para top(01)
Mensaje D / 00:00:20:000 / top(01) / 00:00:00:000 para Root(00)
Mensaje * / 00:00:20:000 / Root(00) para top(01)
Mensaje * / 00:00:20:000 / top(01) para lqndistribute(02)
Mensaje D / 00:00:20:000 / lqndistribute(02) / ... para top(01)
Mensaje D / 00:00:20:000 / top(01) / ... para Root(00)
Mensaje X / 00:00:21:000 / Root(00) / in /     11.00000 para top(01)
Mensaje X / 00:00:21:000 / top(01) / in /     11.00000 para lqndistribute(02)
Mensaje D / 00:00:21:000 / lqndistribute(02) / 00:00:00:000 para top(01)
Mensaje D / 00:00:21:000 / top(01) / 00:00:00:000 para Root(00)
Mensaje * / 00:00:21:000 / Root(00) para top(01)
Mensaje * / 00:00:21:000 / top(01) para lqndistribute(02)
Mensaje D / 00:00:21:000 / lqndistribute(02) / ... para top(01)
Mensaje D / 00:00:21:000 / top(01) / ... para Root(00)
Mensaje X / 00:00:22:000 / Root(00) / in /     -1.00000 para top(01)
Mensaje X / 00:00:22:000 / top(01) / in /     -1.00000 para lqndistribute(02)
Mensaje D / 00:00:22:000 / lqndistribute(02) / 00:00:00:000 para top(01)
Mensaje D / 00:00:22:000 / top(01) / 00:00:00:000 para Root(00)
Mensaje * / 00:00:22:000 / Root(00) para top(01)
Mensaje * / 00:00:22:000 / top(01) para lqndistribute(02)
Mensaje D / 00:00:22:000 / lqndistribute(02) / ... para top(01)
Mensaje D / 00:00:22:000 / top(01) / ... para Root(00)
Mensaje X / 00:00:30:000 / Root(00) / response0 /      0.00000 para top(01)
Mensaje X / 00:00:30:000 / top(01) / response0 /      0.00000 para lqndistribute(02)
Mensaje D / 00:00:30:000 / lqndistribute(02) / 00:00:00:000 para top(01)
Mensaje D / 00:00:30:000 / top(01) / 00:00:00:000 para Root(00)
Mensaje * / 00:00:30:000 / Root(00) para top(01)
Mensaje * / 00:00:30:000 / top(01) para lqndistribute(02)
Mensaje Y / 00:00:30:000 / lqndistribute(02) / reply /      0.00000 para top(01)
Mensaje D / 00:00:30:000 / lqndistribute(02) / ... para top(01)
Mensaje Y / 00:00:30:000 / top(01) / reply /      0.00000 para Root(00)
Mensaje D / 00:00:30:000 / top(01) / ... para Root(00)
Mensaje X / 00:00:31:000 / Root(00) / response1 /      0.00000 para top(01)
Mensaje X / 00:00:31:000 / top(01) / response1 /      0.00000 para lqndistribute(02)
Mensaje D / 00:00:31:000 / lqndistribute(02) / 00:00:00:000 para top(01)
Mensaje D / 00:00:31:000 / top(01) / 00:00:00:000 para Root(00)
Mensaje * / 00:00:31:000 / Root(00) para top(01)
Mensaje * / 00:00:31:000 / top(01) para lqndistribute(02)
Mensaje Y / 00:00:31:000 / lqndistribute(02) / reply /      1.00000 para top(01)
Mensaje D / 00:00:31:000 / lqndistribute(02) / ... para top(01)
Mensaje Y / 00:00:31:000 / top(01) / reply /      1.00000 para Root(00)
Mensaje D / 00:00:31:000 / top(01) / ... para Root(00)
Mensaje X / 00:00:32:000 / Root(00) / response2 /      0.00000 para top(01)
Mensaje X / 00:00:32:000 / top(01) / response2 /      0.00000 para lqndistribute(02)
Mensaje D / 00:00:32:000 / lqndistribute(02) / 00:00:00:000 para top(01)
Mensaje D / 00:00:32:000 / top(01) / 00:00:00:000 para Root(00)
Mensaje * / 00:00:32:000 / Root(00) para top(01)
Mensaje * / 00:00:32:000 / top(01) para lqndistribute(02)
Mensaje Y / 00:00:32:000 / lqndistribute(02) / reply /      2.00000 para top(01)
Mensaje D / 00:00:32:000 / lqndistribute(02) / ... para top(01)
Mensaje Y / 00:00:32:000 / top(01) / reply /      2.00000 para Root(00)
Mensaje D / 00:00:32:000 / top(01) / ... para Root(00)
Mensaje X / 00:00:33:000 / Root(00) / response3 /      0.00000 para top(01)
Mensaje X / 00:00:33:000 / top(01) / response3 /      0.00000 para lqndistribute(02)
Mensaje D / 00:00:33:000 / lqndistribute(02) / 00:00:00:000 para top(01)
Mensaje D / 00:00:33:000 / top(01) / 00:00:00:000 para Root(00)
Mensaje * / 00:00:33:000 / Root(00) para top(01)
Mensaje * / 00:00:33:000 / top(01) para lqndistribute(02)
Mensaje Y / 00:00:33:000 / lqndistribute(02) / reply /      3.00000 para top(01)
Mensaje D / 00:00:33:000 / lqndistribute(02) / ... para top(01)
Mensaje Y / 00:00:33:000 / top(01) / reply /      3.00000 para Root(00)
Mensaje D / 00:00:33:000 / top(01) / ... para Root(00)
Mensaje X / 00:00:34:000 / Root(00) / response4 /      0.00000 para top(01)
Mensaje X / 00:00:34:000 / top(01) / response4 /      0.00000 para lqndistribute(02)
Mensaje D / 00:00:34:000 / lqndistribute(02) / 00:00:00:000 para top(01)
Mensaje D / 00:00:34:000 / top(01) / 00:00:00:000 para Root(00)
Mensaje * / 00:00:34:000 / Root(00) para top(01)
Mensaje * / 00:00:34:000 / top(01) para lqndistribute(02)
Mensaje Y / 00:00:34:000 / lqndistribute(02) / reply /      4.00000 para top(01)
Mensaje D / 00:00:34:000 / lqndistribute(02) / ... para top(01)
Mensaje Y / 00:00:34:000 / top(01) / reply /      4.00000 para Root(00)
Mensaje D / 00:00:34:000 / top(01) / ... para Root(00)
Mensaje X / 00:00:35:000 / Root(00) / response5 /      0.00000 para top(01)
Mensaje X / 00:00:35:000 / top(01) / response5 /      0.00000 para lqndistribute(02)
Mensaje D / 00:00:35:000 / lqndistribute(02) / 00:00:00:000 para top(01)
Mensaje D / 00:00:35:000 / top(01) / 00:00:00:000 para Root(00)
Mensaje * / 00:00:35:000 / Root(00) para top(01)
Mensaje * / 00:00:35:000 / top(01) para lqndistribute(02)
Mensaje Y / 00:00:35:000 / lqndistribute(02) / reply /      5.00000 para top(01)
Mensaje D / 00:00:35:000 / lqndistribute(02) / ... para top(01)
Mensaje Y / 00:00:35:000 / top(01) / reply /      5.00000 para Root(00)
Mensaje D / 00:00:35:000 / top(01) / ... para Root(00)
Mensaje X / 00:00:36:000 / Root(00) / response6 /      0.00000 para top(01)
Mensaje X / 00:00:36:000 / top(01) / response6 /      0.00000 para lqndistribute(02)
Mensaje D / 00:00:36:000 / lqndistribute(02) / 00:00:00:000 para top(01)
Mensaje D / 00:00:36:000 / top(01) / 00:00:00:000 para Root(00)
Mensaje * / 00:00:36:000 / Root(00) para top(01)
Mensaje * / 00:00:36:000 / top(01) para lqndistribute(02)
Mensaje Y / 00:00:36:000 / lqndistribute(02) / reply /      6.00000 para top(01)
Mensaje D / 00:00:36:000 / lqndistribute(02) / ... para top(01)
Mensaje Y / 00:00:36:000 / top(01) / reply /      6.00000 para Root(00)
Mensaje D / 00:00:36:000 / top(01) / ... para Root(00)
Mensaje X / 00:00:37:000 / Root(00) / response7 /      0.00000 para top(01)
Mensaje X / 00:00:37:000 / top(01) / response7 /      0.00000 para lqndistribute(02)
Mensaje D / 00:00:37:000 / lqndistribute(02) / 00:00:00:000 para top(01)
Mensaje D / 00:00:37:000 / top(01) / 00:00:00:000 para Root(00)
Mensaje * / 00:00:37:000 / Root(00) para top(01)
Mensaje * / 00:00:37:000 / top(01) para lqndistribute(02)
Mensaje Y / 00:00:37:000 / lqndistribute(02) / reply /      7.00000 para top(01)
Mensaje D / 00:00:37:000 / lqndistribute(02) / ... para top(01)
Mensaje Y / 00:00:37:000 / top(01) / reply /      7.00000 para Root(00)
Mensaje D / 00:00:37:000 / top(01) / ... para Root(00)
Mensaje X / 00:00:38:000 / Root(00) / response8 /      0.00000 para top(01)
Mensaje X / 00:00:38:000 / top(01) / response8 /      0.00000 para lqndistribute(02)
Mensaje D / 00:00:38:000 / lqndistribute(02) / 00:00:00:000 para top(01)
Mensaje D / 00:00:38:000 / top(01) / 00:00:00:000 para Root(00)
Mensaje * / 00:00:38:000 / Root(00) para top(01)
Mensaje * / 00:00:38:000 / top(01) para lqndistribute(02)
Mensaje Y / 00:00:38:000 / lqndistribute(02) / reply /      8.00000 para top(01)
Mensaje D / 00:00:38:000 / lqndistribute(02) / ... para top(01)
Mensaje Y / 00:00:38:000 / top(01) / reply /      8.00000 para Root(00)
Mensaje D / 00:00:38:000 / top(01) / ... para Root(00)
Mensaje X / 00:00:39:000 / Root(00) / response9 /      0.00000 para top(01)
Mensaje X / 00:00:39:000 / top(01) / response9 /      0.00000 para lqndistribute(02)
Mensaje D / 00:00:39:000 / lqndistribute(02) / 00:00:00:000 para top(01)
Mensaje D / 00:00:39:000 / top(01) / 00:00:00:000 para Root(00)
Mensaje * / 00:00:39:000 / Root(00) para top(01)
Mensaje * / 00:00:39:000 / top(01) para lqndistribute(02)
Mensaje Y / 00:00:39:000 / lqndistribute(02) / reply /      9.00000 para top(01)
Mensaje D / 00:00:39:000 / lqndistribute(02) / ... para top(01)
Mensaje Y / 00:00:39:000 / top(01) / reply /      9.00000 para Root(00)
Mensaje D / 00:00:39:000 / top(01) / ... para Root(00)
