Mensaje I / 00:00:00:000 / Root(00) para top(01)
Mensaje I / 00:00:00:000 / top(01) para lqngather(02)
Mensaje D / 00:00:00:000 / lqngather(02) / ... para top(01)
Mensaje D / 00:00:00:000 / top(01) / ... para Root(00)
Mensaje X / 00:00:10:000 / Root(00) / in0 /      0.00000 para top(01)
Mensaje X / 00:00:10:000 / top(01) / in0 /      0.00000 para lqngather(02)
Mensaje D / 00:00:10:000 / lqngather(02) / 00:00:00:000 para top(01)
Mensaje D / 00:00:10:000 / top(01) / 00:00:00:000 para Root(00)
Mensaje * / 00:00:10:000 / Root(00) para top(01)
Mensaje * / 00:00:10:000 / top(01) para lqngather(02)
Mensaje Y / 00:00:10:000 / lqngather(02) / out /      0.00000 para top(01)
Mensaje Y / 00:00:10:000 / lqngather(02) / out /      0.00000 para top(01)
Mensaje D / 00:00:10:000 / lqngather(02) / ... para top(01)
Mensaje Y / 00:00:10:000 / top(01) / out /      0.00000 para Root(00)
Mensaje Y / 00:00:10:000 / top(01) / out /      0.00000 para Root(00)
Mensaje D / 00:00:10:000 / top(01) / ... para Root(00)
Mensaje X / 00:00:11:000 / Root(00) / in1 /     11.00000 para top(01)
Mensaje X / 00:00:11:000 / top(01) / in1 /     11.00000 para lqngather(02)
Mensaje D / 00:00:11:000 / lqngather(02) / 00:00:00:000 para top(01)
Mensaje D / 00:00:11:000 / top(01) / 00:00:00:000 para Root(00)
Mensaje * / 00:00:11:000 / Root(00) para top(01)
Mensaje * / 00:00:11:000 / top(01) para lqngather(02)
Mensaje Y / 00:00:11:000 / lqngather(02) / out /      1.00000 para top(01)
Mensaje Y / 00:00:11:000 / lqngather(02) / out /     11.00000 para top(01)
Mensaje D / 00:00:11:000 / lqngather(02) / ... para top(01)
Mensaje Y / 00:00:11:000 / top(01) / out /      1.00000 para Root(00)
Mensaje Y / 00:00:11:000 / top(01) / out /     11.00000 para Root(00)
Mensaje D / 00:00:11:000 / top(01) / ... para Root(00)
Mensaje X / 00:00:12:000 / Root(00) / in2 /     22.00000 para top(01)
Mensaje X / 00:00:12:000 / top(01) / in2 /     22.00000 para lqngather(02)
Mensaje D / 00:00:12:000 / lqngather(02) / 00:00:00:000 para top(01)
Mensaje D / 00:00:12:000 / top(01) / 00:00:00:000 para Root(00)
Mensaje * / 00:00:12:000 / Root(00) para top(01)
Mensaje * / 00:00:12:000 / top(01) para lqngather(02)
Mensaje Y / 00:00:12:000 / lqngather(02) / out /      2.00000 para top(01)
Mensaje Y / 00:00:12:000 / lqngather(02) / out /     22.00000 para top(01)
Mensaje D / 00:00:12:000 / lqngather(02) / ... para top(01)
Mensaje Y / 00:00:12:000 / top(01) / out /      2.00000 para Root(00)
Mensaje Y / 00:00:12:000 / top(01) / out /     22.00000 para Root(00)
Mensaje D / 00:00:12:000 / top(01) / ... para Root(00)
Mensaje X / 00:00:13:000 / Root(00) / in3 /     33.00000 para top(01)
Mensaje X / 00:00:13:000 / top(01) / in3 /     33.00000 para lqngather(02)
Mensaje D / 00:00:13:000 / lqngather(02) / 00:00:00:000 para top(01)
Mensaje D / 00:00:13:000 / top(01) / 00:00:00:000 para Root(00)
Mensaje * / 00:00:13:000 / Root(00) para top(01)
Mensaje * / 00:00:13:000 / top(01) para lqngather(02)
Mensaje Y / 00:00:13:000 / lqngather(02) / out /      3.00000 para top(01)
Mensaje Y / 00:00:13:000 / lqngather(02) / out /     33.00000 para top(01)
Mensaje D / 00:00:13:000 / lqngather(02) / ... para top(01)
Mensaje Y / 00:00:13:000 / top(01) / out /      3.00000 para Root(00)
Mensaje Y / 00:00:13:000 / top(01) / out /     33.00000 para Root(00)
Mensaje D / 00:00:13:000 / top(01) / ... para Root(00)
Mensaje X / 00:00:14:000 / Root(00) / in4 /     44.00000 para top(01)
Mensaje X / 00:00:14:000 / top(01) / in4 /     44.00000 para lqngather(02)
Mensaje D / 00:00:14:000 / lqngather(02) / 00:00:00:000 para top(01)
Mensaje D / 00:00:14:000 / top(01) / 00:00:00:000 para Root(00)
Mensaje * / 00:00:14:000 / Root(00) para top(01)
Mensaje * / 00:00:14:000 / top(01) para lqngather(02)
Mensaje Y / 00:00:14:000 / lqngather(02) / out /      4.00000 para top(01)
Mensaje Y / 00:00:14:000 / lqngather(02) / out /     44.00000 para top(01)
Mensaje D / 00:00:14:000 / lqngather(02) / ... para top(01)
Mensaje Y / 00:00:14:000 / top(01) / out /      4.00000 para Root(00)
Mensaje Y / 00:00:14:000 / top(01) / out /     44.00000 para Root(00)
Mensaje D / 00:00:14:000 / top(01) / ... para Root(00)
Mensaje X / 00:00:15:000 / Root(00) / in5 /     55.00000 para top(01)
Mensaje X / 00:00:15:000 / top(01) / in5 /     55.00000 para lqngather(02)
Mensaje D / 00:00:15:000 / lqngather(02) / 00:00:00:000 para top(01)
Mensaje D / 00:00:15:000 / top(01) / 00:00:00:000 para Root(00)
Mensaje * / 00:00:15:000 / Root(00) para top(01)
Mensaje * / 00:00:15:000 / top(01) para lqngather(02)
Mensaje Y / 00:00:15:000 / lqngather(02) / out /      5.00000 para top(01)
Mensaje Y / 00:00:15:000 / lqngather(02) / out /     55.00000 para top(01)
Mensaje D / 00:00:15:000 / lqngather(02) / ... para top(01)
Mensaje Y / 00:00:15:000 / top(01) / out /      5.00000 para Root(00)
Mensaje Y / 00:00:15:000 / top(01) / out /     55.00000 para Root(00)
Mensaje D / 00:00:15:000 / top(01) / ... para Root(00)
Mensaje X / 00:00:16:000 / Root(00) / in6 /     66.00000 para top(01)
Mensaje X / 00:00:16:000 / top(01) / in6 /     66.00000 para lqngather(02)
Mensaje D / 00:00:16:000 / lqngather(02) / 00:00:00:000 para top(01)
Mensaje D / 00:00:16:000 / top(01) / 00:00:00:000 para Root(00)
Mensaje * / 00:00:16:000 / Root(00) para top(01)
Mensaje * / 00:00:16:000 / top(01) para lqngather(02)
Mensaje Y / 00:00:16:000 / lqngather(02) / out /      6.00000 para top(01)
Mensaje Y / 00:00:16:000 / lqngather(02) / out /     66.00000 para top(01)
Mensaje D / 00:00:16:000 / lqngather(02) / ... para top(01)
Mensaje Y / 00:00:16:000 / top(01) / out /      6.00000 para Root(00)
Mensaje Y / 00:00:16:000 / top(01) / out /     66.00000 para Root(00)
Mensaje D / 00:00:16:000 / top(01) / ... para Root(00)
Mensaje X / 00:00:17:000 / Root(00) / in7 /     77.00000 para top(01)
Mensaje X / 00:00:17:000 / top(01) / in7 /     77.00000 para lqngather(02)
Mensaje D / 00:00:17:000 / lqngather(02) / 00:00:00:000 para top(01)
Mensaje D / 00:00:17:000 / top(01) / 00:00:00:000 para Root(00)
Mensaje * / 00:00:17:000 / Root(00) para top(01)
Mensaje * / 00:00:17:000 / top(01) para lqngather(02)
Mensaje Y / 00:00:17:000 / lqngather(02) / out /      7.00000 para top(01)
Mensaje Y / 00:00:17:000 / lqngather(02) / out /     77.00000 para top(01)
Mensaje D / 00:00:17:000 / lqngather(02) / ... para top(01)
Mensaje Y / 00:00:17:000 / top(01) / out /      7.00000 para Root(00)
Mensaje Y / 00:00:17:000 / top(01) / out /     77.00000 para Root(00)
Mensaje D / 00:00:17:000 / top(01) / ... para Root(00)
Mensaje X / 00:00:18:000 / Root(00) / in8 /     88.00000 para top(01)
Mensaje X / 00:00:18:000 / top(01) / in8 /     88.00000 para lqngather(02)
Mensaje D / 00:00:18:000 / lqngather(02) / 00:00:00:000 para top(01)
Mensaje D / 00:00:18:000 / top(01) / 00:00:00:000 para Root(00)
Mensaje * / 00:00:18:000 / Root(00) para top(01)
Mensaje * / 00:00:18:000 / top(01) para lqngather(02)
Mensaje Y / 00:00:18:000 / lqngather(02) / out /      8.00000 para top(01)
Mensaje Y / 00:00:18:000 / lqngather(02) / out /     88.00000 para top(01)
Mensaje D / 00:00:18:000 / lqngather(02) / ... para top(01)
Mensaje Y / 00:00:18:000 / top(01) / out /      8.00000 para Root(00)
Mensaje Y / 00:00:18:000 / top(01) / out /     88.00000 para Root(00)
Mensaje D / 00:00:18:000 / top(01) / ... para Root(00)
Mensaje X / 00:00:19:000 / Root(00) / in9 /     99.00000 para top(01)
Mensaje X / 00:00:19:000 / top(01) / in9 /     99.00000 para lqngather(02)
Mensaje D / 00:00:19:000 / lqngather(02) / 00:00:00:000 para top(01)
Mensaje D / 00:00:19:000 / top(01) / 00:00:00:000 para Root(00)
Mensaje * / 00:00:19:000 / Root(00) para top(01)
Mensaje * / 00:00:19:000 / top(01) para lqngather(02)
Mensaje Y / 00:00:19:000 / lqngather(02) / out /      9.00000 para top(01)
Mensaje Y / 00:00:19:000 / lqngather(02) / out /     99.00000 para top(01)
Mensaje D / 00:00:19:000 / lqngather(02) / ... para top(01)
Mensaje Y / 00:00:19:000 / top(01) / out /      9.00000 para Root(00)
Mensaje Y / 00:00:19:000 / top(01) / out /     99.00000 para Root(00)
Mensaje D / 00:00:19:000 / top(01) / ... para Root(00)
Mensaje X / 00:00:20:000 / Root(00) / in0 /   1010.00000 para top(01)
Mensaje X / 00:00:20:000 / top(01) / in0 /   1010.00000 para lqngather(02)
Mensaje D / 00:00:20:000 / lqngather(02) / 00:00:00:000 para top(01)
Mensaje D / 00:00:20:000 / top(01) / 00:00:00:000 para Root(00)
Mensaje * / 00:00:20:000 / Root(00) para top(01)
Mensaje * / 00:00:20:000 / top(01) para lqngather(02)
Mensaje Y / 00:00:20:000 / lqngather(02) / out /      0.00000 para top(01)
Mensaje Y / 00:00:20:000 / lqngather(02) / out /   1010.00000 para top(01)
Mensaje D / 00:00:20:000 / lqngather(02) / ... para top(01)
Mensaje Y / 00:00:20:000 / top(01) / out /      0.00000 para Root(00)
Mensaje Y / 00:00:20:000 / top(01) / out /   1010.00000 para Root(00)
Mensaje D / 00:00:20:000 / top(01) / ... para Root(00)
Mensaje X / 00:00:21:000 / Root(00) / in1 /   1111.00000 para top(01)
Mensaje X / 00:00:21:000 / top(01) / in1 /   1111.00000 para lqngather(02)
Mensaje D / 00:00:21:000 / lqngather(02) / 00:00:00:000 para top(01)
Mensaje D / 00:00:21:000 / top(01) / 00:00:00:000 para Root(00)
Mensaje * / 00:00:21:000 / Root(00) para top(01)
Mensaje * / 00:00:21:000 / top(01) para lqngather(02)
Mensaje Y / 00:00:21:000 / lqngather(02) / out /      1.00000 para top(01)
Mensaje Y / 00:00:21:000 / lqngather(02) / out /   1111.00000 para top(01)
Mensaje D / 00:00:21:000 / lqngather(02) / ... para top(01)
Mensaje Y / 00:00:21:000 / top(01) / out /      1.00000 para Root(00)
Mensaje Y / 00:00:21:000 / top(01) / out /   1111.00000 para Root(00)
Mensaje D / 00:00:21:000 / top(01) / ... para Root(00)
Mensaje X / 00:00:22:000 / Root(00) / in2 /   1212.00000 para top(01)
Mensaje X / 00:00:22:000 / top(01) / in2 /   1212.00000 para lqngather(02)
Mensaje D / 00:00:22:000 / lqngather(02) / 00:00:00:000 para top(01)
Mensaje D / 00:00:22:000 / top(01) / 00:00:00:000 para Root(00)
Mensaje * / 00:00:22:000 / Root(00) para top(01)
Mensaje * / 00:00:22:000 / top(01) para lqngather(02)
Mensaje Y / 00:00:22:000 / lqngather(02) / out /      2.00000 para top(01)
Mensaje Y / 00:00:22:000 / lqngather(02) / out /   1212.00000 para top(01)
Mensaje D / 00:00:22:000 / lqngather(02) / ... para top(01)
Mensaje Y / 00:00:22:000 / top(01) / out /      2.00000 para Root(00)
Mensaje Y / 00:00:22:000 / top(01) / out /   1212.00000 para Root(00)
Mensaje D / 00:00:22:000 / top(01) / ... para Root(00)
Mensaje X / 00:00:30:000 / Root(00) / response /      0.00000 para top(01)
Mensaje X / 00:00:30:000 / top(01) / response /      0.00000 para lqngather(02)
Mensaje D / 00:00:30:000 / lqngather(02) / 00:00:00:000 para top(01)
Mensaje D / 00:00:30:000 / top(01) / 00:00:00:000 para Root(00)
Mensaje * / 00:00:30:000 / Root(00) para top(01)
Mensaje * / 00:00:30:000 / top(01) para lqngather(02)
Mensaje Y / 00:00:30:000 / lqngather(02) / reply0 /      0.00000 para top(01)
Mensaje D / 00:00:30:000 / lqngather(02) / ... para top(01)
Mensaje Y / 00:00:30:000 / top(01) / reply0 /      0.00000 para Root(00)
Mensaje D / 00:00:30:000 / top(01) / ... para Root(00)
Mensaje X / 00:00:31:000 / Root(00) / response /      1.00000 para top(01)
Mensaje X / 00:00:31:000 / top(01) / response /      1.00000 para lqngather(02)
Mensaje D / 00:00:31:000 / lqngather(02) / 00:00:00:000 para top(01)
Mensaje D / 00:00:31:000 / top(01) / 00:00:00:000 para Root(00)
Mensaje * / 00:00:31:000 / Root(00) para top(01)
Mensaje * / 00:00:31:000 / top(01) para lqngather(02)
Mensaje Y / 00:00:31:000 / lqngather(02) / reply1 /      0.00000 para top(01)
Mensaje D / 00:00:31:000 / lqngather(02) / ... para top(01)
Mensaje Y / 00:00:31:000 / top(01) / reply1 /      0.00000 para Root(00)
Mensaje D / 00:00:31:000 / top(01) / ... para Root(00)
Mensaje X / 00:00:32:000 / Root(00) / response /      2.00000 para top(01)
Mensaje X / 00:00:32:000 / top(01) / response /      2.00000 para lqngather(02)
Mensaje D / 00:00:32:000 / lqngather(02) / 00:00:00:000 para top(01)
Mensaje D / 00:00:32:000 / top(01) / 00:00:00:000 para Root(00)
Mensaje * / 00:00:32:000 / Root(00) para top(01)
Mensaje * / 00:00:32:000 / top(01) para lqngather(02)
Mensaje Y / 00:00:32:000 / lqngather(02) / reply2 /      0.00000 para top(01)
Mensaje D / 00:00:32:000 / lqngather(02) / ... para top(01)
Mensaje Y / 00:00:32:000 / top(01) / reply2 /      0.00000 para Root(00)
Mensaje D / 00:00:32:000 / top(01) / ... para Root(00)
Mensaje X / 00:00:33:000 / Root(00) / response /      3.00000 para top(01)
Mensaje X / 00:00:33:000 / top(01) / response /      3.00000 para lqngather(02)
Mensaje D / 00:00:33:000 / lqngather(02) / 00:00:00:000 para top(01)
Mensaje D / 00:00:33:000 / top(01) / 00:00:00:000 para Root(00)
Mensaje * / 00:00:33:000 / Root(00) para top(01)
Mensaje * / 00:00:33:000 / top(01) para lqngather(02)
Mensaje Y / 00:00:33:000 / lqngather(02) / reply3 /      0.00000 para top(01)
Mensaje D / 00:00:33:000 / lqngather(02) / ... para top(01)
Mensaje Y / 00:00:33:000 / top(01) / reply3 /      0.00000 para Root(00)
Mensaje D / 00:00:33:000 / top(01) / ... para Root(00)
Mensaje X / 00:00:34:000 / Root(00) / response /      4.00000 para top(01)
Mensaje X / 00:00:34:000 / top(01) / response /      4.00000 para lqngather(02)
Mensaje D / 00:00:34:000 / lqngather(02) / 00:00:00:000 para top(01)
Mensaje D / 00:00:34:000 / top(01) / 00:00:00:000 para Root(00)
Mensaje * / 00:00:34:000 / Root(00) para top(01)
Mensaje * / 00:00:34:000 / top(01) para lqngather(02)
Mensaje Y / 00:00:34:000 / lqngather(02) / reply4 /      0.00000 para top(01)
Mensaje D / 00:00:34:000 / lqngather(02) / ... para top(01)
Mensaje Y / 00:00:34:000 / top(01) / reply4 /      0.00000 para Root(00)
Mensaje D / 00:00:34:000 / top(01) / ... para Root(00)
Mensaje X / 00:00:35:000 / Root(00) / response /      9.00000 para top(01)
Mensaje X / 00:00:35:000 / top(01) / response /      9.00000 para lqngather(02)
Mensaje D / 00:00:35:000 / lqngather(02) / 00:00:00:000 para top(01)
Mensaje D / 00:00:35:000 / top(01) / 00:00:00:000 para Root(00)
Mensaje * / 00:00:35:000 / Root(00) para top(01)
Mensaje * / 00:00:35:000 / top(01) para lqngather(02)
Mensaje Y / 00:00:35:000 / lqngather(02) / reply9 /      0.00000 para top(01)
Mensaje D / 00:00:35:000 / lqngather(02) / ... para top(01)
Mensaje Y / 00:00:35:000 / top(01) / reply9 /      0.00000 para Root(00)
Mensaje D / 00:00:35:000 / top(01) / ... para Root(00)
Mensaje X / 00:00:36:000 / Root(00) / response /      8.00000 para top(01)
Mensaje X / 00:00:36:000 / top(01) / response /      8.00000 para lqngather(02)
Mensaje D / 00:00:36:000 / lqngather(02) / 00:00:00:000 para top(01)
Mensaje D / 00:00:36:000 / top(01) / 00:00:00:000 para Root(00)
Mensaje * / 00:00:36:000 / Root(00) para top(01)
Mensaje * / 00:00:36:000 / top(01) para lqngather(02)
Mensaje Y / 00:00:36:000 / lqngather(02) / reply8 /      0.00000 para top(01)
Mensaje D / 00:00:36:000 / lqngather(02) / ... para top(01)
Mensaje Y / 00:00:36:000 / top(01) / reply8 /      0.00000 para Root(00)
Mensaje D / 00:00:36:000 / top(01) / ... para Root(00)
Mensaje X / 00:00:37:000 / Root(00) / response /      7.00000 para top(01)
Mensaje X / 00:00:37:000 / top(01) / response /      7.00000 para lqngather(02)
Mensaje D / 00:00:37:000 / lqngather(02) / 00:00:00:000 para top(01)
Mensaje D / 00:00:37:000 / top(01) / 00:00:00:000 para Root(00)
Mensaje * / 00:00:37:000 / Root(00) para top(01)
Mensaje * / 00:00:37:000 / top(01) para lqngather(02)
Mensaje Y / 00:00:37:000 / lqngather(02) / reply7 /      0.00000 para top(01)
Mensaje D / 00:00:37:000 / lqngather(02) / ... para top(01)
Mensaje Y / 00:00:37:000 / top(01) / reply7 /      0.00000 para Root(00)
Mensaje D / 00:00:37:000 / top(01) / ... para Root(00)
Mensaje X / 00:00:38:000 / Root(00) / response /      6.00000 para top(01)
Mensaje X / 00:00:38:000 / top(01) / response /      6.00000 para lqngather(02)
Mensaje D / 00:00:38:000 / lqngather(02) / 00:00:00:000 para top(01)
Mensaje D / 00:00:38:000 / top(01) / 00:00:00:000 para Root(00)
Mensaje * / 00:00:38:000 / Root(00) para top(01)
Mensaje * / 00:00:38:000 / top(01) para lqngather(02)
Mensaje Y / 00:00:38:000 / lqngather(02) / reply6 /      0.00000 para top(01)
Mensaje D / 00:00:38:000 / lqngather(02) / ... para top(01)
Mensaje Y / 00:00:38:000 / top(01) / reply6 /      0.00000 para Root(00)
Mensaje D / 00:00:38:000 / top(01) / ... para Root(00)
Mensaje X / 00:00:39:000 / Root(00) / response /      5.00000 para top(01)
Mensaje X / 00:00:39:000 / top(01) / response /      5.00000 para lqngather(02)
Mensaje D / 00:00:39:000 / lqngather(02) / 00:00:00:000 para top(01)
Mensaje D / 00:00:39:000 / top(01) / 00:00:00:000 para Root(00)
Mensaje * / 00:00:39:000 / Root(00) para top(01)
Mensaje * / 00:00:39:000 / top(01) para lqngather(02)
Mensaje Y / 00:00:39:000 / lqngather(02) / reply5 /      0.00000 para top(01)
Mensaje D / 00:00:39:000 / lqngather(02) / ... para top(01)
Mensaje Y / 00:00:39:000 / top(01) / reply5 /      0.00000 para Root(00)
Mensaje D / 00:00:39:000 / top(01) / ... para Root(00)
Mensaje X / 00:00:40:000 / Root(00) / response /     10.00000 para top(01)
Mensaje X / 00:00:40:000 / top(01) / response /     10.00000 para lqngather(02)
Mensaje D / 00:00:40:000 / lqngather(02) / 00:00:00:000 para top(01)
Mensaje D / 00:00:40:000 / top(01) / 00:00:00:000 para Root(00)
Mensaje * / 00:00:40:000 / Root(00) para top(01)
Mensaje * / 00:00:40:000 / top(01) para lqngather(02)
Mensaje D / 00:00:40:000 / lqngather(02) / ... para top(01)
Mensaje D / 00:00:40:000 / top(01) / ... para Root(00)
Mensaje X / 00:00:41:000 / Root(00) / response /     11.00000 para top(01)
Mensaje X / 00:00:41:000 / top(01) / response /     11.00000 para lqngather(02)
Mensaje D / 00:00:41:000 / lqngather(02) / 00:00:00:000 para top(01)
Mensaje D / 00:00:41:000 / top(01) / 00:00:00:000 para Root(00)
Mensaje * / 00:00:41:000 / Root(00) para top(01)
Mensaje * / 00:00:41:000 / top(01) para lqngather(02)
Mensaje D / 00:00:41:000 / lqngather(02) / ... para top(01)
Mensaje D / 00:00:41:000 / top(01) / ... para Root(00)
Mensaje X / 00:00:42:000 / Root(00) / response /     -1.00000 para top(01)
Mensaje X / 00:00:42:000 / top(01) / response /     -1.00000 para lqngather(02)
Mensaje D / 00:00:42:000 / lqngather(02) / 00:00:00:000 para top(01)
Mensaje D / 00:00:42:000 / top(01) / 00:00:00:000 para Root(00)
Mensaje * / 00:00:42:000 / Root(00) para top(01)
Mensaje * / 00:00:42:000 / top(01) para lqngather(02)
Mensaje D / 00:00:42:000 / lqngather(02) / ... para top(01)
Mensaje D / 00:00:42:000 / top(01) / ... para Root(00)
