Mensaje I / 00:00:00:000 / Root(00) para top(01)
Mensaje I / 00:00:00:000 / top(01) para lqnprocessor(02)
Mensaje D / 00:00:00:000 / lqnprocessor(02) / ... para top(01)
Mensaje D / 00:00:00:000 / top(01) / ... para Root(00)
Mensaje X / 00:00:10:000 / Root(00) / in /      0.00000 para top(01)
Mensaje X / 00:00:10:000 / top(01) / in /      0.00000 para lqnprocessor(02)
Mensaje D / 00:00:10:000 / lqnprocessor(02) / 00:00:00:000 para top(01)
Mensaje D / 00:00:10:000 / top(01) / 00:00:00:000 para Root(00)
Mensaje * / 00:00:10:000 / Root(00) para top(01)
Mensaje * / 00:00:10:000 / top(01) para lqnprocessor(02)
Mensaje Y / 00:00:10:000 / lqnprocessor(02) / throughput /      0.00010 para top(01)
Mensaje Y / 00:00:10:000 / lqnprocessor(02) / utilization /      0.00000 para top(01)
Mensaje Y / 00:00:10:000 / lqnprocessor(02) / reply /      0.00000 para top(01)
Mensaje Y / 00:00:10:000 / lqnprocessor(02) / ready /      1.00000 para top(01)
Mensaje D / 00:00:10:000 / lqnprocessor(02) / ... para top(01)
Mensaje Y / 00:00:10:000 / top(01) / throughput /      0.00010 para Root(00)
Mensaje Y / 00:00:10:000 / top(01) / utilization /      0.00000 para Root(00)
Mensaje Y / 00:00:10:000 / top(01) / reply /      0.00000 para Root(00)
Mensaje Y / 00:00:10:000 / top(01) / ready /      1.00000 para Root(00)
Mensaje D / 00:00:10:000 / top(01) / ... para Root(00)
Mensaje X / 00:00:10:001 / Root(00) / in /      0.10000 para top(01)
Mensaje X / 00:00:10:001 / top(01) / in /      0.10000 para lqnprocessor(02)
Mensaje D / 00:00:10:001 / lqnprocessor(02) / 00:00:00:000 para top(01)
Mensaje D / 00:00:10:001 / top(01) / 00:00:00:000 para Root(00)
Mensaje * / 00:00:10:001 / Root(00) para top(01)
Mensaje * / 00:00:10:001 / top(01) para lqnprocessor(02)
Mensaje Y / 00:00:10:001 / lqnprocessor(02) / throughput /      0.00020 para top(01)
Mensaje Y / 00:00:10:001 / lqnprocessor(02) / utilization /      0.00000 para top(01)
Mensaje Y / 00:00:10:001 / lqnprocessor(02) / reply /      0.00000 para top(01)
Mensaje Y / 00:00:10:001 / lqnprocessor(02) / ready /      1.00000 para top(01)
Mensaje D / 00:00:10:001 / lqnprocessor(02) / ... para top(01)
Mensaje Y / 00:00:10:001 / top(01) / throughput /      0.00020 para Root(00)
Mensaje Y / 00:00:10:001 / top(01) / utilization /      0.00000 para Root(00)
Mensaje Y / 00:00:10:001 / top(01) / reply /      0.00000 para Root(00)
Mensaje Y / 00:00:10:001 / top(01) / ready /      1.00000 para Root(00)
Mensaje D / 00:00:10:001 / top(01) / ... para Root(00)
Mensaje X / 00:00:10:002 / Root(00) / in /      0.20000 para top(01)
Mensaje X / 00:00:10:002 / top(01) / in /      0.20000 para lqnprocessor(02)
Mensaje D / 00:00:10:002 / lqnprocessor(02) / 00:00:00:000 para top(01)
Mensaje D / 00:00:10:002 / top(01) / 00:00:00:000 para Root(00)
Mensaje * / 00:00:10:002 / Root(00) para top(01)
Mensaje * / 00:00:10:002 / top(01) para lqnprocessor(02)
Mensaje Y / 00:00:10:002 / lqnprocessor(02) / throughput /      0.00030 para top(01)
Mensaje Y / 00:00:10:002 / lqnprocessor(02) / utilization /      0.00000 para top(01)
Mensaje Y / 00:00:10:002 / lqnprocessor(02) / reply /      0.00000 para top(01)
Mensaje Y / 00:00:10:002 / lqnprocessor(02) / ready /      1.00000 para top(01)
Mensaje D / 00:00:10:002 / lqnprocessor(02) / ... para top(01)
Mensaje Y / 00:00:10:002 / top(01) / throughput /      0.00030 para Root(00)
Mensaje Y / 00:00:10:002 / top(01) / utilization /      0.00000 para Root(00)
Mensaje Y / 00:00:10:002 / top(01) / reply /      0.00000 para Root(00)
Mensaje Y / 00:00:10:002 / top(01) / ready /      1.00000 para Root(00)
Mensaje D / 00:00:10:002 / top(01) / ... para Root(00)
Mensaje X / 00:00:10:003 / Root(00) / in /      0.30000 para top(01)
Mensaje X / 00:00:10:003 / top(01) / in /      0.30000 para lqnprocessor(02)
Mensaje D / 00:00:10:003 / lqnprocessor(02) / 00:00:00:000 para top(01)
Mensaje D / 00:00:10:003 / top(01) / 00:00:00:000 para Root(00)
Mensaje * / 00:00:10:003 / Root(00) para top(01)
Mensaje * / 00:00:10:003 / top(01) para lqnprocessor(02)
Mensaje Y / 00:00:10:003 / lqnprocessor(02) / throughput /      0.00040 para top(01)
Mensaje Y / 00:00:10:003 / lqnprocessor(02) / utilization /      0.00000 para top(01)
Mensaje Y / 00:00:10:003 / lqnprocessor(02) / reply /      0.00000 para top(01)
Mensaje Y / 00:00:10:003 / lqnprocessor(02) / ready /      1.00000 para top(01)
Mensaje D / 00:00:10:003 / lqnprocessor(02) / ... para top(01)
Mensaje Y / 00:00:10:003 / top(01) / throughput /      0.00040 para Root(00)
Mensaje Y / 00:00:10:003 / top(01) / utilization /      0.00000 para Root(00)
Mensaje Y / 00:00:10:003 / top(01) / reply /      0.00000 para Root(00)
Mensaje Y / 00:00:10:003 / top(01) / ready /      1.00000 para Root(00)
Mensaje D / 00:00:10:003 / top(01) / ... para Root(00)
Mensaje X / 00:00:10:004 / Root(00) / in /      0.40000 para top(01)
Mensaje X / 00:00:10:004 / top(01) / in /      0.40000 para lqnprocessor(02)
Mensaje D / 00:00:10:004 / lqnprocessor(02) / 00:00:00:000 para top(01)
Mensaje D / 00:00:10:004 / top(01) / 00:00:00:000 para Root(00)
Mensaje * / 00:00:10:004 / Root(00) para top(01)
Mensaje * / 00:00:10:004 / top(01) para lqnprocessor(02)
Mensaje Y / 00:00:10:004 / lqnprocessor(02) / throughput /      0.00050 para top(01)
Mensaje Y / 00:00:10:004 / lqnprocessor(02) / utilization /      0.00000 para top(01)
Mensaje Y / 00:00:10:004 / lqnprocessor(02) / reply /      0.00000 para top(01)
Mensaje Y / 00:00:10:004 / lqnprocessor(02) / ready /      1.00000 para top(01)
Mensaje D / 00:00:10:004 / lqnprocessor(02) / ... para top(01)
Mensaje Y / 00:00:10:004 / top(01) / throughput /      0.00050 para Root(00)
Mensaje Y / 00:00:10:004 / top(01) / utilization /      0.00000 para Root(00)
Mensaje Y / 00:00:10:004 / top(01) / reply /      0.00000 para Root(00)
Mensaje Y / 00:00:10:004 / top(01) / ready /      1.00000 para Root(00)
Mensaje D / 00:00:10:004 / top(01) / ... para Root(00)
Mensaje X / 00:00:10:005 / Root(00) / in /      0.50000 para top(01)
Mensaje X / 00:00:10:005 / top(01) / in /      0.50000 para lqnprocessor(02)
Mensaje D / 00:00:10:005 / lqnprocessor(02) / 00:00:00:001 para top(01)
Mensaje D / 00:00:10:005 / top(01) / 00:00:00:001 para Root(00)
Mensaje X / 00:00:10:006 / Root(00) / in /      0.60000 para top(01)
Mensaje X / 00:00:10:006 / top(01) / in /      0.60000 para lqnprocessor(02)
Mensaje D / 00:00:10:006 / lqnprocessor(02) / 00:00:00:000 para top(01)
Mensaje D / 00:00:10:006 / top(01) / 00:00:00:000 para Root(00)
Mensaje * / 00:00:10:006 / Root(00) para top(01)
Mensaje * / 00:00:10:006 / top(01) para lqnprocessor(02)
Mensaje Y / 00:00:10:006 / lqnprocessor(02) / throughput /      0.00060 para top(01)
Mensaje Y / 00:00:10:006 / lqnprocessor(02) / utilization /      0.00010 para top(01)
Mensaje Y / 00:00:10:006 / lqnprocessor(02) / reply /      1.00000 para top(01)
Mensaje Y / 00:00:10:006 / lqnprocessor(02) / ready /      1.00000 para top(01)
Mensaje D / 00:00:10:006 / lqnprocessor(02) / ... para top(01)
Mensaje Y / 00:00:10:006 / top(01) / throughput /      0.00060 para Root(00)
Mensaje Y / 00:00:10:006 / top(01) / utilization /      0.00010 para Root(00)
Mensaje Y / 00:00:10:006 / top(01) / reply /      1.00000 para Root(00)
Mensaje Y / 00:00:10:006 / top(01) / ready /      1.00000 para Root(00)
Mensaje D / 00:00:10:006 / top(01) / ... para Root(00)
Mensaje X / 00:00:10:007 / Root(00) / in /      0.70000 para top(01)
Mensaje X / 00:00:10:007 / top(01) / in /      0.70000 para lqnprocessor(02)
Mensaje D / 00:00:10:007 / lqnprocessor(02) / 00:00:00:001 para top(01)
Mensaje D / 00:00:10:007 / top(01) / 00:00:00:001 para Root(00)
Mensaje X / 00:00:10:008 / Root(00) / in /      0.80000 para top(01)
Mensaje X / 00:00:10:008 / top(01) / in /      0.80000 para lqnprocessor(02)
Mensaje D / 00:00:10:008 / lqnprocessor(02) / 00:00:00:000 para top(01)
Mensaje D / 00:00:10:008 / top(01) / 00:00:00:000 para Root(00)
Mensaje * / 00:00:10:008 / Root(00) para top(01)
Mensaje * / 00:00:10:008 / top(01) para lqnprocessor(02)
Mensaje Y / 00:00:10:008 / lqnprocessor(02) / throughput /      0.00070 para top(01)
Mensaje Y / 00:00:10:008 / lqnprocessor(02) / utilization /      0.00020 para top(01)
Mensaje Y / 00:00:10:008 / lqnprocessor(02) / reply /      1.00000 para top(01)
Mensaje Y / 00:00:10:008 / lqnprocessor(02) / ready /      1.00000 para top(01)
Mensaje D / 00:00:10:008 / lqnprocessor(02) / ... para top(01)
Mensaje Y / 00:00:10:008 / top(01) / throughput /      0.00070 para Root(00)
Mensaje Y / 00:00:10:008 / top(01) / utilization /      0.00020 para Root(00)
Mensaje Y / 00:00:10:008 / top(01) / reply /      1.00000 para Root(00)
Mensaje Y / 00:00:10:008 / top(01) / ready /      1.00000 para Root(00)
Mensaje D / 00:00:10:008 / top(01) / ... para Root(00)
Mensaje X / 00:00:10:009 / Root(00) / in /      0.90000 para top(01)
Mensaje X / 00:00:10:009 / top(01) / in /      0.90000 para lqnprocessor(02)
Mensaje D / 00:00:10:009 / lqnprocessor(02) / 00:00:00:001 para top(01)
Mensaje D / 00:00:10:009 / top(01) / 00:00:00:001 para Root(00)
Mensaje * / 00:00:10:010 / Root(00) para top(01)
Mensaje * / 00:00:10:010 / top(01) para lqnprocessor(02)
Mensaje Y / 00:00:10:010 / lqnprocessor(02) / throughput /      0.00080 para top(01)
Mensaje Y / 00:00:10:010 / lqnprocessor(02) / utilization /      0.00030 para top(01)
Mensaje Y / 00:00:10:010 / lqnprocessor(02) / reply /      1.00000 para top(01)
Mensaje Y / 00:00:10:010 / lqnprocessor(02) / ready /      1.00000 para top(01)
Mensaje D / 00:00:10:010 / lqnprocessor(02) / ... para top(01)
Mensaje Y / 00:00:10:010 / top(01) / throughput /      0.00080 para Root(00)
Mensaje Y / 00:00:10:010 / top(01) / utilization /      0.00030 para Root(00)
Mensaje Y / 00:00:10:010 / top(01) / reply /      1.00000 para Root(00)
Mensaje Y / 00:00:10:010 / top(01) / ready /      1.00000 para Root(00)
Mensaje D / 00:00:10:010 / top(01) / ... para Root(00)
Mensaje X / 00:00:11:000 / Root(00) / in /      1.00000 para top(01)
Mensaje X / 00:00:11:000 / top(01) / in /      1.00000 para lqnprocessor(02)
Mensaje D / 00:00:11:000 / lqnprocessor(02) / 00:00:00:001 para top(01)
Mensaje D / 00:00:11:000 / top(01) / 00:00:00:001 para Root(00)
Mensaje X / 00:00:11:001 / Root(00) / in /      1.10000 para top(01)
Mensaje X / 00:00:11:001 / top(01) / in /      1.10000 para lqnprocessor(02)
Mensaje D / 00:00:11:001 / lqnprocessor(02) / 00:00:00:000 para top(01)
Mensaje D / 00:00:11:001 / top(01) / 00:00:00:000 para Root(00)
Mensaje * / 00:00:11:001 / Root(00) para top(01)
Mensaje * / 00:00:11:001 / top(01) para lqnprocessor(02)
Mensaje Y / 00:00:11:001 / lqnprocessor(02) / throughput /      0.00082 para top(01)
Mensaje Y / 00:00:11:001 / lqnprocessor(02) / utilization /      0.00036 para top(01)
Mensaje Y / 00:00:11:001 / lqnprocessor(02) / reply /      1.00000 para top(01)
Mensaje Y / 00:00:11:001 / lqnprocessor(02) / ready /      1.00000 para top(01)
Mensaje D / 00:00:11:001 / lqnprocessor(02) / ... para top(01)
Mensaje Y / 00:00:11:001 / top(01) / throughput /      0.00082 para Root(00)
Mensaje Y / 00:00:11:001 / top(01) / utilization /      0.00036 para Root(00)
Mensaje Y / 00:00:11:001 / top(01) / reply /      1.00000 para Root(00)
Mensaje Y / 00:00:11:001 / top(01) / ready /      1.00000 para Root(00)
Mensaje D / 00:00:11:001 / top(01) / ... para Root(00)
Mensaje X / 00:00:11:002 / Root(00) / in /      1.20000 para top(01)
Mensaje X / 00:00:11:002 / top(01) / in /      1.20000 para lqnprocessor(02)
Mensaje D / 00:00:11:002 / lqnprocessor(02) / 00:00:00:001 para top(01)
Mensaje D / 00:00:11:002 / top(01) / 00:00:00:001 para Root(00)
Mensaje X / 00:00:11:003 / Root(00) / in /      1.30000 para top(01)
Mensaje X / 00:00:11:003 / top(01) / in /      1.30000 para lqnprocessor(02)
Mensaje D / 00:00:11:003 / lqnprocessor(02) / 00:00:00:000 para top(01)
Mensaje D / 00:00:11:003 / top(01) / 00:00:00:000 para Root(00)
Mensaje * / 00:00:11:003 / Root(00) para top(01)
Mensaje * / 00:00:11:003 / top(01) para lqnprocessor(02)
Mensaje Y / 00:00:11:003 / lqnprocessor(02) / throughput /      0.00091 para top(01)
Mensaje Y / 00:00:11:003 / lqnprocessor(02) / utilization /      0.00045 para top(01)
Mensaje Y / 00:00:11:003 / lqnprocessor(02) / reply /      1.00000 para top(01)
Mensaje Y / 00:00:11:003 / lqnprocessor(02) / ready /      1.00000 para top(01)
Mensaje D / 00:00:11:003 / lqnprocessor(02) / ... para top(01)
Mensaje Y / 00:00:11:003 / top(01) / throughput /      0.00091 para Root(00)
Mensaje Y / 00:00:11:003 / top(01) / utilization /      0.00045 para Root(00)
Mensaje Y / 00:00:11:003 / top(01) / reply /      1.00000 para Root(00)
Mensaje Y / 00:00:11:003 / top(01) / ready /      1.00000 para Root(00)
Mensaje D / 00:00:11:003 / top(01) / ... para Root(00)
Mensaje X / 00:00:11:004 / Root(00) / in /      1.40000 para top(01)
Mensaje X / 00:00:11:004 / top(01) / in /      1.40000 para lqnprocessor(02)
Mensaje D / 00:00:11:004 / lqnprocessor(02) / 00:00:00:001 para top(01)
Mensaje D / 00:00:11:004 / top(01) / 00:00:00:001 para Root(00)
Mensaje X / 00:00:11:005 / Root(00) / in /      1.50000 para top(01)
Mensaje X / 00:00:11:005 / top(01) / in /      1.50000 para lqnprocessor(02)
Mensaje D / 00:00:11:005 / lqnprocessor(02) / 00:00:00:000 para top(01)
Mensaje D / 00:00:11:005 / top(01) / 00:00:00:000 para Root(00)
Mensaje * / 00:00:11:005 / Root(00) para top(01)
Mensaje * / 00:00:11:005 / top(01) para lqnprocessor(02)
Mensaje Y / 00:00:11:005 / lqnprocessor(02) / throughput /      0.00100 para top(01)
Mensaje Y / 00:00:11:005 / lqnprocessor(02) / utilization /      0.00055 para top(01)
Mensaje Y / 00:00:11:005 / lqnprocessor(02) / reply /      1.00000 para top(01)
Mensaje Y / 00:00:11:005 / lqnprocessor(02) / ready /      1.00000 para top(01)
Mensaje D / 00:00:11:005 / lqnprocessor(02) / ... para top(01)
Mensaje Y / 00:00:11:005 / top(01) / throughput /      0.00100 para Root(00)
Mensaje Y / 00:00:11:005 / top(01) / utilization /      0.00055 para Root(00)
Mensaje Y / 00:00:11:005 / top(01) / reply /      1.00000 para Root(00)
Mensaje Y / 00:00:11:005 / top(01) / ready /      1.00000 para Root(00)
Mensaje D / 00:00:11:005 / top(01) / ... para Root(00)
Mensaje X / 00:00:11:006 / Root(00) / in /      1.60000 para top(01)
Mensaje X / 00:00:11:006 / top(01) / in /      1.60000 para lqnprocessor(02)
Mensaje D / 00:00:11:006 / lqnprocessor(02) / 00:00:00:002 para top(01)
Mensaje D / 00:00:11:006 / top(01) / 00:00:00:002 para Root(00)
Mensaje X / 00:00:11:007 / Root(00) / in /      1.70000 para top(01)
Mensaje X / 00:00:11:007 / top(01) / in /      1.70000 para lqnprocessor(02)
Mensaje D / 00:00:11:007 / lqnprocessor(02) / 00:00:00:001 para top(01)
Mensaje D / 00:00:11:007 / top(01) / 00:00:00:001 para Root(00)
Mensaje X / 00:00:11:008 / Root(00) / in /      1.80000 para top(01)
Mensaje X / 00:00:11:008 / top(01) / in /      1.80000 para lqnprocessor(02)
Mensaje D / 00:00:11:008 / lqnprocessor(02) / 00:00:00:000 para top(01)
Mensaje D / 00:00:11:008 / top(01) / 00:00:00:000 para Root(00)
Mensaje * / 00:00:11:008 / Root(00) para top(01)
Mensaje * / 00:00:11:008 / top(01) para lqnprocessor(02)
Mensaje Y / 00:00:11:008 / lqnprocessor(02) / throughput /      0.00109 para top(01)
Mensaje Y / 00:00:11:008 / lqnprocessor(02) / utilization /      0.00073 para top(01)
Mensaje Y / 00:00:11:008 / lqnprocessor(02) / reply /      2.00000 para top(01)
Mensaje Y / 00:00:11:008 / lqnprocessor(02) / ready /      1.00000 para top(01)
Mensaje D / 00:00:11:008 / lqnprocessor(02) / ... para top(01)
Mensaje Y / 00:00:11:008 / top(01) / throughput /      0.00109 para Root(00)
Mensaje Y / 00:00:11:008 / top(01) / utilization /      0.00073 para Root(00)
Mensaje Y / 00:00:11:008 / top(01) / reply /      2.00000 para Root(00)
Mensaje Y / 00:00:11:008 / top(01) / ready /      1.00000 para Root(00)
Mensaje D / 00:00:11:008 / top(01) / ... para Root(00)
Mensaje X / 00:00:11:009 / Root(00) / in /      1.90000 para top(01)
Mensaje X / 00:00:11:009 / top(01) / in /      1.90000 para lqnprocessor(02)
Mensaje D / 00:00:11:009 / lqnprocessor(02) / 00:00:00:002 para top(01)
Mensaje D / 00:00:11:009 / top(01) / 00:00:00:002 para Root(00)
Mensaje * / 00:00:11:011 / Root(00) para top(01)
Mensaje * / 00:00:11:011 / top(01) para lqnprocessor(02)
Mensaje Y / 00:00:11:011 / lqnprocessor(02) / throughput /      0.00118 para top(01)
Mensaje Y / 00:00:11:011 / lqnprocessor(02) / utilization /      0.00091 para top(01)
Mensaje Y / 00:00:11:011 / lqnprocessor(02) / reply /      2.00000 para top(01)
Mensaje Y / 00:00:11:011 / lqnprocessor(02) / ready /      1.00000 para top(01)
Mensaje D / 00:00:11:011 / lqnprocessor(02) / ... para top(01)
Mensaje Y / 00:00:11:011 / top(01) / throughput /      0.00118 para Root(00)
Mensaje Y / 00:00:11:011 / top(01) / utilization /      0.00091 para Root(00)
Mensaje Y / 00:00:11:011 / top(01) / reply /      2.00000 para Root(00)
Mensaje Y / 00:00:11:011 / top(01) / ready /      1.00000 para Root(00)
Mensaje D / 00:00:11:011 / top(01) / ... para Root(00)
Mensaje X / 00:00:12:000 / Root(00) / in /      2.00000 para top(01)
Mensaje X / 00:00:12:000 / top(01) / in /      2.00000 para lqnprocessor(02)
Mensaje D / 00:00:12:000 / lqnprocessor(02) / 00:00:00:002 para top(01)
Mensaje D / 00:00:12:000 / top(01) / 00:00:00:002 para Root(00)
Mensaje * / 00:00:12:002 / Root(00) para top(01)
Mensaje * / 00:00:12:002 / top(01) para lqnprocessor(02)
Mensaje Y / 00:00:12:002 / lqnprocessor(02) / throughput /      0.00117 para top(01)
Mensaje Y / 00:00:12:002 / lqnprocessor(02) / utilization /      0.00100 para top(01)
Mensaje Y / 00:00:12:002 / lqnprocessor(02) / reply /      2.00000 para top(01)
Mensaje Y / 00:00:12:002 / lqnprocessor(02) / ready /      1.00000 para top(01)
Mensaje D / 00:00:12:002 / lqnprocessor(02) / ... para top(01)
Mensaje Y / 00:00:12:002 / top(01) / throughput /      0.00117 para Root(00)
Mensaje Y / 00:00:12:002 / top(01) / utilization /      0.00100 para Root(00)
Mensaje Y / 00:00:12:002 / top(01) / reply /      2.00000 para Root(00)
Mensaje Y / 00:00:12:002 / top(01) / ready /      1.00000 para Root(00)
Mensaje D / 00:00:12:002 / top(01) / ... para Root(00)
Mensaje X / 00:00:13:000 / Root(00) / in /      3.00000 para top(01)
Mensaje X / 00:00:13:000 / top(01) / in /      3.00000 para lqnprocessor(02)
Mensaje D / 00:00:13:000 / lqnprocessor(02) / 00:00:00:003 para top(01)
Mensaje D / 00:00:13:000 / top(01) / 00:00:00:003 para Root(00)
Mensaje * / 00:00:13:003 / Root(00) para top(01)
Mensaje * / 00:00:13:003 / top(01) para lqnprocessor(02)
Mensaje Y / 00:00:13:003 / lqnprocessor(02) / throughput /      0.00115 para top(01)
Mensaje Y / 00:00:13:003 / lqnprocessor(02) / utilization /      0.00115 para top(01)
Mensaje Y / 00:00:13:003 / lqnprocessor(02) / reply /      3.00000 para top(01)
Mensaje Y / 00:00:13:003 / lqnprocessor(02) / ready /      1.00000 para top(01)
Mensaje D / 00:00:13:003 / lqnprocessor(02) / ... para top(01)
Mensaje Y / 00:00:13:003 / top(01) / throughput /      0.00115 para Root(00)
Mensaje Y / 00:00:13:003 / top(01) / utilization /      0.00115 para Root(00)
Mensaje Y / 00:00:13:003 / top(01) / reply /      3.00000 para Root(00)
Mensaje Y / 00:00:13:003 / top(01) / ready /      1.00000 para Root(00)
Mensaje D / 00:00:13:003 / top(01) / ... para Root(00)
Mensaje X / 00:00:14:000 / Root(00) / in /      4.00000 para top(01)
Mensaje X / 00:00:14:000 / top(01) / in /      4.00000 para lqnprocessor(02)
Mensaje D / 00:00:14:000 / lqnprocessor(02) / 00:00:00:004 para top(01)
Mensaje D / 00:00:14:000 / top(01) / 00:00:00:004 para Root(00)
Mensaje * / 00:00:14:004 / Root(00) para top(01)
Mensaje * / 00:00:14:004 / top(01) para lqnprocessor(02)
Mensaje Y / 00:00:14:004 / lqnprocessor(02) / throughput /      0.00114 para top(01)
Mensaje Y / 00:00:14:004 / lqnprocessor(02) / utilization /      0.00136 para top(01)
Mensaje Y / 00:00:14:004 / lqnprocessor(02) / reply /      4.00000 para top(01)
Mensaje Y / 00:00:14:004 / lqnprocessor(02) / ready /      1.00000 para top(01)
Mensaje D / 00:00:14:004 / lqnprocessor(02) / ... para top(01)
Mensaje Y / 00:00:14:004 / top(01) / throughput /      0.00114 para Root(00)
Mensaje Y / 00:00:14:004 / top(01) / utilization /      0.00136 para Root(00)
Mensaje Y / 00:00:14:004 / top(01) / reply /      4.00000 para Root(00)
Mensaje Y / 00:00:14:004 / top(01) / ready /      1.00000 para Root(00)
Mensaje D / 00:00:14:004 / top(01) / ... para Root(00)
Mensaje X / 00:00:15:000 / Root(00) / in /      5.00000 para top(01)
Mensaje X / 00:00:15:000 / top(01) / in /      5.00000 para lqnprocessor(02)
Mensaje D / 00:00:15:000 / lqnprocessor(02) / 00:00:00:005 para top(01)
Mensaje D / 00:00:15:000 / top(01) / 00:00:00:005 para Root(00)
Mensaje * / 00:00:15:005 / Root(00) para top(01)
Mensaje * / 00:00:15:005 / top(01) para lqnprocessor(02)
Mensaje Y / 00:00:15:005 / lqnprocessor(02) / throughput /      0.00113 para top(01)
Mensaje Y / 00:00:15:005 / lqnprocessor(02) / utilization /      0.00160 para top(01)
Mensaje Y / 00:00:15:005 / lqnprocessor(02) / reply /      5.00000 para top(01)
Mensaje Y / 00:00:15:005 / lqnprocessor(02) / ready /      1.00000 para top(01)
Mensaje D / 00:00:15:005 / lqnprocessor(02) / ... para top(01)
Mensaje Y / 00:00:15:005 / top(01) / throughput /      0.00113 para Root(00)
Mensaje Y / 00:00:15:005 / top(01) / utilization /      0.00160 para Root(00)
Mensaje Y / 00:00:15:005 / top(01) / reply /      5.00000 para Root(00)
Mensaje Y / 00:00:15:005 / top(01) / ready /      1.00000 para Root(00)
Mensaje D / 00:00:15:005 / top(01) / ... para Root(00)
Mensaje X / 00:00:16:000 / Root(00) / in /      6.00000 para top(01)
Mensaje X / 00:00:16:000 / top(01) / in /      6.00000 para lqnprocessor(02)
Mensaje D / 00:00:16:000 / lqnprocessor(02) / 00:00:00:006 para top(01)
Mensaje D / 00:00:16:000 / top(01) / 00:00:00:006 para Root(00)
Mensaje * / 00:00:16:006 / Root(00) para top(01)
Mensaje * / 00:00:16:006 / top(01) para lqnprocessor(02)
Mensaje Y / 00:00:16:006 / lqnprocessor(02) / throughput /      0.00112 para top(01)
Mensaje Y / 00:00:16:006 / lqnprocessor(02) / utilization /      0.00187 para top(01)
Mensaje Y / 00:00:16:006 / lqnprocessor(02) / reply /      6.00000 para top(01)
Mensaje Y / 00:00:16:006 / lqnprocessor(02) / ready /      1.00000 para top(01)
Mensaje D / 00:00:16:006 / lqnprocessor(02) / ... para top(01)
Mensaje Y / 00:00:16:006 / top(01) / throughput /      0.00112 para Root(00)
Mensaje Y / 00:00:16:006 / top(01) / utilization /      0.00187 para Root(00)
Mensaje Y / 00:00:16:006 / top(01) / reply /      6.00000 para Root(00)
Mensaje Y / 00:00:16:006 / top(01) / ready /      1.00000 para Root(00)
Mensaje D / 00:00:16:006 / top(01) / ... para Root(00)
Mensaje X / 00:00:17:000 / Root(00) / in /      7.00000 para top(01)
Mensaje X / 00:00:17:000 / top(01) / in /      7.00000 para lqnprocessor(02)
Mensaje D / 00:00:17:000 / lqnprocessor(02) / 00:00:00:007 para top(01)
Mensaje D / 00:00:17:000 / top(01) / 00:00:00:007 para Root(00)
Mensaje * / 00:00:17:007 / Root(00) para top(01)
Mensaje * / 00:00:17:007 / top(01) para lqnprocessor(02)
Mensaje Y / 00:00:17:007 / lqnprocessor(02) / throughput /      0.00112 para top(01)
Mensaje Y / 00:00:17:007 / lqnprocessor(02) / utilization /      0.00218 para top(01)
Mensaje Y / 00:00:17:007 / lqnprocessor(02) / reply /      7.00000 para top(01)
Mensaje Y / 00:00:17:007 / lqnprocessor(02) / ready /      1.00000 para top(01)
Mensaje D / 00:00:17:007 / lqnprocessor(02) / ... para top(01)
Mensaje Y / 00:00:17:007 / top(01) / throughput /      0.00112 para Root(00)
Mensaje Y / 00:00:17:007 / top(01) / utilization /      0.00218 para Root(00)
Mensaje Y / 00:00:17:007 / top(01) / reply /      7.00000 para Root(00)
Mensaje Y / 00:00:17:007 / top(01) / ready /      1.00000 para Root(00)
Mensaje D / 00:00:17:007 / top(01) / ... para Root(00)
Mensaje X / 00:00:18:000 / Root(00) / in /      8.00000 para top(01)
Mensaje X / 00:00:18:000 / top(01) / in /      8.00000 para lqnprocessor(02)
Mensaje D / 00:00:18:000 / lqnprocessor(02) / 00:00:00:008 para top(01)
Mensaje D / 00:00:18:000 / top(01) / 00:00:00:008 para Root(00)
Mensaje * / 00:00:18:008 / Root(00) para top(01)
Mensaje * / 00:00:18:008 / top(01) para lqnprocessor(02)
Mensaje Y / 00:00:18:008 / lqnprocessor(02) / throughput /      0.00111 para top(01)
Mensaje Y / 00:00:18:008 / lqnprocessor(02) / utilization /      0.00250 para top(01)
Mensaje Y / 00:00:18:008 / lqnprocessor(02) / reply /      8.00000 para top(01)
Mensaje Y / 00:00:18:008 / lqnprocessor(02) / ready /      1.00000 para top(01)
Mensaje D / 00:00:18:008 / lqnprocessor(02) / ... para top(01)
Mensaje Y / 00:00:18:008 / top(01) / throughput /      0.00111 para Root(00)
Mensaje Y / 00:00:18:008 / top(01) / utilization /      0.00250 para Root(00)
Mensaje Y / 00:00:18:008 / top(01) / reply /      8.00000 para Root(00)
Mensaje Y / 00:00:18:008 / top(01) / ready /      1.00000 para Root(00)
Mensaje D / 00:00:18:008 / top(01) / ... para Root(00)
Mensaje X / 00:00:19:000 / Root(00) / in /      9.00000 para top(01)
Mensaje X / 00:00:19:000 / top(01) / in /      9.00000 para lqnprocessor(02)
Mensaje D / 00:00:19:000 / lqnprocessor(02) / 00:00:00:009 para top(01)
Mensaje D / 00:00:19:000 / top(01) / 00:00:00:009 para Root(00)
Mensaje * / 00:00:19:009 / Root(00) para top(01)
Mensaje * / 00:00:19:009 / top(01) para lqnprocessor(02)
Mensaje Y / 00:00:19:009 / lqnprocessor(02) / throughput /      0.00110 para top(01)
Mensaje Y / 00:00:19:009 / lqnprocessor(02) / utilization /      0.00284 para top(01)
Mensaje Y / 00:00:19:009 / lqnprocessor(02) / reply /      9.00000 para top(01)
Mensaje Y / 00:00:19:009 / lqnprocessor(02) / ready /      1.00000 para top(01)
Mensaje D / 00:00:19:009 / lqnprocessor(02) / ... para top(01)
Mensaje Y / 00:00:19:009 / top(01) / throughput /      0.00110 para Root(00)
Mensaje Y / 00:00:19:009 / top(01) / utilization /      0.00284 para Root(00)
Mensaje Y / 00:00:19:009 / top(01) / reply /      9.00000 para Root(00)
Mensaje Y / 00:00:19:009 / top(01) / ready /      1.00000 para Root(00)
Mensaje D / 00:00:19:009 / top(01) / ... para Root(00)
Mensaje X / 00:00:20:000 / Root(00) / in /     10.00000 para top(01)
Mensaje X / 00:00:20:000 / top(01) / in /     10.00000 para lqnprocessor(02)
Mensaje D / 00:00:20:000 / lqnprocessor(02) / 00:00:00:010 para top(01)
Mensaje D / 00:00:20:000 / top(01) / 00:00:00:010 para Root(00)
Mensaje * / 00:00:20:010 / Root(00) para top(01)
Mensaje * / 00:00:20:010 / top(01) para lqnprocessor(02)
Mensaje Y / 00:00:20:010 / lqnprocessor(02) / throughput /      0.00110 para top(01)
Mensaje Y / 00:00:20:010 / lqnprocessor(02) / utilization /      0.00320 para top(01)
Mensaje Y / 00:00:20:010 / lqnprocessor(02) / reply /     10.00000 para top(01)
Mensaje Y / 00:00:20:010 / lqnprocessor(02) / ready /      1.00000 para top(01)
Mensaje D / 00:00:20:010 / lqnprocessor(02) / ... para top(01)
Mensaje Y / 00:00:20:010 / top(01) / throughput /      0.00110 para Root(00)
Mensaje Y / 00:00:20:010 / top(01) / utilization /      0.00320 para Root(00)
Mensaje Y / 00:00:20:010 / top(01) / reply /     10.00000 para Root(00)
Mensaje Y / 00:00:20:010 / top(01) / ready /      1.00000 para Root(00)
Mensaje D / 00:00:20:010 / top(01) / ... para Root(00)
Mensaje X / 00:00:21:000 / Root(00) / in /     11.00000 para top(01)
Mensaje X / 00:00:21:000 / top(01) / in /     11.00000 para lqnprocessor(02)
Mensaje D / 00:00:21:000 / lqnprocessor(02) / 00:00:00:011 para top(01)
Mensaje D / 00:00:21:000 / top(01) / 00:00:00:011 para Root(00)
Mensaje * / 00:00:21:011 / Root(00) para top(01)
Mensaje * / 00:00:21:011 / top(01) para lqnprocessor(02)
Mensaje Y / 00:00:21:011 / lqnprocessor(02) / throughput /      0.00109 para top(01)
Mensaje Y / 00:00:21:011 / lqnprocessor(02) / utilization /      0.00357 para top(01)
Mensaje Y / 00:00:21:011 / lqnprocessor(02) / reply /     11.00000 para top(01)
Mensaje Y / 00:00:21:011 / lqnprocessor(02) / ready /      1.00000 para top(01)
Mensaje D / 00:00:21:011 / lqnprocessor(02) / ... para top(01)
Mensaje Y / 00:00:21:011 / top(01) / throughput /      0.00109 para Root(00)
Mensaje Y / 00:00:21:011 / top(01) / utilization /      0.00357 para Root(00)
Mensaje Y / 00:00:21:011 / top(01) / reply /     11.00000 para Root(00)
Mensaje Y / 00:00:21:011 / top(01) / ready /      1.00000 para Root(00)
Mensaje D / 00:00:21:011 / top(01) / ... para Root(00)
Mensaje X / 00:00:22:000 / Root(00) / in /     12.00000 para top(01)
Mensaje X / 00:00:22:000 / top(01) / in /     12.00000 para lqnprocessor(02)
Mensaje D / 00:00:22:000 / lqnprocessor(02) / 00:00:00:012 para top(01)
Mensaje D / 00:00:22:000 / top(01) / 00:00:00:012 para Root(00)
Mensaje * / 00:00:22:012 / Root(00) para top(01)
Mensaje * / 00:00:22:012 / top(01) para lqnprocessor(02)
Mensaje Y / 00:00:22:012 / lqnprocessor(02) / throughput /      0.00109 para top(01)
Mensaje Y / 00:00:22:012 / lqnprocessor(02) / utilization /      0.00395 para top(01)
Mensaje Y / 00:00:22:012 / lqnprocessor(02) / reply /     12.00000 para top(01)
Mensaje Y / 00:00:22:012 / lqnprocessor(02) / ready /      1.00000 para top(01)
Mensaje D / 00:00:22:012 / lqnprocessor(02) / ... para top(01)
Mensaje Y / 00:00:22:012 / top(01) / throughput /      0.00109 para Root(00)
Mensaje Y / 00:00:22:012 / top(01) / utilization /      0.00395 para Root(00)
Mensaje Y / 00:00:22:012 / top(01) / reply /     12.00000 para Root(00)
Mensaje Y / 00:00:22:012 / top(01) / ready /      1.00000 para Root(00)
Mensaje D / 00:00:22:012 / top(01) / ... para Root(00)
Mensaje X / 00:00:23:000 / Root(00) / in /     13.00000 para top(01)
Mensaje X / 00:00:23:000 / top(01) / in /     13.00000 para lqnprocessor(02)
Mensaje D / 00:00:23:000 / lqnprocessor(02) / 00:00:00:013 para top(01)
Mensaje D / 00:00:23:000 / top(01) / 00:00:00:013 para Root(00)
Mensaje * / 00:00:23:013 / Root(00) para top(01)
Mensaje * / 00:00:23:013 / top(01) para lqnprocessor(02)
Mensaje Y / 00:00:23:013 / lqnprocessor(02) / throughput /      0.00109 para top(01)
Mensaje Y / 00:00:23:013 / lqnprocessor(02) / utilization /      0.00435 para top(01)
Mensaje Y / 00:00:23:013 / lqnprocessor(02) / reply /     13.00000 para top(01)
Mensaje Y / 00:00:23:013 / lqnprocessor(02) / ready /      1.00000 para top(01)
Mensaje D / 00:00:23:013 / lqnprocessor(02) / ... para top(01)
Mensaje Y / 00:00:23:013 / top(01) / throughput /      0.00109 para Root(00)
Mensaje Y / 00:00:23:013 / top(01) / utilization /      0.00435 para Root(00)
Mensaje Y / 00:00:23:013 / top(01) / reply /     13.00000 para Root(00)
Mensaje Y / 00:00:23:013 / top(01) / ready /      1.00000 para Root(00)
Mensaje D / 00:00:23:013 / top(01) / ... para Root(00)
Mensaje X / 00:00:24:000 / Root(00) / in /     14.00000 para top(01)
Mensaje X / 00:00:24:000 / top(01) / in /     14.00000 para lqnprocessor(02)
Mensaje D / 00:00:24:000 / lqnprocessor(02) / 00:00:00:014 para top(01)
Mensaje D / 00:00:24:000 / top(01) / 00:00:00:014 para Root(00)
Mensaje * / 00:00:24:014 / Root(00) para top(01)
Mensaje * / 00:00:24:014 / top(01) para lqnprocessor(02)
Mensaje Y / 00:00:24:014 / lqnprocessor(02) / throughput /      0.00108 para top(01)
Mensaje Y / 00:00:24:014 / lqnprocessor(02) / utilization /      0.00475 para top(01)
Mensaje Y / 00:00:24:014 / lqnprocessor(02) / reply /     14.00000 para top(01)
Mensaje Y / 00:00:24:014 / lqnprocessor(02) / ready /      1.00000 para top(01)
Mensaje D / 00:00:24:014 / lqnprocessor(02) / ... para top(01)
Mensaje Y / 00:00:24:014 / top(01) / throughput /      0.00108 para Root(00)
Mensaje Y / 00:00:24:014 / top(01) / utilization /      0.00475 para Root(00)
Mensaje Y / 00:00:24:014 / top(01) / reply /     14.00000 para Root(00)
Mensaje Y / 00:00:24:014 / top(01) / ready /      1.00000 para Root(00)
Mensaje D / 00:00:24:014 / top(01) / ... para Root(00)
