Mensaje I / 00:00:00:000 / Root(00) para top(01)
Mensaje I / 00:00:00:000 / top(01) para lqnqueue(02)
Mensaje D / 00:00:00:000 / lqnqueue(02) / ... para top(01)
Mensaje D / 00:00:00:000 / top(01) / ... para Root(00)
Mensaje X / 00:00:00:000 / Root(00) / ready /      0.00000 para top(01)
Mensaje X / 00:00:00:000 / top(01) / ready /      0.00000 para lqnqueue(02)
Mensaje D / 00:00:00:000 / lqnqueue(02) / ... para top(01)
Mensaje D / 00:00:00:000 / top(01) / ... para Root(00)
Mensaje X / 00:00:10:000 / Root(00) / in /      0.00000 para top(01)
Mensaje X / 00:00:10:000 / top(01) / in /      0.00000 para lqnqueue(02)
Mensaje D / 00:00:10:000 / lqnqueue(02) / ... para top(01)
Mensaje D / 00:00:10:000 / top(01) / ... para Root(00)
Mensaje X / 00:00:10:000 / Root(00) / in /      0.00000 para top(01)
Mensaje X / 00:00:10:000 / top(01) / in /      0.00000 para lqnqueue(02)
Mensaje D / 00:00:10:000 / lqnqueue(02) / 00:00:00:000 para top(01)
Mensaje D / 00:00:10:000 / top(01) / 00:00:00:000 para Root(00)
Mensaje * / 00:00:10:000 / Root(00) para top(01)
Mensaje * / 00:00:10:000 / top(01) para lqnqueue(02)
Mensaje Y / 00:00:10:000 / lqnqueue(02) / averagesize /      0.00000 para top(01)
Mensaje Y / 00:00:10:000 / lqnqueue(02) / averagewait /      0.00000 para top(01)
Mensaje Y / 00:00:10:000 / lqnqueue(02) / out /      0.00000 para top(01)
Mensaje D / 00:00:10:000 / lqnqueue(02) / ... para top(01)
Mensaje Y / 00:00:10:000 / top(01) / averagesize /      0.00000 para Root(00)
Mensaje Y / 00:00:10:000 / top(01) / averagewait /      0.00000 para Root(00)
Mensaje Y / 00:00:10:000 / top(01) / out /      0.00000 para Root(00)
Mensaje D / 00:00:10:000 / top(01) / ... para Root(00)
Mensaje X / 00:00:11:000 / Root(00) / in /      1.00000 para top(01)
Mensaje X / 00:00:11:000 / top(01) / in /      1.00000 para lqnqueue(02)
Mensaje D / 00:00:11:000 / lqnqueue(02) / ... para top(01)
Mensaje D / 00:00:11:000 / top(01) / ... para Root(00)
Mensaje X / 00:00:11:000 / Root(00) / in /      1.00000 para top(01)
Mensaje X / 00:00:11:000 / top(01) / in /      1.00000 para lqnqueue(02)
Mensaje D / 00:00:11:000 / lqnqueue(02) / ... para top(01)
Mensaje D / 00:00:11:000 / top(01) / ... para Root(00)
Mensaje X / 00:00:12:000 / Root(00) / in /      2.00000 para top(01)
Mensaje X / 00:00:12:000 / top(01) / in /      2.00000 para lqnqueue(02)
Mensaje D / 00:00:12:000 / lqnqueue(02) / ... para top(01)
Mensaje D / 00:00:12:000 / top(01) / ... para Root(00)
Mensaje X / 00:00:12:000 / Root(00) / in /      2.00000 para top(01)
Mensaje X / 00:00:12:000 / top(01) / in /      2.00000 para lqnqueue(02)
Mensaje D / 00:00:12:000 / lqnqueue(02) / ... para top(01)
Mensaje D / 00:00:12:000 / top(01) / ... para Root(00)
Mensaje X / 00:00:13:000 / Root(00) / in /      3.00000 para top(01)
Mensaje X / 00:00:13:000 / top(01) / in /      3.00000 para lqnqueue(02)
Mensaje D / 00:00:13:000 / lqnqueue(02) / ... para top(01)
Mensaje D / 00:00:13:000 / top(01) / ... para Root(00)
Mensaje X / 00:00:13:000 / Root(00) / in /      3.00000 para top(01)
Mensaje X / 00:00:13:000 / top(01) / in /      3.00000 para lqnqueue(02)
Mensaje D / 00:00:13:000 / lqnqueue(02) / ... para top(01)
Mensaje D / 00:00:13:000 / top(01) / ... para Root(00)
Mensaje X / 00:00:13:500 / Root(00) / response /      1.00000 para top(01)
Mensaje X / 00:00:13:500 / top(01) / response /      1.00000 para lqnqueue(02)
Mensaje D / 00:00:13:500 / lqnqueue(02) / 00:00:00:000 para top(01)
Mensaje D / 00:00:13:500 / top(01) / 00:00:00:000 para Root(00)
Mensaje * / 00:00:13:500 / Root(00) para top(01)
Mensaje * / 00:00:13:500 / top(01) para lqnqueue(02)
Mensaje Y / 00:00:13:500 / lqnqueue(02) / reply /      0.00000 para top(01)
Mensaje D / 00:00:13:500 / lqnqueue(02) / ... para top(01)
Mensaje Y / 00:00:13:500 / top(01) / reply /      0.00000 para Root(00)
Mensaje D / 00:00:13:500 / top(01) / ... para Root(00)
Mensaje X / 00:00:14:000 / Root(00) / in /      4.00000 para top(01)
Mensaje X / 00:00:14:000 / top(01) / in /      4.00000 para lqnqueue(02)
Mensaje D / 00:00:14:000 / lqnqueue(02) / ... para top(01)
Mensaje D / 00:00:14:000 / top(01) / ... para Root(00)
Mensaje X / 00:00:14:000 / Root(00) / in /      4.00000 para top(01)
Mensaje X / 00:00:14:000 / top(01) / in /      4.00000 para lqnqueue(02)
Mensaje D / 00:00:14:000 / lqnqueue(02) / ... para top(01)
Mensaje D / 00:00:14:000 / top(01) / ... para Root(00)
Mensaje X / 00:00:15:000 / Root(00) / in /      5.00000 para top(01)
Mensaje X / 00:00:15:000 / top(01) / in /      5.00000 para lqnqueue(02)
Mensaje D / 00:00:15:000 / lqnqueue(02) / ... para top(01)
Mensaje D / 00:00:15:000 / top(01) / ... para Root(00)
Mensaje X / 00:00:15:000 / Root(00) / in /      5.00000 para top(01)
Mensaje X / 00:00:15:000 / top(01) / in /      5.00000 para lqnqueue(02)
Mensaje D / 00:00:15:000 / lqnqueue(02) / ... para top(01)
Mensaje D / 00:00:15:000 / top(01) / ... para Root(00)
Mensaje X / 00:00:16:000 / Root(00) / in /      6.00000 para top(01)
Mensaje X / 00:00:16:000 / top(01) / in /      6.00000 para lqnqueue(02)
Mensaje D / 00:00:16:000 / lqnqueue(02) / ... para top(01)
Mensaje D / 00:00:16:000 / top(01) / ... para Root(00)
Mensaje X / 00:00:16:000 / Root(00) / in /      6.00000 para top(01)
Mensaje X / 00:00:16:000 / top(01) / in /      6.00000 para lqnqueue(02)
Mensaje D / 00:00:16:000 / lqnqueue(02) / ... para top(01)
Mensaje D / 00:00:16:000 / top(01) / ... para Root(00)
Mensaje X / 00:00:17:000 / Root(00) / in /      7.00000 para top(01)
Mensaje X / 00:00:17:000 / top(01) / in /      7.00000 para lqnqueue(02)
Mensaje D / 00:00:17:000 / lqnqueue(02) / ... para top(01)
Mensaje D / 00:00:17:000 / top(01) / ... para Root(00)
Mensaje X / 00:00:17:000 / Root(00) / in /      7.00000 para top(01)
Mensaje X / 00:00:17:000 / top(01) / in /      7.00000 para lqnqueue(02)
Mensaje D / 00:00:17:000 / lqnqueue(02) / ... para top(01)
Mensaje D / 00:00:17:000 / top(01) / ... para Root(00)
Mensaje X / 00:00:17:500 / Root(00) / response /      1.00000 para top(01)
Mensaje X / 00:00:17:500 / top(01) / response /      1.00000 para lqnqueue(02)
Mensaje D / 00:00:17:500 / lqnqueue(02) / 00:00:00:000 para top(01)
Mensaje D / 00:00:17:500 / top(01) / 00:00:00:000 para Root(00)
Mensaje * / 00:00:17:500 / Root(00) para top(01)
Mensaje * / 00:00:17:500 / top(01) para lqnqueue(02)
Mensaje Y / 00:00:17:500 / lqnqueue(02) / reply /      0.00000 para top(01)
Mensaje D / 00:00:17:500 / lqnqueue(02) / ... para top(01)
Mensaje Y / 00:00:17:500 / top(01) / reply /      0.00000 para Root(00)
Mensaje D / 00:00:17:500 / top(01) / ... para Root(00)
Mensaje X / 00:00:18:000 / Root(00) / in /      8.00000 para top(01)
Mensaje X / 00:00:18:000 / top(01) / in /      8.00000 para lqnqueue(02)
Mensaje D / 00:00:18:000 / lqnqueue(02) / ... para top(01)
Mensaje D / 00:00:18:000 / top(01) / ... para Root(00)
Mensaje X / 00:00:18:000 / Root(00) / in /      8.00000 para top(01)
Mensaje X / 00:00:18:000 / top(01) / in /      8.00000 para lqnqueue(02)
Mensaje D / 00:00:18:000 / lqnqueue(02) / ... para top(01)
Mensaje D / 00:00:18:000 / top(01) / ... para Root(00)
Mensaje X / 00:00:19:000 / Root(00) / in /      9.00000 para top(01)
Mensaje X / 00:00:19:000 / top(01) / in /      9.00000 para lqnqueue(02)
Mensaje D / 00:00:19:000 / lqnqueue(02) / ... para top(01)
Mensaje D / 00:00:19:000 / top(01) / ... para Root(00)
Mensaje X / 00:00:19:000 / Root(00) / in /      9.00000 para top(01)
Mensaje X / 00:00:19:000 / top(01) / in /      9.00000 para lqnqueue(02)
Mensaje D / 00:00:19:000 / lqnqueue(02) / ... para top(01)
Mensaje D / 00:00:19:000 / top(01) / ... para Root(00)
Mensaje X / 00:00:20:000 / Root(00) / in /     10.00000 para top(01)
Mensaje X / 00:00:20:000 / top(01) / in /     10.00000 para lqnqueue(02)
Mensaje D / 00:00:20:000 / lqnqueue(02) / ... para top(01)
Mensaje D / 00:00:20:000 / top(01) / ... para Root(00)
Mensaje X / 00:00:20:000 / Root(00) / in /     10.00000 para top(01)
Mensaje X / 00:00:20:000 / top(01) / in /     10.00000 para lqnqueue(02)
Mensaje D / 00:00:20:000 / lqnqueue(02) / ... para top(01)
Mensaje D / 00:00:20:000 / top(01) / ... para Root(00)
Mensaje X / 00:00:21:000 / Root(00) / in /     11.00000 para top(01)
Mensaje X / 00:00:21:000 / top(01) / in /     11.00000 para lqnqueue(02)
Mensaje D / 00:00:21:000 / lqnqueue(02) / ... para top(01)
Mensaje D / 00:00:21:000 / top(01) / ... para Root(00)
Mensaje X / 00:00:21:000 / Root(00) / in /     11.00000 para top(01)
Mensaje X / 00:00:21:000 / top(01) / in /     11.00000 para lqnqueue(02)
Mensaje D / 00:00:21:000 / lqnqueue(02) / ... para top(01)
Mensaje D / 00:00:21:000 / top(01) / ... para Root(00)
Mensaje X / 00:00:21:500 / Root(00) / response /      1.00000 para top(01)
Mensaje X / 00:00:21:500 / top(01) / response /      1.00000 para lqnqueue(02)
Mensaje D / 00:00:21:500 / lqnqueue(02) / 00:00:00:000 para top(01)
Mensaje D / 00:00:21:500 / top(01) / 00:00:00:000 para Root(00)
Mensaje * / 00:00:21:500 / Root(00) para top(01)
Mensaje * / 00:00:21:500 / top(01) para lqnqueue(02)
Mensaje Y / 00:00:21:500 / lqnqueue(02) / reply /      0.00000 para top(01)
Mensaje D / 00:00:21:500 / lqnqueue(02) / ... para top(01)
Mensaje Y / 00:00:21:500 / top(01) / reply /      0.00000 para Root(00)
Mensaje D / 00:00:21:500 / top(01) / ... para Root(00)
Mensaje X / 00:00:22:000 / Root(00) / ready /      0.00000 para top(01)
Mensaje X / 00:00:22:000 / top(01) / ready /      0.00000 para lqnqueue(02)
Mensaje D / 00:00:22:000 / lqnqueue(02) / 00:00:00:000 para top(01)
Mensaje D / 00:00:22:000 / top(01) / 00:00:00:000 para Root(00)
Mensaje * / 00:00:22:000 / Root(00) para top(01)
Mensaje * / 00:00:22:000 / top(01) para lqnqueue(02)
Mensaje Y / 00:00:22:000 / lqnqueue(02) / averagesize /      3.00000 para top(01)
Mensaje Y / 00:00:22:000 / lqnqueue(02) / averagewait /   5500.00000 para top(01)
Mensaje Y / 00:00:22:000 / lqnqueue(02) / out /      1.00000 para top(01)
Mensaje D / 00:00:22:000 / lqnqueue(02) / ... para top(01)
Mensaje Y / 00:00:22:000 / top(01) / averagesize /      3.00000 para Root(00)
Mensaje Y / 00:00:22:000 / top(01) / averagewait /   5500.00000 para Root(00)
Mensaje Y / 00:00:22:000 / top(01) / out /      1.00000 para Root(00)
Mensaje D / 00:00:22:000 / top(01) / ... para Root(00)
Mensaje X / 00:00:23:000 / Root(00) / in /     12.00000 para top(01)
Mensaje X / 00:00:23:000 / top(01) / in /     12.00000 para lqnqueue(02)
Mensaje D / 00:00:23:000 / lqnqueue(02) / ... para top(01)
Mensaje D / 00:00:23:000 / top(01) / ... para Root(00)
Mensaje X / 00:00:23:000 / Root(00) / in /     12.00000 para top(01)
Mensaje X / 00:00:23:000 / top(01) / in /     12.00000 para lqnqueue(02)
Mensaje D / 00:00:23:000 / lqnqueue(02) / ... para top(01)
Mensaje D / 00:00:23:000 / top(01) / ... para Root(00)
Mensaje X / 00:00:24:000 / Root(00) / in /     13.00000 para top(01)
Mensaje X / 00:00:24:000 / top(01) / in /     13.00000 para lqnqueue(02)
Mensaje D / 00:00:24:000 / lqnqueue(02) / ... para top(01)
Mensaje D / 00:00:24:000 / top(01) / ... para Root(00)
Mensaje X / 00:00:24:000 / Root(00) / in /     13.00000 para top(01)
Mensaje X / 00:00:24:000 / top(01) / in /     13.00000 para lqnqueue(02)
Mensaje D / 00:00:24:000 / lqnqueue(02) / ... para top(01)
Mensaje D / 00:00:24:000 / top(01) / ... para Root(00)
Mensaje X / 00:00:25:000 / Root(00) / in /     14.00000 para top(01)
Mensaje X / 00:00:25:000 / top(01) / in /     14.00000 para lqnqueue(02)
Mensaje D / 00:00:25:000 / lqnqueue(02) / ... para top(01)
Mensaje D / 00:00:25:000 / top(01) / ... para Root(00)
Mensaje X / 00:00:25:000 / Root(00) / in /     14.00000 para top(01)
Mensaje X / 00:00:25:000 / top(01) / in /     14.00000 para lqnqueue(02)
Mensaje D / 00:00:25:000 / lqnqueue(02) / ... para top(01)
Mensaje D / 00:00:25:000 / top(01) / ... para Root(00)
Mensaje X / 00:00:26:000 / Root(00) / ready /      1.00000 para top(01)
Mensaje X / 00:00:26:000 / top(01) / ready /      1.00000 para lqnqueue(02)
Mensaje D / 00:00:26:000 / lqnqueue(02) / 00:00:00:000 para top(01)
Mensaje D / 00:00:26:000 / top(01) / 00:00:00:000 para Root(00)
Mensaje * / 00:00:26:000 / Root(00) para top(01)
Mensaje * / 00:00:26:000 / top(01) para lqnqueue(02)
Mensaje Y / 00:00:26:000 / lqnqueue(02) / averagesize /      4.30769 para top(01)
Mensaje Y / 00:00:26:000 / lqnqueue(02) / averagewait /   8333.33333 para top(01)
Mensaje Y / 00:00:26:000 / lqnqueue(02) / out /      2.00000 para top(01)
Mensaje D / 00:00:26:000 / lqnqueue(02) / ... para top(01)
Mensaje Y / 00:00:26:000 / top(01) / averagesize /      4.30769 para Root(00)
Mensaje Y / 00:00:26:000 / top(01) / averagewait /   8333.33333 para Root(00)
Mensaje Y / 00:00:26:000 / top(01) / out /      2.00000 para Root(00)
Mensaje D / 00:00:26:000 / top(01) / ... para Root(00)
Mensaje X / 00:00:27:000 / Root(00) / ready /      2.00000 para top(01)
Mensaje X / 00:00:27:000 / top(01) / ready /      2.00000 para lqnqueue(02)
Mensaje D / 00:00:27:000 / lqnqueue(02) / 00:00:00:000 para top(01)
Mensaje D / 00:00:27:000 / top(01) / 00:00:00:000 para Root(00)
Mensaje * / 00:00:27:000 / Root(00) para top(01)
Mensaje * / 00:00:27:000 / top(01) para lqnqueue(02)
Mensaje Y / 00:00:27:000 / lqnqueue(02) / averagesize /      4.59259 para top(01)
Mensaje Y / 00:00:27:000 / lqnqueue(02) / averagewait /   9750.00000 para top(01)
Mensaje Y / 00:00:27:000 / lqnqueue(02) / out /      3.00000 para top(01)
Mensaje D / 00:00:27:000 / lqnqueue(02) / ... para top(01)
Mensaje Y / 00:00:27:000 / top(01) / averagesize /      4.59259 para Root(00)
Mensaje Y / 00:00:27:000 / top(01) / averagewait /   9750.00000 para Root(00)
Mensaje Y / 00:00:27:000 / top(01) / out /      3.00000 para Root(00)
Mensaje D / 00:00:27:000 / top(01) / ... para Root(00)
Mensaje X / 00:00:27:500 / Root(00) / response /      1.00000 para top(01)
Mensaje X / 00:00:27:500 / top(01) / response /      1.00000 para lqnqueue(02)
Mensaje D / 00:00:27:500 / lqnqueue(02) / 00:00:00:000 para top(01)
Mensaje D / 00:00:27:500 / top(01) / 00:00:00:000 para Root(00)
Mensaje * / 00:00:27:500 / Root(00) para top(01)
Mensaje * / 00:00:27:500 / top(01) para lqnqueue(02)
Mensaje Y / 00:00:27:500 / lqnqueue(02) / reply /      3.00000 para top(01)
Mensaje D / 00:00:27:500 / lqnqueue(02) / ... para top(01)
Mensaje Y / 00:00:27:500 / top(01) / reply /      3.00000 para Root(00)
Mensaje D / 00:00:27:500 / top(01) / ... para Root(00)
Mensaje X / 00:00:28:000 / Root(00) / ready /      3.00000 para top(01)
Mensaje X / 00:00:28:000 / top(01) / ready /      3.00000 para lqnqueue(02)
Mensaje D / 00:00:28:000 / lqnqueue(02) / 00:00:00:000 para top(01)
Mensaje D / 00:00:28:000 / top(01) / 00:00:00:000 para Root(00)
Mensaje * / 00:00:28:000 / Root(00) para top(01)
Mensaje * / 00:00:28:000 / top(01) para lqnqueue(02)
Mensaje Y / 00:00:28:000 / lqnqueue(02) / averagesize /      4.82143 para top(01)
Mensaje Y / 00:00:28:000 / lqnqueue(02) / averagewait /  10600.00000 para top(01)
Mensaje Y / 00:00:28:000 / lqnqueue(02) / out /      4.00000 para top(01)
Mensaje D / 00:00:28:000 / lqnqueue(02) / ... para top(01)
Mensaje Y / 00:00:28:000 / top(01) / averagesize /      4.82143 para Root(00)
Mensaje Y / 00:00:28:000 / top(01) / averagewait /  10600.00000 para Root(00)
Mensaje Y / 00:00:28:000 / top(01) / out /      4.00000 para Root(00)
Mensaje D / 00:00:28:000 / top(01) / ... para Root(00)
Mensaje X / 00:00:29:000 / Root(00) / ready /      4.00000 para top(01)
Mensaje X / 00:00:29:000 / top(01) / ready /      4.00000 para lqnqueue(02)
Mensaje D / 00:00:29:000 / lqnqueue(02) / 00:00:00:000 para top(01)
Mensaje D / 00:00:29:000 / top(01) / 00:00:00:000 para Root(00)
Mensaje * / 00:00:29:000 / Root(00) para top(01)
Mensaje * / 00:00:29:000 / top(01) para lqnqueue(02)
Mensaje Y / 00:00:29:000 / lqnqueue(02) / averagesize /      5.00000 para top(01)
Mensaje Y / 00:00:29:000 / lqnqueue(02) / averagewait /  11166.66667 para top(01)
Mensaje Y / 00:00:29:000 / lqnqueue(02) / out /      5.00000 para top(01)
Mensaje D / 00:00:29:000 / lqnqueue(02) / ... para top(01)
Mensaje Y / 00:00:29:000 / top(01) / averagesize /      5.00000 para Root(00)
Mensaje Y / 00:00:29:000 / top(01) / averagewait /  11166.66667 para Root(00)
Mensaje Y / 00:00:29:000 / top(01) / out /      5.00000 para Root(00)
Mensaje D / 00:00:29:000 / top(01) / ... para Root(00)
Mensaje X / 00:00:30:000 / Root(00) / ready /      5.00000 para top(01)
Mensaje X / 00:00:30:000 / top(01) / ready /      5.00000 para lqnqueue(02)
Mensaje D / 00:00:30:000 / lqnqueue(02) / 00:00:00:000 para top(01)
Mensaje D / 00:00:30:000 / top(01) / 00:00:00:000 para Root(00)
Mensaje * / 00:00:30:000 / Root(00) para top(01)
Mensaje * / 00:00:30:000 / top(01) para lqnqueue(02)
Mensaje Y / 00:00:30:000 / lqnqueue(02) / averagesize /      5.13333 para top(01)
Mensaje Y / 00:00:30:000 / lqnqueue(02) / averagewait /  11571.42857 para top(01)
Mensaje Y / 00:00:30:000 / lqnqueue(02) / out /      6.00000 para top(01)
Mensaje D / 00:00:30:000 / lqnqueue(02) / ... para top(01)
Mensaje Y / 00:00:30:000 / top(01) / averagesize /      5.13333 para Root(00)
Mensaje Y / 00:00:30:000 / top(01) / averagewait /  11571.42857 para Root(00)
Mensaje Y / 00:00:30:000 / top(01) / out /      6.00000 para Root(00)
Mensaje D / 00:00:30:000 / top(01) / ... para Root(00)
Mensaje X / 00:00:31:000 / Root(00) / ready /      6.00000 para top(01)
Mensaje X / 00:00:31:000 / top(01) / ready /      6.00000 para lqnqueue(02)
Mensaje D / 00:00:31:000 / lqnqueue(02) / 00:00:00:000 para top(01)
Mensaje D / 00:00:31:000 / top(01) / 00:00:00:000 para Root(00)
Mensaje * / 00:00:31:000 / Root(00) para top(01)
Mensaje * / 00:00:31:000 / top(01) para lqnqueue(02)
Mensaje Y / 00:00:31:000 / lqnqueue(02) / averagesize /      5.22581 para top(01)
Mensaje Y / 00:00:31:000 / lqnqueue(02) / averagewait /  11875.00000 para top(01)
Mensaje Y / 00:00:31:000 / lqnqueue(02) / out /      7.00000 para top(01)
Mensaje D / 00:00:31:000 / lqnqueue(02) / ... para top(01)
Mensaje Y / 00:00:31:000 / top(01) / averagesize /      5.22581 para Root(00)
Mensaje Y / 00:00:31:000 / top(01) / averagewait /  11875.00000 para Root(00)
Mensaje Y / 00:00:31:000 / top(01) / out /      7.00000 para Root(00)
Mensaje D / 00:00:31:000 / top(01) / ... para Root(00)
Mensaje X / 00:00:31:500 / Root(00) / response /      1.00000 para top(01)
Mensaje X / 00:00:31:500 / top(01) / response /      1.00000 para lqnqueue(02)
Mensaje D / 00:00:31:500 / lqnqueue(02) / 00:00:00:000 para top(01)
Mensaje D / 00:00:31:500 / top(01) / 00:00:00:000 para Root(00)
Mensaje * / 00:00:31:500 / Root(00) para top(01)
Mensaje * / 00:00:31:500 / top(01) para lqnqueue(02)
Mensaje Y / 00:00:31:500 / lqnqueue(02) / reply /      7.00000 para top(01)
Mensaje D / 00:00:31:500 / lqnqueue(02) / ... para top(01)
Mensaje Y / 00:00:31:500 / top(01) / reply /      7.00000 para Root(00)
Mensaje D / 00:00:31:500 / top(01) / ... para Root(00)
Mensaje X / 00:00:32:000 / Root(00) / ready /      7.00000 para top(01)
Mensaje X / 00:00:32:000 / top(01) / ready /      7.00000 para lqnqueue(02)
Mensaje D / 00:00:32:000 / lqnqueue(02) / 00:00:00:000 para top(01)
Mensaje D / 00:00:32:000 / top(01) / 00:00:00:000 para Root(00)
Mensaje * / 00:00:32:000 / Root(00) para top(01)
Mensaje * / 00:00:32:000 / top(01) para lqnqueue(02)
Mensaje Y / 00:00:32:000 / lqnqueue(02) / averagesize /      5.28125 para top(01)
Mensaje Y / 00:00:32:000 / lqnqueue(02) / averagewait /  12111.11111 para top(01)
Mensaje Y / 00:00:32:000 / lqnqueue(02) / out /      8.00000 para top(01)
Mensaje D / 00:00:32:000 / lqnqueue(02) / ... para top(01)
Mensaje Y / 00:00:32:000 / top(01) / averagesize /      5.28125 para Root(00)
Mensaje Y / 00:00:32:000 / top(01) / averagewait /  12111.11111 para Root(00)
Mensaje Y / 00:00:32:000 / top(01) / out /      8.00000 para Root(00)
Mensaje D / 00:00:32:000 / top(01) / ... para Root(00)
Mensaje X / 00:00:32:500 / Root(00) / response /      1.00000 para top(01)
Mensaje X / 00:00:32:500 / top(01) / response /      1.00000 para lqnqueue(02)
Mensaje D / 00:00:32:500 / lqnqueue(02) / 00:00:00:000 para top(01)
Mensaje D / 00:00:32:500 / top(01) / 00:00:00:000 para Root(00)
Mensaje * / 00:00:32:500 / Root(00) para top(01)
Mensaje * / 00:00:32:500 / top(01) para lqnqueue(02)
Mensaje Y / 00:00:32:500 / lqnqueue(02) / reply /      8.00000 para top(01)
Mensaje D / 00:00:32:500 / lqnqueue(02) / ... para top(01)
Mensaje Y / 00:00:32:500 / top(01) / reply /      8.00000 para Root(00)
Mensaje D / 00:00:32:500 / top(01) / ... para Root(00)
Mensaje X / 00:00:33:000 / Root(00) / ready /      8.00000 para top(01)
Mensaje X / 00:00:33:000 / top(01) / ready /      8.00000 para lqnqueue(02)
Mensaje D / 00:00:33:000 / lqnqueue(02) / 00:00:00:000 para top(01)
Mensaje D / 00:00:33:000 / top(01) / 00:00:00:000 para Root(00)
Mensaje * / 00:00:33:000 / Root(00) para top(01)
Mensaje * / 00:00:33:000 / top(01) para lqnqueue(02)
Mensaje Y / 00:00:33:000 / lqnqueue(02) / averagesize /      5.30303 para top(01)
Mensaje Y / 00:00:33:000 / lqnqueue(02) / averagewait /  12300.00000 para top(01)
Mensaje Y / 00:00:33:000 / lqnqueue(02) / out /      9.00000 para top(01)
Mensaje D / 00:00:33:000 / lqnqueue(02) / ... para top(01)
Mensaje Y / 00:00:33:000 / top(01) / averagesize /      5.30303 para Root(00)
Mensaje Y / 00:00:33:000 / top(01) / averagewait /  12300.00000 para Root(00)
Mensaje Y / 00:00:33:000 / top(01) / out /      9.00000 para Root(00)
Mensaje D / 00:00:33:000 / top(01) / ... para Root(00)
Mensaje X / 00:00:33:050 / Root(00) / response /      1.00000 para top(01)
Mensaje X / 00:00:33:050 / top(01) / response /      1.00000 para lqnqueue(02)
Mensaje D / 00:00:33:050 / lqnqueue(02) / 00:00:00:000 para top(01)
Mensaje D / 00:00:33:050 / top(01) / 00:00:00:000 para Root(00)
Mensaje * / 00:00:33:050 / Root(00) para top(01)
Mensaje * / 00:00:33:050 / top(01) para lqnqueue(02)
Mensaje Y / 00:00:33:050 / lqnqueue(02) / reply /      9.00000 para top(01)
Mensaje D / 00:00:33:050 / lqnqueue(02) / ... para top(01)
Mensaje Y / 00:00:33:050 / top(01) / reply /      9.00000 para Root(00)
Mensaje D / 00:00:33:050 / top(01) / ... para Root(00)
Mensaje X / 00:00:34:000 / Root(00) / ready /      9.00000 para top(01)
Mensaje X / 00:00:34:000 / top(01) / ready /      9.00000 para lqnqueue(02)
Mensaje D / 00:00:34:000 / lqnqueue(02) / 00:00:00:000 para top(01)
Mensaje D / 00:00:34:000 / top(01) / 00:00:00:000 para Root(00)
Mensaje * / 00:00:34:000 / Root(00) para top(01)
Mensaje * / 00:00:34:000 / top(01) para lqnqueue(02)
Mensaje Y / 00:00:34:000 / lqnqueue(02) / averagesize /      5.29412 para top(01)
Mensaje Y / 00:00:34:000 / lqnqueue(02) / averagewait /  12454.54545 para top(01)
Mensaje Y / 00:00:34:000 / lqnqueue(02) / out /     10.00000 para top(01)
Mensaje D / 00:00:34:000 / lqnqueue(02) / ... para top(01)
Mensaje Y / 00:00:34:000 / top(01) / averagesize /      5.29412 para Root(00)
Mensaje Y / 00:00:34:000 / top(01) / averagewait /  12454.54545 para Root(00)
Mensaje Y / 00:00:34:000 / top(01) / out /     10.00000 para Root(00)
Mensaje D / 00:00:34:000 / top(01) / ... para Root(00)
Mensaje X / 00:00:34:050 / Root(00) / response /      1.00000 para top(01)
Mensaje X / 00:00:34:050 / top(01) / response /      1.00000 para lqnqueue(02)
Mensaje D / 00:00:34:050 / lqnqueue(02) / 00:00:00:000 para top(01)
Mensaje D / 00:00:34:050 / top(01) / 00:00:00:000 para Root(00)
Mensaje * / 00:00:34:050 / Root(00) para top(01)
Mensaje * / 00:00:34:050 / top(01) para lqnqueue(02)
Mensaje Y / 00:00:34:050 / lqnqueue(02) / reply /     10.00000 para top(01)
Mensaje D / 00:00:34:050 / lqnqueue(02) / ... para top(01)
Mensaje Y / 00:00:34:050 / top(01) / reply /     10.00000 para Root(00)
Mensaje D / 00:00:34:050 / top(01) / ... para Root(00)
Mensaje X / 00:00:35:000 / Root(00) / ready /     10.00000 para top(01)
Mensaje X / 00:00:35:000 / top(01) / ready /     10.00000 para lqnqueue(02)
Mensaje D / 00:00:35:000 / lqnqueue(02) / 00:00:00:000 para top(01)
Mensaje D / 00:00:35:000 / top(01) / 00:00:00:000 para Root(00)
Mensaje * / 00:00:35:000 / Root(00) para top(01)
Mensaje * / 00:00:35:000 / top(01) para lqnqueue(02)
Mensaje Y / 00:00:35:000 / lqnqueue(02) / averagesize /      5.25714 para top(01)
Mensaje Y / 00:00:35:000 / lqnqueue(02) / averagewait /  12583.33333 para top(01)
Mensaje Y / 00:00:35:000 / lqnqueue(02) / out /     11.00000 para top(01)
Mensaje D / 00:00:35:000 / lqnqueue(02) / ... para top(01)
Mensaje Y / 00:00:35:000 / top(01) / averagesize /      5.25714 para Root(00)
Mensaje Y / 00:00:35:000 / top(01) / averagewait /  12583.33333 para Root(00)
Mensaje Y / 00:00:35:000 / top(01) / out /     11.00000 para Root(00)
Mensaje D / 00:00:35:000 / top(01) / ... para Root(00)
Mensaje X / 00:00:36:000 / Root(00) / ready /     11.00000 para top(01)
Mensaje X / 00:00:36:000 / top(01) / ready /     11.00000 para lqnqueue(02)
Mensaje D / 00:00:36:000 / lqnqueue(02) / 00:00:00:000 para top(01)
Mensaje D / 00:00:36:000 / top(01) / 00:00:00:000 para Root(00)
Mensaje * / 00:00:36:000 / Root(00) para top(01)
Mensaje * / 00:00:36:000 / top(01) para lqnqueue(02)
Mensaje Y / 00:00:36:000 / lqnqueue(02) / averagesize /      5.19444 para top(01)
Mensaje Y / 00:00:36:000 / lqnqueue(02) / averagewait /  12615.38462 para top(01)
Mensaje Y / 00:00:36:000 / lqnqueue(02) / out /     12.00000 para top(01)
Mensaje D / 00:00:36:000 / lqnqueue(02) / ... para top(01)
Mensaje Y / 00:00:36:000 / top(01) / averagesize /      5.19444 para Root(00)
Mensaje Y / 00:00:36:000 / top(01) / averagewait /  12615.38462 para Root(00)
Mensaje Y / 00:00:36:000 / top(01) / out /     12.00000 para Root(00)
Mensaje D / 00:00:36:000 / top(01) / ... para Root(00)
Mensaje X / 00:00:37:000 / Root(00) / ready /     12.00000 para top(01)
Mensaje X / 00:00:37:000 / top(01) / ready /     12.00000 para lqnqueue(02)
Mensaje D / 00:00:37:000 / lqnqueue(02) / 00:00:00:000 para top(01)
Mensaje D / 00:00:37:000 / top(01) / 00:00:00:000 para Root(00)
Mensaje * / 00:00:37:000 / Root(00) para top(01)
Mensaje * / 00:00:37:000 / top(01) para lqnqueue(02)
Mensaje Y / 00:00:37:000 / lqnqueue(02) / averagesize /      5.10811 para top(01)
Mensaje Y / 00:00:37:000 / lqnqueue(02) / averagewait /  12642.85714 para top(01)
Mensaje Y / 00:00:37:000 / lqnqueue(02) / out /     13.00000 para top(01)
Mensaje D / 00:00:37:000 / lqnqueue(02) / ... para top(01)
Mensaje Y / 00:00:37:000 / top(01) / averagesize /      5.10811 para Root(00)
Mensaje Y / 00:00:37:000 / top(01) / averagewait /  12642.85714 para Root(00)
Mensaje Y / 00:00:37:000 / top(01) / out /     13.00000 para Root(00)
Mensaje D / 00:00:37:000 / top(01) / ... para Root(00)
Mensaje X / 00:00:38:000 / Root(00) / ready /     13.00000 para top(01)
Mensaje X / 00:00:38:000 / top(01) / ready /     13.00000 para lqnqueue(02)
Mensaje D / 00:00:38:000 / lqnqueue(02) / 00:00:00:000 para top(01)
Mensaje D / 00:00:38:000 / top(01) / 00:00:00:000 para Root(00)
Mensaje * / 00:00:38:000 / Root(00) para top(01)
Mensaje * / 00:00:38:000 / top(01) para lqnqueue(02)
Mensaje Y / 00:00:38:000 / lqnqueue(02) / averagesize /      5.00000 para top(01)
Mensaje Y / 00:00:38:000 / lqnqueue(02) / averagewait /  12666.66667 para top(01)
Mensaje Y / 00:00:38:000 / lqnqueue(02) / out /     14.00000 para top(01)
Mensaje D / 00:00:38:000 / lqnqueue(02) / ... para top(01)
Mensaje Y / 00:00:38:000 / top(01) / averagesize /      5.00000 para Root(00)
Mensaje Y / 00:00:38:000 / top(01) / averagewait /  12666.66667 para Root(00)
Mensaje Y / 00:00:38:000 / top(01) / out /     14.00000 para Root(00)
Mensaje D / 00:00:38:000 / top(01) / ... para Root(00)
Mensaje X / 00:00:39:000 / Root(00) / ready /     14.00000 para top(01)
Mensaje X / 00:00:39:000 / top(01) / ready /     14.00000 para lqnqueue(02)
Mensaje D / 00:00:39:000 / lqnqueue(02) / ... para top(01)
Mensaje D / 00:00:39:000 / top(01) / ... para Root(00)
