Mensaje I / 00:00:00:000 / Root(00) para top(01)
Mensaje I / 00:00:00:000 / top(01) para gather(02)
Mensaje I / 00:00:00:000 / top(01) para queue(03)
Mensaje I / 00:00:00:000 / top(01) para proc(04)
Mensaje D / 00:00:00:000 / gather(02) / ... para top(01)
Mensaje D / 00:00:00:000 / queue(03) / ... para top(01)
Mensaje D / 00:00:00:000 / proc(04) / ... para top(01)
Mensaje D / 00:00:00:000 / top(01) / ... para Root(00)
Mensaje X / 00:00:10:000 / Root(00) / in0 /      0.00000 para top(01)
Mensaje X / 00:00:10:000 / top(01) / in0 /      0.00000 para gather(02)
Mensaje D / 00:00:10:000 / gather(02) / 00:00:00:000 para top(01)
Mensaje D / 00:00:10:000 / top(01) / 00:00:00:000 para Root(00)
Mensaje * / 00:00:10:000 / Root(00) para top(01)
Mensaje * / 00:00:10:000 / top(01) para gather(02)
Mensaje Y / 00:00:10:000 / gather(02) / out /      0.00000 para top(01)
Mensaje Y / 00:00:10:000 / gather(02) / out /      0.00000 para top(01)
Mensaje D / 00:00:10:000 / gather(02) / ... para top(01)
Mensaje X / 00:00:10:000 / top(01) / in /      0.00000 para queue(03)
Mensaje X / 00:00:10:000 / top(01) / in /      0.00000 para queue(03)
Mensaje D / 00:00:10:000 / queue(03) / ... para top(01)
Mensaje D / 00:00:10:000 / queue(03) / 00:00:00:000 para top(01)
Mensaje D / 00:00:10:000 / top(01) / 00:00:00:000 para Root(00)
Mensaje * / 00:00:10:000 / Root(00) para top(01)
Mensaje * / 00:00:10:000 / top(01) para queue(03)
Mensaje Y / 00:00:10:000 / queue(03) / averagesize /      0.00000 para top(01)
Mensaje Y / 00:00:10:000 / queue(03) / averagewait /      0.00000 para top(01)
Mensaje Y / 00:00:10:000 / queue(03) / out /      0.00000 para top(01)
Mensaje D / 00:00:10:000 / queue(03) / ... para top(01)
Mensaje Y / 00:00:10:000 / top(01) / qsize /      0.00000 para Root(00)
Mensaje Y / 00:00:10:000 / top(01) / qwait /      0.00000 para Root(00)
Mensaje X / 00:00:10:000 / top(01) / in /      0.00000 para proc(04)
Mensaje D / 00:00:10:000 / proc(04) / 00:00:00:000 para top(01)
Mensaje D / 00:00:10:000 / top(01) / 00:00:00:000 para Root(00)
Mensaje * / 00:00:10:000 / Root(00) para top(01)
Mensaje * / 00:00:10:000 / top(01) para proc(04)
Mensaje Y / 00:00:10:000 / proc(04) / throughput /      0.00010 para top(01)
Mensaje Y / 00:00:10:000 / proc(04) / utilization /      0.00000 para top(01)
Mensaje Y / 00:00:10:000 / proc(04) / reply /      0.00000 para top(01)
Mensaje Y / 00:00:10:000 / proc(04) / ready /      1.00000 para top(01)
Mensaje D / 00:00:10:000 / proc(04) / ... para top(01)
Mensaje Y / 00:00:10:000 / top(01) / procthru /      0.00010 para Root(00)
Mensaje Y / 00:00:10:000 / top(01) / procutil /      0.00000 para Root(00)
Mensaje X / 00:00:10:000 / top(01) / response /      0.00000 para queue(03)
Mensaje X / 00:00:10:000 / top(01) / ready /      1.00000 para queue(03)
Mensaje D / 00:00:10:000 / queue(03) / 00:00:00:000 para top(01)
Mensaje D / 00:00:10:000 / queue(03) / 00:00:00:000 para top(01)
Mensaje D / 00:00:10:000 / top(01) / 00:00:00:000 para Root(00)
Mensaje * / 00:00:10:000 / Root(00) para top(01)
Mensaje * / 00:00:10:000 / top(01) para queue(03)
Mensaje Y / 00:00:10:000 / queue(03) / reply /      0.00000 para top(01)
Mensaje D / 00:00:10:000 / queue(03) / ... para top(01)
Mensaje X / 00:00:10:000 / top(01) / response /      0.00000 para gather(02)
Mensaje D / 00:00:10:000 / gather(02) / 00:00:00:000 para top(01)
Mensaje D / 00:00:10:000 / top(01) / 00:00:00:000 para Root(00)
Mensaje * / 00:00:10:000 / Root(00) para top(01)
Mensaje * / 00:00:10:000 / top(01) para gather(02)
Mensaje Y / 00:00:10:000 / gather(02) / reply0 /      0.00000 para top(01)
Mensaje D / 00:00:10:000 / gather(02) / ... para top(01)
Mensaje Y / 00:00:10:000 / top(01) / reply0 /      0.00000 para Root(00)
Mensaje D / 00:00:10:000 / top(01) / ... para Root(00)
Mensaje X / 00:00:11:000 / Root(00) / in1 /      1.11111 para top(01)
Mensaje X / 00:00:11:000 / top(01) / in1 /      1.11111 para gather(02)
Mensaje D / 00:00:11:000 / gather(02) / 00:00:00:000 para top(01)
Mensaje D / 00:00:11:000 / top(01) / 00:00:00:000 para Root(00)
Mensaje * / 00:00:11:000 / Root(00) para top(01)
Mensaje * / 00:00:11:000 / top(01) para gather(02)
Mensaje Y / 00:00:11:000 / gather(02) / out /      1.00000 para top(01)
Mensaje Y / 00:00:11:000 / gather(02) / out /      1.11111 para top(01)
Mensaje D / 00:00:11:000 / gather(02) / ... para top(01)
Mensaje X / 00:00:11:000 / top(01) / in /      1.00000 para queue(03)
Mensaje X / 00:00:11:000 / top(01) / in /      1.11111 para queue(03)
Mensaje D / 00:00:11:000 / queue(03) / ... para top(01)
Mensaje D / 00:00:11:000 / queue(03) / 00:00:00:000 para top(01)
Mensaje D / 00:00:11:000 / top(01) / 00:00:00:000 para Root(00)
Mensaje * / 00:00:11:000 / Root(00) para top(01)
Mensaje * / 00:00:11:000 / top(01) para queue(03)
Mensaje Y / 00:00:11:000 / queue(03) / averagesize /      0.00000 para top(01)
Mensaje Y / 00:00:11:000 / queue(03) / averagewait /      0.00000 para top(01)
Mensaje Y / 00:00:11:000 / queue(03) / out /      1.11111 para top(01)
Mensaje D / 00:00:11:000 / queue(03) / ... para top(01)
Mensaje Y / 00:00:11:000 / top(01) / qsize /      0.00000 para Root(00)
Mensaje Y / 00:00:11:000 / top(01) / qwait /      0.00000 para Root(00)
Mensaje X / 00:00:11:000 / top(01) / in /      1.11111 para proc(04)
Mensaje D / 00:00:11:000 / proc(04) / 00:00:00:001 para top(01)
Mensaje D / 00:00:11:000 / top(01) / 00:00:00:001 para Root(00)
Mensaje * / 00:00:11:001 / Root(00) para top(01)
Mensaje * / 00:00:11:001 / top(01) para proc(04)
Mensaje Y / 00:00:11:001 / proc(04) / throughput /      0.00018 para top(01)
Mensaje Y / 00:00:11:001 / proc(04) / utilization /      0.00009 para top(01)
Mensaje Y / 00:00:11:001 / proc(04) / reply /      1.00000 para top(01)
Mensaje Y / 00:00:11:001 / proc(04) / ready /      1.00000 para top(01)
Mensaje D / 00:00:11:001 / proc(04) / ... para top(01)
Mensaje Y / 00:00:11:001 / top(01) / procthru /      0.00018 para Root(00)
Mensaje Y / 00:00:11:001 / top(01) / procutil /      0.00009 para Root(00)
Mensaje X / 00:00:11:001 / top(01) / response /      1.00000 para queue(03)
Mensaje X / 00:00:11:001 / top(01) / ready /      1.00000 para queue(03)
Mensaje D / 00:00:11:001 / queue(03) / 00:00:00:000 para top(01)
Mensaje D / 00:00:11:001 / queue(03) / 00:00:00:000 para top(01)
Mensaje D / 00:00:11:001 / top(01) / 00:00:00:000 para Root(00)
Mensaje * / 00:00:11:001 / Root(00) para top(01)
Mensaje * / 00:00:11:001 / top(01) para queue(03)
Mensaje Y / 00:00:11:001 / queue(03) / reply /      1.00000 para top(01)
Mensaje D / 00:00:11:001 / queue(03) / ... para top(01)
Mensaje X / 00:00:11:001 / top(01) / response /      1.00000 para gather(02)
Mensaje D / 00:00:11:001 / gather(02) / 00:00:00:000 para top(01)
Mensaje D / 00:00:11:001 / top(01) / 00:00:00:000 para Root(00)
Mensaje * / 00:00:11:001 / Root(00) para top(01)
Mensaje * / 00:00:11:001 / top(01) para gather(02)
Mensaje Y / 00:00:11:001 / gather(02) / reply1 /      0.00000 para top(01)
Mensaje D / 00:00:11:001 / gather(02) / ... para top(01)
Mensaje Y / 00:00:11:001 / top(01) / reply1 /      0.00000 para Root(00)
Mensaje D / 00:00:11:001 / top(01) / ... para Root(00)
Mensaje X / 00:00:12:000 / Root(00) / in2 /     22.22222 para top(01)
Mensaje X / 00:00:12:000 / top(01) / in2 /     22.22222 para gather(02)
Mensaje D / 00:00:12:000 / gather(02) / 00:00:00:000 para top(01)
Mensaje D / 00:00:12:000 / top(01) / 00:00:00:000 para Root(00)
Mensaje * / 00:00:12:000 / Root(00) para top(01)
Mensaje * / 00:00:12:000 / top(01) para gather(02)
Mensaje Y / 00:00:12:000 / gather(02) / out /      2.00000 para top(01)
Mensaje Y / 00:00:12:000 / gather(02) / out /     22.22222 para top(01)
Mensaje D / 00:00:12:000 / gather(02) / ... para top(01)
Mensaje X / 00:00:12:000 / top(01) / in /      2.00000 para queue(03)
Mensaje X / 00:00:12:000 / top(01) / in /     22.22222 para queue(03)
Mensaje D / 00:00:12:000 / queue(03) / ... para top(01)
Mensaje D / 00:00:12:000 / queue(03) / 00:00:00:000 para top(01)
Mensaje D / 00:00:12:000 / top(01) / 00:00:00:000 para Root(00)
Mensaje * / 00:00:12:000 / Root(00) para top(01)
Mensaje * / 00:00:12:000 / top(01) para queue(03)
Mensaje Y / 00:00:12:000 / queue(03) / averagesize /      0.00000 para top(01)
Mensaje Y / 00:00:12:000 / queue(03) / averagewait /      0.00000 para top(01)
Mensaje Y / 00:00:12:000 / queue(03) / out /     22.22222 para top(01)
Mensaje D / 00:00:12:000 / queue(03) / ... para top(01)
Mensaje Y / 00:00:12:000 / top(01) / qsize /      0.00000 para Root(00)
Mensaje Y / 00:00:12:000 / top(01) / qwait /      0.00000 para Root(00)
Mensaje X / 00:00:12:000 / top(01) / in /     22.22222 para proc(04)
Mensaje D / 00:00:12:000 / proc(04) / 00:00:00:022 para top(01)
Mensaje D / 00:00:12:000 / top(01) / 00:00:00:022 para Root(00)
Mensaje * / 00:00:12:022 / Root(00) para top(01)
Mensaje * / 00:00:12:022 / top(01) para proc(04)
Mensaje Y / 00:00:12:022 / proc(04) / throughput /      0.00025 para top(01)
Mensaje Y / 00:00:12:022 / proc(04) / utilization /      0.00191 para top(01)
Mensaje Y / 00:00:12:022 / proc(04) / reply /     22.00000 para top(01)
Mensaje Y / 00:00:12:022 / proc(04) / ready /      1.00000 para top(01)
Mensaje D / 00:00:12:022 / proc(04) / ... para top(01)
Mensaje Y / 00:00:12:022 / top(01) / procthru /      0.00025 para Root(00)
Mensaje Y / 00:00:12:022 / top(01) / procutil /      0.00191 para Root(00)
Mensaje X / 00:00:12:022 / top(01) / response /     22.00000 para queue(03)
Mensaje X / 00:00:12:022 / top(01) / ready /      1.00000 para queue(03)
Mensaje D / 00:00:12:022 / queue(03) / 00:00:00:000 para top(01)
Mensaje D / 00:00:12:022 / queue(03) / 00:00:00:000 para top(01)
Mensaje D / 00:00:12:022 / top(01) / 00:00:00:000 para Root(00)
Mensaje * / 00:00:12:022 / Root(00) para top(01)
Mensaje * / 00:00:12:022 / top(01) para queue(03)
Mensaje Y / 00:00:12:022 / queue(03) / reply /      2.00000 para top(01)
Mensaje D / 00:00:12:022 / queue(03) / ... para top(01)
Mensaje X / 00:00:12:022 / top(01) / response /      2.00000 para gather(02)
Mensaje D / 00:00:12:022 / gather(02) / 00:00:00:000 para top(01)
Mensaje D / 00:00:12:022 / top(01) / 00:00:00:000 para Root(00)
Mensaje * / 00:00:12:022 / Root(00) para top(01)
Mensaje * / 00:00:12:022 / top(01) para gather(02)
Mensaje Y / 00:00:12:022 / gather(02) / reply2 /      0.00000 para top(01)
Mensaje D / 00:00:12:022 / gather(02) / ... para top(01)
Mensaje Y / 00:00:12:022 / top(01) / reply2 /      0.00000 para Root(00)
Mensaje D / 00:00:12:022 / top(01) / ... para Root(00)
Mensaje X / 00:00:13:000 / Root(00) / in3 /    333.33334 para top(01)
Mensaje X / 00:00:13:000 / top(01) / in3 /    333.33334 para gather(02)
Mensaje D / 00:00:13:000 / gather(02) / 00:00:00:000 para top(01)
Mensaje D / 00:00:13:000 / top(01) / 00:00:00:000 para Root(00)
Mensaje * / 00:00:13:000 / Root(00) para top(01)
Mensaje * / 00:00:13:000 / top(01) para gather(02)
Mensaje Y / 00:00:13:000 / gather(02) / out /      3.00000 para top(01)
Mensaje Y / 00:00:13:000 / gather(02) / out /    333.33334 para top(01)
Mensaje D / 00:00:13:000 / gather(02) / ... para top(01)
Mensaje X / 00:00:13:000 / top(01) / in /      3.00000 para queue(03)
Mensaje X / 00:00:13:000 / top(01) / in /    333.33334 para queue(03)
Mensaje D / 00:00:13:000 / queue(03) / ... para top(01)
Mensaje D / 00:00:13:000 / queue(03) / 00:00:00:000 para top(01)
Mensaje D / 00:00:13:000 / top(01) / 00:00:00:000 para Root(00)
Mensaje * / 00:00:13:000 / Root(00) para top(01)
Mensaje * / 00:00:13:000 / top(01) para queue(03)
Mensaje Y / 00:00:13:000 / queue(03) / averagesize /      0.00000 para top(01)
Mensaje Y / 00:00:13:000 / queue(03) / averagewait /      0.00000 para top(01)
Mensaje Y / 00:00:13:000 / queue(03) / out /    333.33334 para top(01)
Mensaje D / 00:00:13:000 / queue(03) / ... para top(01)
Mensaje Y / 00:00:13:000 / top(01) / qsize /      0.00000 para Root(00)
Mensaje Y / 00:00:13:000 / top(01) / qwait /      0.00000 para Root(00)
Mensaje X / 00:00:13:000 / top(01) / in /    333.33334 para proc(04)
Mensaje D / 00:00:13:000 / proc(04) / 00:00:00:333 para top(01)
Mensaje D / 00:00:13:000 / top(01) / 00:00:00:333 para Root(00)
Mensaje * / 00:00:13:333 / Root(00) para top(01)
Mensaje * / 00:00:13:333 / top(01) para proc(04)
Mensaje Y / 00:00:13:333 / proc(04) / throughput /      0.00030 para top(01)
Mensaje Y / 00:00:13:333 / proc(04) / utilization /      0.02670 para top(01)
Mensaje Y / 00:00:13:333 / proc(04) / reply /    333.00000 para top(01)
Mensaje Y / 00:00:13:333 / proc(04) / ready /      1.00000 para top(01)
Mensaje D / 00:00:13:333 / proc(04) / ... para top(01)
Mensaje Y / 00:00:13:333 / top(01) / procthru /      0.00030 para Root(00)
Mensaje Y / 00:00:13:333 / top(01) / procutil /      0.02670 para Root(00)
Mensaje X / 00:00:13:333 / top(01) / response /    333.00000 para queue(03)
Mensaje X / 00:00:13:333 / top(01) / ready /      1.00000 para queue(03)
Mensaje D / 00:00:13:333 / queue(03) / 00:00:00:000 para top(01)
Mensaje D / 00:00:13:333 / queue(03) / 00:00:00:000 para top(01)
Mensaje D / 00:00:13:333 / top(01) / 00:00:00:000 para Root(00)
Mensaje * / 00:00:13:333 / Root(00) para top(01)
Mensaje * / 00:00:13:333 / top(01) para queue(03)
Mensaje Y / 00:00:13:333 / queue(03) / reply /      3.00000 para top(01)
Mensaje D / 00:00:13:333 / queue(03) / ... para top(01)
Mensaje X / 00:00:13:333 / top(01) / response /      3.00000 para gather(02)
Mensaje D / 00:00:13:333 / gather(02) / 00:00:00:000 para top(01)
Mensaje D / 00:00:13:333 / top(01) / 00:00:00:000 para Root(00)
Mensaje * / 00:00:13:333 / Root(00) para top(01)
Mensaje * / 00:00:13:333 / top(01) para gather(02)
Mensaje Y / 00:00:13:333 / gather(02) / reply3 /      0.00000 para top(01)
Mensaje D / 00:00:13:333 / gather(02) / ... para top(01)
Mensaje Y / 00:00:13:333 / top(01) / reply3 /      0.00000 para Root(00)
Mensaje D / 00:00:13:333 / top(01) / ... para Root(00)
Mensaje X / 00:00:14:000 / Root(00) / in4 /   4444.44434 para top(01)
Mensaje X / 00:00:14:000 / top(01) / in4 /   4444.44434 para gather(02)
Mensaje D / 00:00:14:000 / gather(02) / 00:00:00:000 para top(01)
Mensaje D / 00:00:14:000 / top(01) / 00:00:00:000 para Root(00)
Mensaje * / 00:00:14:000 / Root(00) para top(01)
Mensaje * / 00:00:14:000 / top(01) para gather(02)
Mensaje Y / 00:00:14:000 / gather(02) / out /      4.00000 para top(01)
Mensaje Y / 00:00:14:000 / gather(02) / out /   4444.44434 para top(01)
Mensaje D / 00:00:14:000 / gather(02) / ... para top(01)
Mensaje X / 00:00:14:000 / top(01) / in /      4.00000 para queue(03)
Mensaje X / 00:00:14:000 / top(01) / in /   4444.44434 para queue(03)
Mensaje D / 00:00:14:000 / queue(03) / ... para top(01)
Mensaje D / 00:00:14:000 / queue(03) / 00:00:00:000 para top(01)
Mensaje D / 00:00:14:000 / top(01) / 00:00:00:000 para Root(00)
Mensaje * / 00:00:14:000 / Root(00) para top(01)
Mensaje * / 00:00:14:000 / top(01) para queue(03)
Mensaje Y / 00:00:14:000 / queue(03) / averagesize /      0.00000 para top(01)
Mensaje Y / 00:00:14:000 / queue(03) / averagewait /      0.00000 para top(01)
Mensaje Y / 00:00:14:000 / queue(03) / out /   4444.44434 para top(01)
Mensaje D / 00:00:14:000 / queue(03) / ... para top(01)
Mensaje Y / 00:00:14:000 / top(01) / qsize /      0.00000 para Root(00)
Mensaje Y / 00:00:14:000 / top(01) / qwait /      0.00000 para Root(00)
Mensaje X / 00:00:14:000 / top(01) / in /   4444.44434 para proc(04)
Mensaje D / 00:00:14:000 / proc(04) / 00:00:04:444 para top(01)
Mensaje D / 00:00:14:000 / top(01) / 00:00:04:444 para Root(00)
Mensaje X / 00:00:15:000 / Root(00) / in5 /  55555.55469 para top(01)
Mensaje X / 00:00:15:000 / top(01) / in5 /  55555.55469 para gather(02)
Mensaje D / 00:00:15:000 / gather(02) / 00:00:00:000 para top(01)
Mensaje D / 00:00:15:000 / top(01) / 00:00:00:000 para Root(00)
Mensaje * / 00:00:15:000 / Root(00) para top(01)
Mensaje * / 00:00:15:000 / top(01) para gather(02)
Mensaje Y / 00:00:15:000 / gather(02) / out /      5.00000 para top(01)
Mensaje Y / 00:00:15:000 / gather(02) / out /  55555.55469 para top(01)
Mensaje D / 00:00:15:000 / gather(02) / ... para top(01)
Mensaje X / 00:00:15:000 / top(01) / in /      5.00000 para queue(03)
Mensaje X / 00:00:15:000 / top(01) / in /  55555.55469 para queue(03)
Mensaje D / 00:00:15:000 / queue(03) / ... para top(01)
Mensaje D / 00:00:15:000 / queue(03) / ... para top(01)
Mensaje D / 00:00:15:000 / top(01) / 00:00:03:444 para Root(00)
Mensaje X / 00:00:16:000 / Root(00) / in6 / 666666.68750 para top(01)
Mensaje X / 00:00:16:000 / top(01) / in6 / 666666.68750 para gather(02)
Mensaje D / 00:00:16:000 / gather(02) / 00:00:00:000 para top(01)
Mensaje D / 00:00:16:000 / top(01) / 00:00:00:000 para Root(00)
Mensaje * / 00:00:16:000 / Root(00) para top(01)
Mensaje * / 00:00:16:000 / top(01) para gather(02)
Mensaje Y / 00:00:16:000 / gather(02) / out /      6.00000 para top(01)
Mensaje Y / 00:00:16:000 / gather(02) / out / 666666.68750 para top(01)
Mensaje D / 00:00:16:000 / gather(02) / ... para top(01)
Mensaje X / 00:00:16:000 / top(01) / in /      6.00000 para queue(03)
Mensaje X / 00:00:16:000 / top(01) / in / 666666.68750 para queue(03)
Mensaje D / 00:00:16:000 / queue(03) / ... para top(01)
Mensaje D / 00:00:16:000 / queue(03) / ... para top(01)
Mensaje D / 00:00:16:000 / top(01) / 00:00:02:444 para Root(00)
Mensaje X / 00:00:17:000 / Root(00) / in7 / 7777778.00000 para top(01)
Mensaje X / 00:00:17:000 / top(01) / in7 / 7777778.00000 para gather(02)
Mensaje D / 00:00:17:000 / gather(02) / 00:00:00:000 para top(01)
Mensaje D / 00:00:17:000 / top(01) / 00:00:00:000 para Root(00)
Mensaje * / 00:00:17:000 / Root(00) para top(01)
Mensaje * / 00:00:17:000 / top(01) para gather(02)
Mensaje Y / 00:00:17:000 / gather(02) / out /      7.00000 para top(01)
Mensaje Y / 00:00:17:000 / gather(02) / out / 7777778.00000 para top(01)
Mensaje D / 00:00:17:000 / gather(02) / ... para top(01)
Mensaje X / 00:00:17:000 / top(01) / in /      7.00000 para queue(03)
Mensaje X / 00:00:17:000 / top(01) / in / 7777778.00000 para queue(03)
Mensaje D / 00:00:17:000 / queue(03) / ... para top(01)
Mensaje D / 00:00:17:000 / queue(03) / ... para top(01)
Mensaje D / 00:00:17:000 / top(01) / 00:00:01:444 para Root(00)
Mensaje X / 00:00:18:000 / Root(00) / in8 / 88888888.00000 para top(01)
Mensaje X / 00:00:18:000 / top(01) / in8 / 88888888.00000 para gather(02)
Mensaje D / 00:00:18:000 / gather(02) / 00:00:00:000 para top(01)
Mensaje D / 00:00:18:000 / top(01) / 00:00:00:000 para Root(00)
Mensaje * / 00:00:18:000 / Root(00) para top(01)
Mensaje * / 00:00:18:000 / top(01) para gather(02)
Mensaje Y / 00:00:18:000 / gather(02) / out /      8.00000 para top(01)
Mensaje Y / 00:00:18:000 / gather(02) / out / 88888888.00000 para top(01)
Mensaje D / 00:00:18:000 / gather(02) / ... para top(01)
Mensaje X / 00:00:18:000 / top(01) / in /      8.00000 para queue(03)
Mensaje X / 00:00:18:000 / top(01) / in / 88888888.00000 para queue(03)
Mensaje D / 00:00:18:000 / queue(03) / ... para top(01)
Mensaje D / 00:00:18:000 / queue(03) / ... para top(01)
Mensaje D / 00:00:18:000 / top(01) / 00:00:00:444 para Root(00)
Mensaje * / 00:00:18:444 / Root(00) para top(01)
Mensaje * / 00:00:18:444 / top(01) para proc(04)
Mensaje Y / 00:00:18:444 / proc(04) / throughput /      0.00027 para top(01)
Mensaje Y / 00:00:18:444 / proc(04) / utilization /      0.26025 para top(01)
Mensaje Y / 00:00:18:444 / proc(04) / reply /   4444.00000 para top(01)
Mensaje Y / 00:00:18:444 / proc(04) / ready /      1.00000 para top(01)
Mensaje D / 00:00:18:444 / proc(04) / ... para top(01)
Mensaje Y / 00:00:18:444 / top(01) / procthru /      0.00027 para Root(00)
Mensaje Y / 00:00:18:444 / top(01) / procutil /      0.26025 para Root(00)
Mensaje X / 00:00:18:444 / top(01) / response /   4444.00000 para queue(03)
Mensaje X / 00:00:18:444 / top(01) / ready /      1.00000 para queue(03)
Mensaje D / 00:00:18:444 / queue(03) / 00:00:00:000 para top(01)
Mensaje D / 00:00:18:444 / queue(03) / 00:00:00:000 para top(01)
Mensaje D / 00:00:18:444 / top(01) / 00:00:00:000 para Root(00)
Mensaje * / 00:00:18:444 / Root(00) para top(01)
Mensaje * / 00:00:18:444 / top(01) para queue(03)
Mensaje Y / 00:00:18:444 / queue(03) / reply /      4.00000 para top(01)
Mensaje Y / 00:00:18:444 / queue(03) / averagesize /      0.42160 para top(01)
Mensaje Y / 00:00:18:444 / queue(03) / averagewait /    574.00000 para top(01)
Mensaje Y / 00:00:18:444 / queue(03) / out /  55555.55469 para top(01)
Mensaje D / 00:00:18:444 / queue(03) / ... para top(01)
Mensaje X / 00:00:18:444 / top(01) / response /      4.00000 para gather(02)
Mensaje Y / 00:00:18:444 / top(01) / qsize /      0.42160 para Root(00)
Mensaje Y / 00:00:18:444 / top(01) / qwait /    574.00000 para Root(00)
Mensaje X / 00:00:18:444 / top(01) / in /  55555.55469 para proc(04)
Mensaje D / 00:00:18:444 / gather(02) / 00:00:00:000 para top(01)
Mensaje D / 00:00:18:444 / proc(04) / 00:00:55:556 para top(01)
Mensaje D / 00:00:18:444 / top(01) / 00:00:00:000 para Root(00)
Mensaje * / 00:00:18:444 / Root(00) para top(01)
Mensaje * / 00:00:18:444 / top(01) para gather(02)
Mensaje Y / 00:00:18:444 / gather(02) / reply4 /      0.00000 para top(01)
Mensaje D / 00:00:18:444 / gather(02) / ... para top(01)
Mensaje Y / 00:00:18:444 / top(01) / reply4 /      0.00000 para Root(00)
Mensaje D / 00:00:18:444 / top(01) / 00:00:55:556 para Root(00)
Mensaje X / 00:00:19:000 / Root(00) / in9 / 1000000000.00000 para top(01)
Mensaje X / 00:00:19:000 / top(01) / in9 / 1000000000.00000 para gather(02)
Mensaje D / 00:00:19:000 / gather(02) / 00:00:00:000 para top(01)
Mensaje D / 00:00:19:000 / top(01) / 00:00:00:000 para Root(00)
Mensaje * / 00:00:19:000 / Root(00) para top(01)
Mensaje * / 00:00:19:000 / top(01) para gather(02)
Mensaje Y / 00:00:19:000 / gather(02) / out /      9.00000 para top(01)
Mensaje Y / 00:00:19:000 / gather(02) / out / 1000000000.00000 para top(01)
Mensaje D / 00:00:19:000 / gather(02) / ... para top(01)
Mensaje X / 00:00:19:000 / top(01) / in /      9.00000 para queue(03)
Mensaje X / 00:00:19:000 / top(01) / in / 1000000000.00000 para queue(03)
Mensaje D / 00:00:19:000 / queue(03) / ... para top(01)
Mensaje D / 00:00:19:000 / queue(03) / ... para top(01)
Mensaje D / 00:00:19:000 / top(01) / 00:00:55:000 para Root(00)
Mensaje X / 00:00:20:000 / Root(00) / in0 /      0.00000 para top(01)
Mensaje X / 00:00:20:000 / top(01) / in0 /      0.00000 para gather(02)
Mensaje D / 00:00:20:000 / gather(02) / 00:00:00:000 para top(01)
Mensaje D / 00:00:20:000 / top(01) / 00:00:00:000 para Root(00)
Mensaje * / 00:00:20:000 / Root(00) para top(01)
Mensaje * / 00:00:20:000 / top(01) para gather(02)
Mensaje Y / 00:00:20:000 / gather(02) / out /      0.00000 para top(01)
Mensaje Y / 00:00:20:000 / gather(02) / out /      0.00000 para top(01)
Mensaje D / 00:00:20:000 / gather(02) / ... para top(01)
Mensaje X / 00:00:20:000 / top(01) / in /      0.00000 para queue(03)
Mensaje X / 00:00:20:000 / top(01) / in /      0.00000 para queue(03)
Mensaje D / 00:00:20:000 / queue(03) / ... para top(01)
Mensaje D / 00:00:20:000 / queue(03) / ... para top(01)
Mensaje D / 00:00:20:000 / top(01) / 00:00:54:000 para Root(00)
Mensaje X / 00:00:21:000 / Root(00) / in1 /      0.00000 para top(01)
Mensaje X / 00:00:21:000 / top(01) / in1 /      0.00000 para gather(02)
Mensaje D / 00:00:21:000 / gather(02) / 00:00:00:000 para top(01)
Mensaje D / 00:00:21:000 / top(01) / 00:00:00:000 para Root(00)
Mensaje * / 00:00:21:000 / Root(00) para top(01)
Mensaje * / 00:00:21:000 / top(01) para gather(02)
Mensaje Y / 00:00:21:000 / gather(02) / out /      1.00000 para top(01)
Mensaje Y / 00:00:21:000 / gather(02) / out /      0.00000 para top(01)
Mensaje D / 00:00:21:000 / gather(02) / ... para top(01)
Mensaje X / 00:00:21:000 / top(01) / in /      1.00000 para queue(03)
Mensaje X / 00:00:21:000 / top(01) / in /      0.00000 para queue(03)
Mensaje D / 00:00:21:000 / queue(03) / ... para top(01)
Mensaje D / 00:00:21:000 / queue(03) / ... para top(01)
Mensaje D / 00:00:21:000 / top(01) / 00:00:53:000 para Root(00)
Mensaje X / 00:00:22:000 / Root(00) / in2 /      0.00000 para top(01)
Mensaje X / 00:00:22:000 / top(01) / in2 /      0.00000 para gather(02)
Mensaje D / 00:00:22:000 / gather(02) / 00:00:00:000 para top(01)
Mensaje D / 00:00:22:000 / top(01) / 00:00:00:000 para Root(00)
Mensaje * / 00:00:22:000 / Root(00) para top(01)
Mensaje * / 00:00:22:000 / top(01) para gather(02)
Mensaje Y / 00:00:22:000 / gather(02) / out /      2.00000 para top(01)
Mensaje Y / 00:00:22:000 / gather(02) / out /      0.00000 para top(01)
Mensaje D / 00:00:22:000 / gather(02) / ... para top(01)
Mensaje X / 00:00:22:000 / top(01) / in /      2.00000 para queue(03)
Mensaje X / 00:00:22:000 / top(01) / in /      0.00000 para queue(03)
Mensaje D / 00:00:22:000 / queue(03) / ... para top(01)
Mensaje D / 00:00:22:000 / queue(03) / ... para top(01)
Mensaje D / 00:00:22:000 / top(01) / 00:00:52:000 para Root(00)
Mensaje X / 00:00:23:000 / Root(00) / in3 /      0.00001 para top(01)
Mensaje X / 00:00:23:000 / top(01) / in3 /      0.00001 para gather(02)
Mensaje D / 00:00:23:000 / gather(02) / 00:00:00:000 para top(01)
Mensaje D / 00:00:23:000 / top(01) / 00:00:00:000 para Root(00)
Mensaje * / 00:00:23:000 / Root(00) para top(01)
Mensaje * / 00:00:23:000 / top(01) para gather(02)
Mensaje Y / 00:00:23:000 / gather(02) / out /      3.00000 para top(01)
Mensaje Y / 00:00:23:000 / gather(02) / out /      0.00001 para top(01)
Mensaje D / 00:00:23:000 / gather(02) / ... para top(01)
Mensaje X / 00:00:23:000 / top(01) / in /      3.00000 para queue(03)
Mensaje X / 00:00:23:000 / top(01) / in /      0.00001 para queue(03)
Mensaje D / 00:00:23:000 / queue(03) / ... para top(01)
Mensaje D / 00:00:23:000 / queue(03) / ... para top(01)
Mensaje D / 00:00:23:000 / top(01) / 00:00:51:000 para Root(00)
Mensaje X / 00:00:24:000 / Root(00) / in4 /      0.00010 para top(01)
Mensaje X / 00:00:24:000 / top(01) / in4 /      0.00010 para gather(02)
Mensaje D / 00:00:24:000 / gather(02) / 00:00:00:000 para top(01)
Mensaje D / 00:00:24:000 / top(01) / 00:00:00:000 para Root(00)
Mensaje * / 00:00:24:000 / Root(00) para top(01)
Mensaje * / 00:00:24:000 / top(01) para gather(02)
Mensaje Y / 00:00:24:000 / gather(02) / out /      4.00000 para top(01)
Mensaje Y / 00:00:24:000 / gather(02) / out /      0.00010 para top(01)
Mensaje D / 00:00:24:000 / gather(02) / ... para top(01)
Mensaje X / 00:00:24:000 / top(01) / in /      4.00000 para queue(03)
Mensaje X / 00:00:24:000 / top(01) / in /      0.00010 para queue(03)
Mensaje D / 00:00:24:000 / queue(03) / ... para top(01)
Mensaje D / 00:00:24:000 / queue(03) / ... para top(01)
Mensaje D / 00:00:24:000 / top(01) / 00:00:50:000 para Root(00)
Mensaje X / 00:00:25:000 / Root(00) / in5 /      0.00100 para top(01)
Mensaje X / 00:00:25:000 / top(01) / in5 /      0.00100 para gather(02)
Mensaje D / 00:00:25:000 / gather(02) / 00:00:00:000 para top(01)
Mensaje D / 00:00:25:000 / top(01) / 00:00:00:000 para Root(00)
Mensaje * / 00:00:25:000 / Root(00) para top(01)
Mensaje * / 00:00:25:000 / top(01) para gather(02)
Mensaje Y / 00:00:25:000 / gather(02) / out /      5.00000 para top(01)
Mensaje Y / 00:00:25:000 / gather(02) / out /      0.00100 para top(01)
Mensaje D / 00:00:25:000 / gather(02) / ... para top(01)
Mensaje X / 00:00:25:000 / top(01) / in /      5.00000 para queue(03)
Mensaje X / 00:00:25:000 / top(01) / in /      0.00100 para queue(03)
Mensaje D / 00:00:25:000 / queue(03) / ... para top(01)
Mensaje D / 00:00:25:000 / queue(03) / ... para top(01)
Mensaje D / 00:00:25:000 / top(01) / 00:00:49:000 para Root(00)
Mensaje X / 00:00:26:000 / Root(00) / in6 /      0.01000 para top(01)
Mensaje X / 00:00:26:000 / top(01) / in6 /      0.01000 para gather(02)
Mensaje D / 00:00:26:000 / gather(02) / 00:00:00:000 para top(01)
Mensaje D / 00:00:26:000 / top(01) / 00:00:00:000 para Root(00)
Mensaje * / 00:00:26:000 / Root(00) para top(01)
Mensaje * / 00:00:26:000 / top(01) para gather(02)
Mensaje Y / 00:00:26:000 / gather(02) / out /      6.00000 para top(01)
Mensaje Y / 00:00:26:000 / gather(02) / out /      0.01000 para top(01)
Mensaje D / 00:00:26:000 / gather(02) / ... para top(01)
Mensaje X / 00:00:26:000 / top(01) / in /      6.00000 para queue(03)
Mensaje X / 00:00:26:000 / top(01) / in /      0.01000 para queue(03)
Mensaje D / 00:00:26:000 / queue(03) / ... para top(01)
Mensaje D / 00:00:26:000 / queue(03) / ... para top(01)
Mensaje D / 00:00:26:000 / top(01) / 00:00:48:000 para Root(00)
Mensaje X / 00:00:27:000 / Root(00) / in7 /      0.10000 para top(01)
Mensaje X / 00:00:27:000 / top(01) / in7 /      0.10000 para gather(02)
Mensaje D / 00:00:27:000 / gather(02) / 00:00:00:000 para top(01)
Mensaje D / 00:00:27:000 / top(01) / 00:00:00:000 para Root(00)
Mensaje * / 00:00:27:000 / Root(00) para top(01)
Mensaje * / 00:00:27:000 / top(01) para gather(02)
Mensaje Y / 00:00:27:000 / gather(02) / out /      7.00000 para top(01)
Mensaje Y / 00:00:27:000 / gather(02) / out /      0.10000 para top(01)
Mensaje D / 00:00:27:000 / gather(02) / ... para top(01)
Mensaje X / 00:00:27:000 / top(01) / in /      7.00000 para queue(03)
Mensaje X / 00:00:27:000 / top(01) / in /      0.10000 para queue(03)
Mensaje D / 00:00:27:000 / queue(03) / ... para top(01)
Mensaje D / 00:00:27:000 / queue(03) / ... para top(01)
Mensaje D / 00:00:27:000 / top(01) / 00:00:47:000 para Root(00)
Mensaje * / 00:01:14:000 / Root(00) para top(01)
Mensaje * / 00:01:14:000 / top(01) para proc(04)
Mensaje Y / 00:01:14:000 / proc(04) / throughput /      0.00008 para top(01)
Mensaje Y / 00:01:14:000 / proc(04) / utilization /      0.81562 para top(01)
Mensaje Y / 00:01:14:000 / proc(04) / reply /  55556.00000 para top(01)
Mensaje Y / 00:01:14:000 / proc(04) / ready /      1.00000 para top(01)
Mensaje D / 00:01:14:000 / proc(04) / ... para top(01)
Mensaje Y / 00:01:14:000 / top(01) / procthru /      0.00008 para Root(00)
Mensaje Y / 00:01:14:000 / top(01) / procutil /      0.81562 para Root(00)
Mensaje X / 00:01:14:000 / top(01) / response /  55556.00000 para queue(03)
Mensaje X / 00:01:14:000 / top(01) / ready /      1.00000 para queue(03)
Mensaje D / 00:01:14:000 / queue(03) / 00:00:00:000 para top(01)
Mensaje D / 00:01:14:000 / queue(03) / 00:00:00:000 para top(01)
Mensaje D / 00:01:14:000 / top(01) / 00:00:00:000 para Root(00)
Mensaje * / 00:01:14:000 / Root(00) para top(01)
Mensaje * / 00:01:14:000 / top(01) para queue(03)
Mensaje Y / 00:01:14:000 / queue(03) / reply /      5.00000 para top(01)
Mensaje Y / 00:01:14:000 / queue(03) / averagesize /      8.56005 para top(01)
Mensaje Y / 00:01:14:000 / queue(03) / averagewait /   8777.71429 para top(01)
Mensaje Y / 00:01:14:000 / queue(03) / out / 666666.68750 para top(01)
Mensaje D / 00:01:14:000 / queue(03) / ... para top(01)
Mensaje X / 00:01:14:000 / top(01) / response /      5.00000 para gather(02)
Mensaje Y / 00:01:14:000 / top(01) / qsize /      8.56005 para Root(00)
Mensaje Y / 00:01:14:000 / top(01) / qwait /   8777.71429 para Root(00)
Mensaje X / 00:01:14:000 / top(01) / in / 666666.68750 para proc(04)
Mensaje D / 00:01:14:000 / gather(02) / 00:00:00:000 para top(01)
Mensaje D / 00:01:14:000 / proc(04) / 00:11:06:667 para top(01)
Mensaje D / 00:01:14:000 / top(01) / 00:00:00:000 para Root(00)
Mensaje * / 00:01:14:000 / Root(00) para top(01)
Mensaje * / 00:01:14:000 / top(01) para gather(02)
Mensaje Y / 00:01:14:000 / gather(02) / reply5 /      0.00000 para top(01)
Mensaje D / 00:01:14:000 / gather(02) / ... para top(01)
Mensaje Y / 00:01:14:000 / top(01) / reply5 /      0.00000 para Root(00)
Mensaje D / 00:01:14:000 / top(01) / 00:11:06:667 para Root(00)
Mensaje * / 00:12:20:667 / Root(00) para top(01)
Mensaje * / 00:12:20:667 / top(01) para proc(04)
Mensaje Y / 00:12:20:667 / proc(04) / throughput /      0.00001 para top(01)
Mensaje Y / 00:12:20:667 / proc(04) / utilization /      0.98158 para top(01)
Mensaje Y / 00:12:20:667 / proc(04) / reply / 666667.00000 para top(01)
Mensaje Y / 00:12:20:667 / proc(04) / ready /      1.00000 para top(01)
Mensaje D / 00:12:20:667 / proc(04) / ... para top(01)
Mensaje Y / 00:12:20:667 / top(01) / procthru /      0.00001 para Root(00)
Mensaje Y / 00:12:20:667 / top(01) / procutil /      0.98158 para Root(00)
Mensaje X / 00:12:20:667 / top(01) / response / 666667.00000 para queue(03)
Mensaje X / 00:12:20:667 / top(01) / ready /      1.00000 para queue(03)
Mensaje D / 00:12:20:667 / queue(03) / 00:00:00:000 para top(01)
Mensaje D / 00:12:20:667 / queue(03) / 00:00:00:000 para top(01)
Mensaje D / 00:12:20:667 / top(01) / 00:00:00:000 para Root(00)
Mensaje * / 00:12:20:667 / Root(00) para top(01)
Mensaje * / 00:12:20:667 / top(01) para queue(03)
Mensaje Y / 00:12:20:667 / queue(03) / reply /      6.00000 para top(01)
Mensaje Y / 00:12:20:667 / queue(03) / averagesize /     10.75623 para top(01)
Mensaje Y / 00:12:20:667 / queue(03) / averagewait /  98138.87500 para top(01)
Mensaje Y / 00:12:20:667 / queue(03) / out / 7777778.00000 para top(01)
Mensaje D / 00:12:20:667 / queue(03) / ... para top(01)
Mensaje X / 00:12:20:667 / top(01) / response /      6.00000 para gather(02)
Mensaje Y / 00:12:20:667 / top(01) / qsize /     10.75623 para Root(00)
Mensaje Y / 00:12:20:667 / top(01) / qwait /  98138.87500 para Root(00)
Mensaje X / 00:12:20:667 / top(01) / in / 7777778.00000 para proc(04)
Mensaje D / 00:12:20:667 / gather(02) / 00:00:00:000 para top(01)
Mensaje D / 00:12:20:667 / proc(04) / 02:09:37:778 para top(01)
Mensaje D / 00:12:20:667 / top(01) / 00:00:00:000 para Root(00)
Mensaje * / 00:12:20:667 / Root(00) para top(01)
Mensaje * / 00:12:20:667 / top(01) para gather(02)
Mensaje Y / 00:12:20:667 / gather(02) / reply6 /      0.00000 para top(01)
Mensaje D / 00:12:20:667 / gather(02) / ... para top(01)
Mensaje Y / 00:12:20:667 / top(01) / reply6 /      0.00000 para Root(00)
Mensaje D / 00:12:20:667 / top(01) / 02:09:37:778 para Root(00)
Mensaje * / 02:21:58:445 / Root(00) para top(01)
Mensaje * / 02:21:58:445 / top(01) para proc(04)
Mensaje Y / 02:21:58:445 / proc(04) / throughput /      0.00000 para top(01)
Mensaje Y / 02:21:58:445 / proc(04) / utilization /      0.99840 para top(01)
Mensaje Y / 02:21:58:445 / proc(04) / reply / 7777778.00000 para top(01)
Mensaje Y / 02:21:58:445 / proc(04) / ready /      1.00000 para top(01)
Mensaje D / 02:21:58:445 / proc(04) / ... para top(01)
Mensaje Y / 02:21:58:445 / top(01) / procthru /      0.00000 para Root(00)
Mensaje Y / 02:21:58:445 / top(01) / procutil /      0.99840 para Root(00)
Mensaje X / 02:21:58:445 / top(01) / response / 7777778.00000 para queue(03)
Mensaje X / 02:21:58:445 / top(01) / ready /      1.00000 para queue(03)
Mensaje D / 02:21:58:445 / queue(03) / 00:00:00:000 para top(01)
Mensaje D / 02:21:58:445 / queue(03) / 00:00:00:000 para top(01)
Mensaje D / 02:21:58:445 / top(01) / 00:00:00:000 para Root(00)
Mensaje * / 02:21:58:445 / Root(00) para top(01)
Mensaje * / 02:21:58:445 / top(01) para queue(03)
Mensaje Y / 02:21:58:445 / queue(03) / reply /      7.00000 para top(01)
Mensaje Y / 02:21:58:445 / queue(03) / averagesize /     10.06575 para top(01)
Mensaje Y / 02:21:58:445 / queue(03) / averagewait / 1031728.44444 para top(01)
Mensaje Y / 02:21:58:445 / queue(03) / out / 88888888.00000 para top(01)
Mensaje D / 02:21:58:445 / queue(03) / ... para top(01)
Mensaje X / 02:21:58:445 / top(01) / response /      7.00000 para gather(02)
Mensaje Y / 02:21:58:445 / top(01) / qsize /     10.06575 para Root(00)
Mensaje Y / 02:21:58:445 / top(01) / qwait / 1031728.44444 para Root(00)
Mensaje X / 02:21:58:445 / top(01) / in / 88888888.00000 para proc(04)
Mensaje D / 02:21:58:445 / gather(02) / 00:00:00:000 para top(01)
Mensaje D / 02:21:58:445 / proc(04) / 24:41:28:888 para top(01)
Mensaje D / 02:21:58:445 / top(01) / 00:00:00:000 para Root(00)
Mensaje * / 02:21:58:445 / Root(00) para top(01)
Mensaje * / 02:21:58:445 / top(01) para gather(02)
Mensaje Y / 02:21:58:445 / gather(02) / reply7 /      0.00000 para top(01)
Mensaje D / 02:21:58:445 / gather(02) / ... para top(01)
Mensaje Y / 02:21:58:445 / top(01) / reply7 /      0.00000 para Root(00)
Mensaje D / 02:21:58:445 / top(01) / 24:41:28:888 para Root(00)
Mensaje * / 27:03:27:333 / Root(00) para top(01)
Mensaje * / 27:03:27:333 / top(01) para proc(04)
Mensaje Y / 27:03:27:333 / proc(04) / throughput /      0.00000 para top(01)
Mensaje Y / 27:03:27:333 / proc(04) / utilization /      0.99986 para top(01)
Mensaje Y / 27:03:27:333 / proc(04) / reply / 88888888.00000 para top(01)
Mensaje Y / 27:03:27:333 / proc(04) / ready /      1.00000 para top(01)
Mensaje D / 27:03:27:333 / proc(04) / ... para top(01)
Mensaje Y / 27:03:27:333 / top(01) / procthru /      0.00000 para Root(00)
Mensaje Y / 27:03:27:333 / top(01) / procutil /      0.99986 para Root(00)
Mensaje X / 27:03:27:333 / top(01) / response / 88888888.00000 para queue(03)
Mensaje X / 27:03:27:333 / top(01) / ready /      1.00000 para queue(03)
Mensaje D / 27:03:27:333 / queue(03) / 00:00:00:000 para top(01)
Mensaje D / 27:03:27:333 / queue(03) / 00:00:00:000 para top(01)
Mensaje D / 27:03:27:333 / top(01) / 00:00:00:000 para Root(00)
Mensaje * / 27:03:27:333 / Root(00) para top(01)
Mensaje * / 27:03:27:333 / top(01) para queue(03)
Mensaje Y / 27:03:27:333 / queue(03) / reply /      8.00000 para top(01)
Mensaje Y / 27:03:27:333 / queue(03) / averagesize /      9.09320 para top(01)
Mensaje Y / 27:03:27:333 / queue(03) / averagewait / 10667389.20000 para top(01)
Mensaje Y / 27:03:27:333 / queue(03) / out / 1000000000.00000 para top(01)
Mensaje D / 27:03:27:333 / queue(03) / ... para top(01)
Mensaje X / 27:03:27:333 / top(01) / response /      8.00000 para gather(02)
Mensaje Y / 27:03:27:333 / top(01) / qsize /      9.09320 para Root(00)
Mensaje Y / 27:03:27:333 / top(01) / qwait / 10667389.20000 para Root(00)
Mensaje X / 27:03:27:333 / top(01) / in / 1000000000.00000 para proc(04)
Mensaje D / 27:03:27:333 / gather(02) / 00:00:00:000 para top(01)
Mensaje D / 27:03:27:333 / proc(04) / 277:46:40:000 para top(01)
Mensaje D / 27:03:27:333 / top(01) / 00:00:00:000 para Root(00)
Mensaje * / 27:03:27:333 / Root(00) para top(01)
Mensaje * / 27:03:27:333 / top(01) para gather(02)
Mensaje Y / 27:03:27:333 / gather(02) / reply8 /      0.00000 para top(01)
Mensaje D / 27:03:27:333 / gather(02) / ... para top(01)
Mensaje Y / 27:03:27:333 / top(01) / reply8 /      0.00000 para Root(00)
Mensaje D / 27:03:27:333 / top(01) / 277:46:40:000 para Root(00)
Mensaje * / 304:50:07:333 / Root(00) para top(01)
Mensaje * / 304:50:07:333 / top(01) para proc(04)
Mensaje Y / 304:50:07:333 / proc(04) / throughput /      0.00000 para top(01)
Mensaje Y / 304:50:07:333 / proc(04) / utilization /      0.99999 para top(01)
Mensaje Y / 304:50:07:333 / proc(04) / reply / 1000000000.00000 para top(01)
Mensaje Y / 304:50:07:333 / proc(04) / ready /      1.00000 para top(01)
Mensaje D / 304:50:07:333 / proc(04) / ... para top(01)
Mensaje Y / 304:50:07:333 / top(01) / procthru /      0.00000 para Root(00)
Mensaje Y / 304:50:07:333 / top(01) / procutil /      0.99999 para Root(00)
Mensaje X / 304:50:07:333 / top(01) / response / 1000000000.00000 para queue(03)
Mensaje X / 304:50:07:333 / top(01) / ready /      1.00000 para queue(03)
Mensaje D / 304:50:07:333 / queue(03) / 00:00:00:000 para top(01)
Mensaje D / 304:50:07:333 / queue(03) / 00:00:00:000 para top(01)
Mensaje D / 304:50:07:333 / top(01) / 00:00:00:000 para Root(00)
Mensaje * / 304:50:07:333 / Root(00) para top(01)
Mensaje * / 304:50:07:333 / top(01) para queue(03)
Mensaje Y / 304:50:07:333 / queue(03) / reply /      9.00000 para top(01)
Mensaje Y / 304:50:07:333 / queue(03) / averagesize /      8.09703 para top(01)
Mensaje Y / 304:50:07:333 / queue(03) / averagewait / 109460116.72727 para top(01)
Mensaje Y / 304:50:07:333 / queue(03) / out /      0.00000 para top(01)
Mensaje D / 304:50:07:333 / queue(03) / ... para top(01)
Mensaje X / 304:50:07:333 / top(01) / response /      9.00000 para gather(02)
Mensaje Y / 304:50:07:333 / top(01) / qsize /      8.09703 para Root(00)
Mensaje Y / 304:50:07:333 / top(01) / qwait / 109460116.72727 para Root(00)
Mensaje X / 304:50:07:333 / top(01) / in /      0.00000 para proc(04)
Mensaje D / 304:50:07:333 / gather(02) / 00:00:00:000 para top(01)
Mensaje D / 304:50:07:333 / proc(04) / 00:00:00:000 para top(01)
Mensaje D / 304:50:07:333 / top(01) / 00:00:00:000 para Root(00)
Mensaje * / 304:50:07:333 / Root(00) para top(01)
Mensaje * / 304:50:07:333 / top(01) para gather(02)
Mensaje Y / 304:50:07:333 / gather(02) / reply9 /      0.00000 para top(01)
Mensaje D / 304:50:07:333 / gather(02) / ... para top(01)
Mensaje Y / 304:50:07:333 / top(01) / reply9 /      0.00000 para Root(00)
Mensaje D / 304:50:07:333 / top(01) / 00:00:00:000 para Root(00)
Mensaje * / 304:50:07:333 / Root(00) para top(01)
Mensaje * / 304:50:07:333 / top(01) para proc(04)
Mensaje Y / 304:50:07:333 / proc(04) / throughput /      0.00000 para top(01)
Mensaje Y / 304:50:07:333 / proc(04) / utilization /      0.99999 para top(01)
Mensaje Y / 304:50:07:333 / proc(04) / reply /      0.00000 para top(01)
Mensaje Y / 304:50:07:333 / proc(04) / ready /      1.00000 para top(01)
Mensaje D / 304:50:07:333 / proc(04) / ... para top(01)
Mensaje Y / 304:50:07:333 / top(01) / procthru /      0.00000 para Root(00)
Mensaje Y / 304:50:07:333 / top(01) / procutil /      0.99999 para Root(00)
Mensaje X / 304:50:07:333 / top(01) / response /      0.00000 para queue(03)
Mensaje X / 304:50:07:333 / top(01) / ready /      1.00000 para queue(03)
Mensaje D / 304:50:07:333 / queue(03) / 00:00:00:000 para top(01)
Mensaje D / 304:50:07:333 / queue(03) / 00:00:00:000 para top(01)
Mensaje D / 304:50:07:333 / top(01) / 00:00:00:000 para Root(00)
Mensaje * / 304:50:07:333 / Root(00) para top(01)
Mensaje * / 304:50:07:333 / top(01) para queue(03)
Mensaje Y / 304:50:07:333 / queue(03) / reply /      0.00000 para top(01)
Mensaje Y / 304:50:07:333 / queue(03) / averagesize /      8.09703 para top(01)
Mensaje Y / 304:50:07:333 / queue(03) / averagewait / 191787304.33333 para top(01)
Mensaje Y / 304:50:07:333 / queue(03) / out /      0.00000 para top(01)
Mensaje D / 304:50:07:333 / queue(03) / ... para top(01)
Mensaje X / 304:50:07:333 / top(01) / response /      0.00000 para gather(02)
Mensaje Y / 304:50:07:333 / top(01) / qsize /      8.09703 para Root(00)
Mensaje Y / 304:50:07:333 / top(01) / qwait / 191787304.33333 para Root(00)
Mensaje X / 304:50:07:333 / top(01) / in /      0.00000 para proc(04)
Mensaje D / 304:50:07:333 / gather(02) / 00:00:00:000 para top(01)
Mensaje D / 304:50:07:333 / proc(04) / 00:00:00:000 para top(01)
Mensaje D / 304:50:07:333 / top(01) / 00:00:00:000 para Root(00)
Mensaje * / 304:50:07:333 / Root(00) para top(01)
Mensaje * / 304:50:07:333 / top(01) para gather(02)
Mensaje Y / 304:50:07:333 / gather(02) / reply0 /      0.00000 para top(01)
Mensaje D / 304:50:07:333 / gather(02) / ... para top(01)
Mensaje Y / 304:50:07:333 / top(01) / reply0 /      0.00000 para Root(00)
Mensaje D / 304:50:07:333 / top(01) / 00:00:00:000 para Root(00)
Mensaje * / 304:50:07:333 / Root(00) para top(01)
Mensaje * / 304:50:07:333 / top(01) para proc(04)
Mensaje Y / 304:50:07:333 / proc(04) / throughput /      0.00000 para top(01)
Mensaje Y / 304:50:07:333 / proc(04) / utilization /      0.99999 para top(01)
Mensaje Y / 304:50:07:333 / proc(04) / reply /      0.00000 para top(01)
Mensaje Y / 304:50:07:333 / proc(04) / ready /      1.00000 para top(01)
Mensaje D / 304:50:07:333 / proc(04) / ... para top(01)
Mensaje Y / 304:50:07:333 / top(01) / procthru /      0.00000 para Root(00)
Mensaje Y / 304:50:07:333 / top(01) / procutil /      0.99999 para Root(00)
Mensaje X / 304:50:07:333 / top(01) / response /      0.00000 para queue(03)
Mensaje X / 304:50:07:333 / top(01) / ready /      1.00000 para queue(03)
Mensaje D / 304:50:07:333 / queue(03) / 00:00:00:000 para top(01)
Mensaje D / 304:50:07:333 / queue(03) / 00:00:00:000 para top(01)
Mensaje D / 304:50:07:333 / top(01) / 00:00:00:000 para Root(00)
Mensaje * / 304:50:07:333 / Root(00) para top(01)
Mensaje * / 304:50:07:333 / top(01) para queue(03)
Mensaje Y / 304:50:07:333 / queue(03) / reply /      1.00000 para top(01)
Mensaje Y / 304:50:07:333 / queue(03) / averagesize /      8.09703 para top(01)
Mensaje Y / 304:50:07:333 / queue(03) / averagewait / 261448692.00000 para top(01)
Mensaje Y / 304:50:07:333 / queue(03) / out /      0.00000 para top(01)
Mensaje D / 304:50:07:333 / queue(03) / ... para top(01)
Mensaje X / 304:50:07:333 / top(01) / response /      1.00000 para gather(02)
Mensaje Y / 304:50:07:333 / top(01) / qsize /      8.09703 para Root(00)
Mensaje Y / 304:50:07:333 / top(01) / qwait / 261448692.00000 para Root(00)
Mensaje X / 304:50:07:333 / top(01) / in /      0.00000 para proc(04)
Mensaje D / 304:50:07:333 / gather(02) / 00:00:00:000 para top(01)
Mensaje D / 304:50:07:333 / proc(04) / 00:00:00:000 para top(01)
Mensaje D / 304:50:07:333 / top(01) / 00:00:00:000 para Root(00)
Mensaje * / 304:50:07:333 / Root(00) para top(01)
Mensaje * / 304:50:07:333 / top(01) para gather(02)
Mensaje Y / 304:50:07:333 / gather(02) / reply1 /      0.00000 para top(01)
Mensaje D / 304:50:07:333 / gather(02) / ... para top(01)
Mensaje Y / 304:50:07:333 / top(01) / reply1 /      0.00000 para Root(00)
Mensaje D / 304:50:07:333 / top(01) / 00:00:00:000 para Root(00)
Mensaje * / 304:50:07:333 / Root(00) para top(01)
Mensaje * / 304:50:07:333 / top(01) para proc(04)
Mensaje Y / 304:50:07:333 / proc(04) / throughput /      0.00000 para top(01)
Mensaje Y / 304:50:07:333 / proc(04) / utilization /      0.99999 para top(01)
Mensaje Y / 304:50:07:333 / proc(04) / reply /      0.00000 para top(01)
Mensaje Y / 304:50:07:333 / proc(04) / ready /      1.00000 para top(01)
Mensaje D / 304:50:07:333 / proc(04) / ... para top(01)
Mensaje Y / 304:50:07:333 / top(01) / procthru /      0.00000 para Root(00)
Mensaje Y / 304:50:07:333 / top(01) / procutil /      0.99999 para Root(00)
Mensaje X / 304:50:07:333 / top(01) / response /      0.00000 para queue(03)
Mensaje X / 304:50:07:333 / top(01) / ready /      1.00000 para queue(03)
Mensaje D / 304:50:07:333 / queue(03) / 00:00:00:000 para top(01)
Mensaje D / 304:50:07:333 / queue(03) / 00:00:00:000 para top(01)
Mensaje D / 304:50:07:333 / top(01) / 00:00:00:000 para Root(00)
Mensaje * / 304:50:07:333 / Root(00) para top(01)
Mensaje * / 304:50:07:333 / top(01) para queue(03)
Mensaje Y / 304:50:07:333 / queue(03) / reply /      2.00000 para top(01)
Mensaje Y / 304:50:07:333 / queue(03) / averagesize /      8.09703 para top(01)
Mensaje Y / 304:50:07:333 / queue(03) / averagewait / 321158379.71429 para top(01)
Mensaje Y / 304:50:07:333 / queue(03) / out /      0.00001 para top(01)
Mensaje D / 304:50:07:333 / queue(03) / ... para top(01)
Mensaje X / 304:50:07:333 / top(01) / response /      2.00000 para gather(02)
Mensaje Y / 304:50:07:333 / top(01) / qsize /      8.09703 para Root(00)
Mensaje Y / 304:50:07:333 / top(01) / qwait / 321158379.71429 para Root(00)
Mensaje X / 304:50:07:333 / top(01) / in /      0.00001 para proc(04)
Mensaje D / 304:50:07:333 / gather(02) / 00:00:00:000 para top(01)
Mensaje D / 304:50:07:333 / proc(04) / 00:00:00:000 para top(01)
Mensaje D / 304:50:07:333 / top(01) / 00:00:00:000 para Root(00)
Mensaje * / 304:50:07:333 / Root(00) para top(01)
Mensaje * / 304:50:07:333 / top(01) para gather(02)
Mensaje Y / 304:50:07:333 / gather(02) / reply2 /      0.00000 para top(01)
Mensaje D / 304:50:07:333 / gather(02) / ... para top(01)
Mensaje Y / 304:50:07:333 / top(01) / reply2 /      0.00000 para Root(00)
Mensaje D / 304:50:07:333 / top(01) / 00:00:00:000 para Root(00)
Mensaje * / 304:50:07:333 / Root(00) para top(01)
Mensaje * / 304:50:07:333 / top(01) para proc(04)
Mensaje Y / 304:50:07:333 / proc(04) / throughput /      0.00000 para top(01)
Mensaje Y / 304:50:07:333 / proc(04) / utilization /      0.99999 para top(01)
Mensaje Y / 304:50:07:333 / proc(04) / reply /      0.00000 para top(01)
Mensaje Y / 304:50:07:333 / proc(04) / ready /      1.00000 para top(01)
Mensaje D / 304:50:07:333 / proc(04) / ... para top(01)
Mensaje Y / 304:50:07:333 / top(01) / procthru /      0.00000 para Root(00)
Mensaje Y / 304:50:07:333 / top(01) / procutil /      0.99999 para Root(00)
Mensaje X / 304:50:07:333 / top(01) / response /      0.00000 para queue(03)
Mensaje X / 304:50:07:333 / top(01) / ready /      1.00000 para queue(03)
Mensaje D / 304:50:07:333 / queue(03) / 00:00:00:000 para top(01)
Mensaje D / 304:50:07:333 / queue(03) / 00:00:00:000 para top(01)
Mensaje D / 304:50:07:333 / top(01) / 00:00:00:000 para Root(00)
Mensaje * / 304:50:07:333 / Root(00) para top(01)
Mensaje * / 304:50:07:333 / top(01) para queue(03)
Mensaje Y / 304:50:07:333 / queue(03) / reply /      3.00000 para top(01)
Mensaje Y / 304:50:07:333 / queue(03) / averagesize /      8.09703 para top(01)
Mensaje Y / 304:50:07:333 / queue(03) / averagewait / 372906707.46667 para top(01)
Mensaje Y / 304:50:07:333 / queue(03) / out /      0.00010 para top(01)
Mensaje D / 304:50:07:333 / queue(03) / ... para top(01)
Mensaje X / 304:50:07:333 / top(01) / response /      3.00000 para gather(02)
Mensaje Y / 304:50:07:333 / top(01) / qsize /      8.09703 para Root(00)
Mensaje Y / 304:50:07:333 / top(01) / qwait / 372906707.46667 para Root(00)
Mensaje X / 304:50:07:333 / top(01) / in /      0.00010 para proc(04)
Mensaje D / 304:50:07:333 / gather(02) / 00:00:00:000 para top(01)
Mensaje D / 304:50:07:333 / proc(04) / 00:00:00:000 para top(01)
Mensaje D / 304:50:07:333 / top(01) / 00:00:00:000 para Root(00)
Mensaje * / 304:50:07:333 / Root(00) para top(01)
Mensaje * / 304:50:07:333 / top(01) para gather(02)
Mensaje Y / 304:50:07:333 / gather(02) / reply3 /      0.00000 para top(01)
Mensaje D / 304:50:07:333 / gather(02) / ... para top(01)
Mensaje Y / 304:50:07:333 / top(01) / reply3 /      0.00000 para Root(00)
Mensaje D / 304:50:07:333 / top(01) / 00:00:00:000 para Root(00)
Mensaje * / 304:50:07:333 / Root(00) para top(01)
Mensaje * / 304:50:07:333 / top(01) para proc(04)
Mensaje Y / 304:50:07:333 / proc(04) / throughput /      0.00000 para top(01)
Mensaje Y / 304:50:07:333 / proc(04) / utilization /      0.99999 para top(01)
Mensaje Y / 304:50:07:333 / proc(04) / reply /      0.00000 para top(01)
Mensaje Y / 304:50:07:333 / proc(04) / ready /      1.00000 para top(01)
Mensaje D / 304:50:07:333 / proc(04) / ... para top(01)
Mensaje Y / 304:50:07:333 / top(01) / procthru /      0.00000 para Root(00)
Mensaje Y / 304:50:07:333 / top(01) / procutil /      0.99999 para Root(00)
Mensaje X / 304:50:07:333 / top(01) / response /      0.00000 para queue(03)
Mensaje X / 304:50:07:333 / top(01) / ready /      1.00000 para queue(03)
Mensaje D / 304:50:07:333 / queue(03) / 00:00:00:000 para top(01)
Mensaje D / 304:50:07:333 / queue(03) / 00:00:00:000 para top(01)
Mensaje D / 304:50:07:333 / top(01) / 00:00:00:000 para Root(00)
Mensaje * / 304:50:07:333 / Root(00) para top(01)
Mensaje * / 304:50:07:333 / top(01) para queue(03)
Mensaje Y / 304:50:07:333 / queue(03) / reply /      4.00000 para top(01)
Mensaje Y / 304:50:07:333 / queue(03) / averagesize /      8.09703 para top(01)
Mensaje Y / 304:50:07:333 / queue(03) / averagewait / 418186430.25000 para top(01)
Mensaje Y / 304:50:07:333 / queue(03) / out /      0.00100 para top(01)
Mensaje D / 304:50:07:333 / queue(03) / ... para top(01)
Mensaje X / 304:50:07:333 / top(01) / response /      4.00000 para gather(02)
Mensaje Y / 304:50:07:333 / top(01) / qsize /      8.09703 para Root(00)
Mensaje Y / 304:50:07:333 / top(01) / qwait / 418186430.25000 para Root(00)
Mensaje X / 304:50:07:333 / top(01) / in /      0.00100 para proc(04)
Mensaje D / 304:50:07:333 / gather(02) / 00:00:00:000 para top(01)
Mensaje D / 304:50:07:333 / proc(04) / 00:00:00:000 para top(01)
Mensaje D / 304:50:07:333 / top(01) / 00:00:00:000 para Root(00)
Mensaje * / 304:50:07:333 / Root(00) para top(01)
Mensaje * / 304:50:07:333 / top(01) para gather(02)
Mensaje Y / 304:50:07:333 / gather(02) / reply4 /      0.00000 para top(01)
Mensaje D / 304:50:07:333 / gather(02) / ... para top(01)
Mensaje Y / 304:50:07:333 / top(01) / reply4 /      0.00000 para Root(00)
Mensaje D / 304:50:07:333 / top(01) / 00:00:00:000 para Root(00)
Mensaje * / 304:50:07:333 / Root(00) para top(01)
Mensaje * / 304:50:07:333 / top(01) para proc(04)
Mensaje Y / 304:50:07:333 / proc(04) / throughput /      0.00000 para top(01)
Mensaje Y / 304:50:07:333 / proc(04) / utilization /      0.99999 para top(01)
Mensaje Y / 304:50:07:333 / proc(04) / reply /      0.00000 para top(01)
Mensaje Y / 304:50:07:333 / proc(04) / ready /      1.00000 para top(01)
Mensaje D / 304:50:07:333 / proc(04) / ... para top(01)
Mensaje Y / 304:50:07:333 / top(01) / procthru /      0.00000 para Root(00)
Mensaje Y / 304:50:07:333 / top(01) / procutil /      0.99999 para Root(00)
Mensaje X / 304:50:07:333 / top(01) / response /      0.00000 para queue(03)
Mensaje X / 304:50:07:333 / top(01) / ready /      1.00000 para queue(03)
Mensaje D / 304:50:07:333 / queue(03) / 00:00:00:000 para top(01)
Mensaje D / 304:50:07:333 / queue(03) / 00:00:00:000 para top(01)
Mensaje D / 304:50:07:333 / top(01) / 00:00:00:000 para Root(00)
Mensaje * / 304:50:07:333 / Root(00) para top(01)
Mensaje * / 304:50:07:333 / top(01) para queue(03)
Mensaje Y / 304:50:07:333 / queue(03) / reply /      5.00000 para top(01)
Mensaje Y / 304:50:07:333 / queue(03) / averagesize /      8.09703 para top(01)
Mensaje Y / 304:50:07:333 / queue(03) / averagewait / 458139074.11765 para top(01)
Mensaje Y / 304:50:07:333 / queue(03) / out /      0.01000 para top(01)
Mensaje D / 304:50:07:333 / queue(03) / ... para top(01)
Mensaje X / 304:50:07:333 / top(01) / response /      5.00000 para gather(02)
Mensaje Y / 304:50:07:333 / top(01) / qsize /      8.09703 para Root(00)
Mensaje Y / 304:50:07:333 / top(01) / qwait / 458139074.11765 para Root(00)
Mensaje X / 304:50:07:333 / top(01) / in /      0.01000 para proc(04)
Mensaje D / 304:50:07:333 / gather(02) / 00:00:00:000 para top(01)
Mensaje D / 304:50:07:333 / proc(04) / 00:00:00:000 para top(01)
Mensaje D / 304:50:07:333 / top(01) / 00:00:00:000 para Root(00)
Mensaje * / 304:50:07:333 / Root(00) para top(01)
Mensaje * / 304:50:07:333 / top(01) para gather(02)
Mensaje Y / 304:50:07:333 / gather(02) / reply5 /      0.00000 para top(01)
Mensaje D / 304:50:07:333 / gather(02) / ... para top(01)
Mensaje Y / 304:50:07:333 / top(01) / reply5 /      0.00000 para Root(00)
Mensaje D / 304:50:07:333 / top(01) / 00:00:00:000 para Root(00)
Mensaje * / 304:50:07:333 / Root(00) para top(01)
Mensaje * / 304:50:07:333 / top(01) para proc(04)
Mensaje Y / 304:50:07:333 / proc(04) / throughput /      0.00000 para top(01)
Mensaje Y / 304:50:07:333 / proc(04) / utilization /      0.99999 para top(01)
Mensaje Y / 304:50:07:333 / proc(04) / reply /      0.00000 para top(01)
Mensaje Y / 304:50:07:333 / proc(04) / ready /      1.00000 para top(01)
Mensaje D / 304:50:07:333 / proc(04) / ... para top(01)
Mensaje Y / 304:50:07:333 / top(01) / procthru /      0.00000 para Root(00)
Mensaje Y / 304:50:07:333 / top(01) / procutil /      0.99999 para Root(00)
Mensaje X / 304:50:07:333 / top(01) / response /      0.00000 para queue(03)
Mensaje X / 304:50:07:333 / top(01) / ready /      1.00000 para queue(03)
Mensaje D / 304:50:07:333 / queue(03) / 00:00:00:000 para top(01)
Mensaje D / 304:50:07:333 / queue(03) / 00:00:00:000 para top(01)
Mensaje D / 304:50:07:333 / top(01) / 00:00:00:000 para Root(00)
Mensaje * / 304:50:07:333 / Root(00) para top(01)
Mensaje * / 304:50:07:333 / top(01) para queue(03)
Mensaje Y / 304:50:07:333 / queue(03) / reply /      6.00000 para top(01)
Mensaje Y / 304:50:07:333 / queue(03) / averagesize /      8.09703 para top(01)
Mensaje Y / 304:50:07:333 / queue(03) / averagewait / 493652478.44444 para top(01)
Mensaje Y / 304:50:07:333 / queue(03) / out /      0.10000 para top(01)
Mensaje D / 304:50:07:333 / queue(03) / ... para top(01)
Mensaje X / 304:50:07:333 / top(01) / response /      6.00000 para gather(02)
Mensaje Y / 304:50:07:333 / top(01) / qsize /      8.09703 para Root(00)
Mensaje Y / 304:50:07:333 / top(01) / qwait / 493652478.44444 para Root(00)
Mensaje X / 304:50:07:333 / top(01) / in /      0.10000 para proc(04)
Mensaje D / 304:50:07:333 / gather(02) / 00:00:00:000 para top(01)
Mensaje D / 304:50:07:333 / proc(04) / 00:00:00:000 para top(01)
Mensaje D / 304:50:07:333 / top(01) / 00:00:00:000 para Root(00)
Mensaje * / 304:50:07:333 / Root(00) para top(01)
Mensaje * / 304:50:07:333 / top(01) para gather(02)
Mensaje Y / 304:50:07:333 / gather(02) / reply6 /      0.00000 para top(01)
Mensaje D / 304:50:07:333 / gather(02) / ... para top(01)
Mensaje Y / 304:50:07:333 / top(01) / reply6 /      0.00000 para Root(00)
Mensaje D / 304:50:07:333 / top(01) / 00:00:00:000 para Root(00)
Mensaje * / 304:50:07:333 / Root(00) para top(01)
Mensaje * / 304:50:07:333 / top(01) para proc(04)
Mensaje Y / 304:50:07:333 / proc(04) / throughput /      0.00000 para top(01)
Mensaje Y / 304:50:07:333 / proc(04) / utilization /      0.99999 para top(01)
Mensaje Y / 304:50:07:333 / proc(04) / reply /      0.00000 para top(01)
Mensaje Y / 304:50:07:333 / proc(04) / ready /      1.00000 para top(01)
Mensaje D / 304:50:07:333 / proc(04) / ... para top(01)
Mensaje Y / 304:50:07:333 / top(01) / procthru /      0.00000 para Root(00)
Mensaje Y / 304:50:07:333 / top(01) / procutil /      0.99999 para Root(00)
Mensaje X / 304:50:07:333 / top(01) / response /      0.00000 para queue(03)
Mensaje X / 304:50:07:333 / top(01) / ready /      1.00000 para queue(03)
Mensaje D / 304:50:07:333 / queue(03) / 00:00:00:000 para top(01)
Mensaje D / 304:50:07:333 / queue(03) / 00:00:00:000 para top(01)
Mensaje D / 304:50:07:333 / top(01) / 00:00:00:000 para Root(00)
Mensaje * / 304:50:07:333 / Root(00) para top(01)
Mensaje * / 304:50:07:333 / top(01) para queue(03)
Mensaje Y / 304:50:07:333 / queue(03) / reply /      7.00000 para top(01)
Mensaje D / 304:50:07:333 / queue(03) / ... para top(01)
Mensaje X / 304:50:07:333 / top(01) / response /      7.00000 para gather(02)
Mensaje D / 304:50:07:333 / gather(02) / 00:00:00:000 para top(01)
Mensaje D / 304:50:07:333 / top(01) / 00:00:00:000 para Root(00)
Mensaje * / 304:50:07:333 / Root(00) para top(01)
Mensaje * / 304:50:07:333 / top(01) para gather(02)
Mensaje Y / 304:50:07:333 / gather(02) / reply7 /      0.00000 para top(01)
Mensaje D / 304:50:07:333 / gather(02) / ... para top(01)
Mensaje Y / 304:50:07:333 / top(01) / reply7 /      0.00000 para Root(00)
Mensaje D / 304:50:07:333 / top(01) / ... para Root(00)
