Mensaje I / 00:00:00:000 / Root(00) para top(01)
Mensaje I / 00:00:00:000 / top(01) para lqnentry(02)
Mensaje D / 00:00:00:000 / lqnentry(02) / ... para top(01)
Mensaje D / 00:00:00:000 / top(01) / ... para Root(00)
Mensaje X / 00:00:01:000 / Root(00) / initproc /      1.00000 para top(01)
Mensaje X / 00:00:01:000 / top(01) / initproc /      1.00000 para lqnentry(02)
Mensaje D / 00:00:01:000 / lqnentry(02) / ... para top(01)
Mensaje D / 00:00:01:000 / top(01) / ... para Root(00)
Mensaje X / 00:00:01:000 / Root(00) / initproc /     11.00000 para top(01)
Mensaje X / 00:00:01:000 / top(01) / initproc /     11.00000 para lqnentry(02)
Mensaje D / 00:00:01:000 / lqnentry(02) / ... para top(01)
Mensaje D / 00:00:01:000 / top(01) / ... para Root(00)
Mensaje X / 00:00:02:000 / Root(00) / initproc /      2.00000 para top(01)
Mensaje X / 00:00:02:000 / top(01) / initproc /      2.00000 para lqnentry(02)
Mensaje D / 00:00:02:000 / lqnentry(02) / ... para top(01)
Mensaje D / 00:00:02:000 / top(01) / ... para Root(00)
Mensaje X / 00:00:02:000 / Root(00) / initproc /     22.00000 para top(01)
Mensaje X / 00:00:02:000 / top(01) / initproc /     22.00000 para lqnentry(02)
Mensaje D / 00:00:02:000 / lqnentry(02) / ... para top(01)
Mensaje D / 00:00:02:000 / top(01) / ... para Root(00)
Mensaje X / 00:00:03:000 / Root(00) / initserv /      1.00000 para top(01)
Mensaje X / 00:00:03:000 / top(01) / initserv /      1.00000 para lqnentry(02)
Mensaje D / 00:00:03:000 / lqnentry(02) / ... para top(01)
Mensaje D / 00:00:03:000 / top(01) / ... para Root(00)
Mensaje X / 00:00:03:000 / Root(00) / initserv /      1.00000 para top(01)
Mensaje X / 00:00:03:000 / top(01) / initserv /      1.00000 para lqnentry(02)
Mensaje D / 00:00:03:000 / lqnentry(02) / ... para top(01)
Mensaje D / 00:00:03:000 / top(01) / ... para Root(00)
Mensaje X / 00:00:03:000 / Root(00) / initserv /      1.00000 para top(01)
Mensaje X / 00:00:03:000 / top(01) / initserv /      1.00000 para lqnentry(02)
Mensaje D / 00:00:03:000 / lqnentry(02) / ... para top(01)
Mensaje D / 00:00:03:000 / top(01) / ... para Root(00)
Mensaje X / 00:00:04:000 / Root(00) / initserv /      1.00000 para top(01)
Mensaje X / 00:00:04:000 / top(01) / initserv /      1.00000 para lqnentry(02)
Mensaje D / 00:00:04:000 / lqnentry(02) / ... para top(01)
Mensaje D / 00:00:04:000 / top(01) / ... para Root(00)
Mensaje X / 00:00:04:000 / Root(00) / initserv /      2.00000 para top(01)
Mensaje X / 00:00:04:000 / top(01) / initserv /      2.00000 para lqnentry(02)
Mensaje D / 00:00:04:000 / lqnentry(02) / ... para top(01)
Mensaje D / 00:00:04:000 / top(01) / ... para Root(00)
Mensaje X / 00:00:04:000 / Root(00) / initserv /      2.00000 para top(01)
Mensaje X / 00:00:04:000 / top(01) / initserv /      2.00000 para lqnentry(02)
Mensaje D / 00:00:04:000 / lqnentry(02) / ... para top(01)
Mensaje D / 00:00:04:000 / top(01) / ... para Root(00)
Mensaje X / 00:00:05:000 / Root(00) / initserv /      2.00000 para top(01)
Mensaje X / 00:00:05:000 / top(01) / initserv /      2.00000 para lqnentry(02)
Mensaje D / 00:00:05:000 / lqnentry(02) / ... para top(01)
Mensaje D / 00:00:05:000 / top(01) / ... para Root(00)
Mensaje X / 00:00:05:000 / Root(00) / initserv /      3.00000 para top(01)
Mensaje X / 00:00:05:000 / top(01) / initserv /      3.00000 para lqnentry(02)
Mensaje D / 00:00:05:000 / lqnentry(02) / ... para top(01)
Mensaje D / 00:00:05:000 / top(01) / ... para Root(00)
Mensaje X / 00:00:05:000 / Root(00) / initserv /      3.00000 para top(01)
Mensaje X / 00:00:05:000 / top(01) / initserv /      3.00000 para lqnentry(02)
Mensaje D / 00:00:05:000 / lqnentry(02) / ... para top(01)
Mensaje D / 00:00:05:000 / top(01) / ... para Root(00)
Mensaje X / 00:00:10:000 / Root(00) / in /      1.00000 para top(01)
Mensaje X / 00:00:10:000 / top(01) / in /      1.00000 para lqnentry(02)
Mensaje D / 00:00:10:000 / lqnentry(02) / 00:00:00:000 para top(01)
Mensaje D / 00:00:10:000 / top(01) / 00:00:00:000 para Root(00)
Mensaje * / 00:00:10:000 / Root(00) para top(01)
Mensaje * / 00:00:10:000 / top(01) para lqnentry(02)
Mensaje Y / 00:00:10:000 / lqnentry(02) / proccall /     11.00000 para top(01)
Mensaje D / 00:00:10:000 / lqnentry(02) / ... para top(01)
Mensaje Y / 00:00:10:000 / top(01) / proccall /     11.00000 para Root(00)
Mensaje D / 00:00:10:000 / top(01) / ... para Root(00)
Mensaje X / 00:00:21:000 / Root(00) / procrtn /      0.00000 para top(01)
Mensaje X / 00:00:21:000 / top(01) / procrtn /      0.00000 para lqnentry(02)
Mensaje D / 00:00:21:000 / lqnentry(02) / 00:00:00:000 para top(01)
Mensaje D / 00:00:21:000 / top(01) / 00:00:00:000 para Root(00)
Mensaje * / 00:00:21:000 / Root(00) para top(01)
Mensaje * / 00:00:21:000 / top(01) para lqnentry(02)
Mensaje Y / 00:00:21:000 / lqnentry(02) / servcall /      1.00000 para top(01)
Mensaje D / 00:00:21:000 / lqnentry(02) / ... para top(01)
Mensaje Y / 00:00:21:000 / top(01) / servcall /      1.00000 para Root(00)
Mensaje D / 00:00:21:000 / top(01) / ... para Root(00)
Mensaje X / 00:00:22:000 / Root(00) / servrtn /      0.00000 para top(01)
Mensaje X / 00:00:22:000 / top(01) / servrtn /      0.00000 para lqnentry(02)
Mensaje D / 00:00:22:000 / lqnentry(02) / 00:00:00:000 para top(01)
Mensaje D / 00:00:22:000 / top(01) / 00:00:00:000 para Root(00)
Mensaje * / 00:00:22:000 / Root(00) para top(01)
Mensaje * / 00:00:22:000 / top(01) para lqnentry(02)
Mensaje Y / 00:00:22:000 / lqnentry(02) / servcall /      2.00000 para top(01)
Mensaje D / 00:00:22:000 / lqnentry(02) / ... para top(01)
Mensaje Y / 00:00:22:000 / top(01) / servcall /      2.00000 para Root(00)
Mensaje D / 00:00:22:000 / top(01) / ... para Root(00)
Mensaje X / 00:00:25:000 / Root(00) / servrtn /      0.00000 para top(01)
Mensaje X / 00:00:25:000 / top(01) / servrtn /      0.00000 para lqnentry(02)
Mensaje D / 00:00:25:000 / lqnentry(02) / 00:00:00:000 para top(01)
Mensaje D / 00:00:25:000 / top(01) / 00:00:00:000 para Root(00)
Mensaje * / 00:00:25:000 / Root(00) para top(01)
Mensaje * / 00:00:25:000 / top(01) para lqnentry(02)
Mensaje Y / 00:00:25:000 / lqnentry(02) / servcall /      2.00000 para top(01)
Mensaje D / 00:00:25:000 / lqnentry(02) / ... para top(01)
Mensaje Y / 00:00:25:000 / top(01) / servcall /      2.00000 para Root(00)
Mensaje D / 00:00:25:000 / top(01) / ... para Root(00)
Mensaje X / 00:00:28:000 / Root(00) / servrtn /      0.00000 para top(01)
Mensaje X / 00:00:28:000 / top(01) / servrtn /      0.00000 para lqnentry(02)
Mensaje D / 00:00:28:000 / lqnentry(02) / 00:00:00:000 para top(01)
Mensaje D / 00:00:28:000 / top(01) / 00:00:00:000 para Root(00)
Mensaje * / 00:00:28:000 / Root(00) para top(01)
Mensaje * / 00:00:28:000 / top(01) para lqnentry(02)
Mensaje Y / 00:00:28:000 / lqnentry(02) / reply /  18000.00000 para top(01)
Mensaje Y / 00:00:28:000 / lqnentry(02) / proccall /     22.00000 para top(01)
Mensaje D / 00:00:28:000 / lqnentry(02) / ... para top(01)
Mensaje Y / 00:00:28:000 / top(01) / reply /  18000.00000 para Root(00)
Mensaje Y / 00:00:28:000 / top(01) / proccall /     22.00000 para Root(00)
Mensaje D / 00:00:28:000 / top(01) / ... para Root(00)
Mensaje X / 00:00:50:000 / Root(00) / procrtn /      0.00000 para top(01)
Mensaje X / 00:00:50:000 / top(01) / procrtn /      0.00000 para lqnentry(02)
Mensaje D / 00:00:50:000 / lqnentry(02) / 00:00:00:000 para top(01)
Mensaje D / 00:00:50:000 / top(01) / 00:00:00:000 para Root(00)
Mensaje * / 00:00:50:000 / Root(00) para top(01)
Mensaje * / 00:00:50:000 / top(01) para lqnentry(02)
Mensaje Y / 00:00:50:000 / lqnentry(02) / servcall /      3.00000 para top(01)
Mensaje D / 00:00:50:000 / lqnentry(02) / ... para top(01)
Mensaje Y / 00:00:50:000 / top(01) / servcall /      3.00000 para Root(00)
Mensaje D / 00:00:50:000 / top(01) / ... para Root(00)
Mensaje X / 00:00:53:000 / Root(00) / servrtn /      0.00000 para top(01)
Mensaje X / 00:00:53:000 / top(01) / servrtn /      0.00000 para lqnentry(02)
Mensaje D / 00:00:53:000 / lqnentry(02) / 00:00:00:000 para top(01)
Mensaje D / 00:00:53:000 / top(01) / 00:00:00:000 para Root(00)
Mensaje * / 00:00:53:000 / Root(00) para top(01)
Mensaje * / 00:00:53:000 / top(01) para lqnentry(02)
Mensaje Y / 00:00:53:000 / lqnentry(02) / servcall /      3.00000 para top(01)
Mensaje D / 00:00:53:000 / lqnentry(02) / ... para top(01)
Mensaje Y / 00:00:53:000 / top(01) / servcall /      3.00000 para Root(00)
Mensaje D / 00:00:53:000 / top(01) / ... para Root(00)
Mensaje X / 00:00:56:000 / Root(00) / servrtn /      0.00000 para top(01)
Mensaje X / 00:00:56:000 / top(01) / servrtn /      0.00000 para lqnentry(02)
Mensaje D / 00:00:56:000 / lqnentry(02) / 00:00:00:000 para top(01)
Mensaje D / 00:00:56:000 / top(01) / 00:00:00:000 para Root(00)
Mensaje * / 00:00:56:000 / Root(00) para top(01)
Mensaje * / 00:00:56:000 / top(01) para lqnentry(02)
Mensaje Y / 00:00:56:000 / lqnentry(02) / servcall /      3.00000 para top(01)
Mensaje D / 00:00:56:000 / lqnentry(02) / ... para top(01)
Mensaje Y / 00:00:56:000 / top(01) / servcall /      3.00000 para Root(00)
Mensaje D / 00:00:56:000 / top(01) / ... para Root(00)
Mensaje X / 00:00:59:000 / Root(00) / servrtn /      0.00000 para top(01)
Mensaje X / 00:00:59:000 / top(01) / servrtn /      0.00000 para lqnentry(02)
Mensaje D / 00:00:59:000 / lqnentry(02) / 00:00:00:000 para top(01)
Mensaje D / 00:00:59:000 / top(01) / 00:00:00:000 para Root(00)
Mensaje * / 00:00:59:000 / Root(00) para top(01)
Mensaje * / 00:00:59:000 / top(01) para lqnentry(02)
Mensaje Y / 00:00:59:000 / lqnentry(02) / avservtime /  49000.00000 para top(01)
Mensaje Y / 00:00:59:000 / lqnentry(02) / avph1time /  18000.00000 para top(01)
Mensaje Y / 00:00:59:000 / lqnentry(02) / avph2time /  31000.00000 para top(01)
Mensaje Y / 00:00:59:000 / lqnentry(02) / throughput /      0.00002 para top(01)
Mensaje Y / 00:00:59:000 / lqnentry(02) / utilization /      0.83051 para top(01)
Mensaje Y / 00:00:59:000 / lqnentry(02) / ready /      1.00000 para top(01)
Mensaje D / 00:00:59:000 / lqnentry(02) / ... para top(01)
Mensaje Y / 00:00:59:000 / top(01) / avservtime /  49000.00000 para Root(00)
Mensaje Y / 00:00:59:000 / top(01) / avph1time /  18000.00000 para Root(00)
Mensaje Y / 00:00:59:000 / top(01) / avph2time /  31000.00000 para Root(00)
Mensaje Y / 00:00:59:000 / top(01) / throughput /      0.00002 para Root(00)
Mensaje Y / 00:00:59:000 / top(01) / utilization /      0.83051 para Root(00)
Mensaje Y / 00:00:59:000 / top(01) / ready /      1.00000 para Root(00)
Mensaje D / 00:00:59:000 / top(01) / ... para Root(00)
Mensaje X / 00:01:10:000 / Root(00) / in /      1.00000 para top(01)
Mensaje X / 00:01:10:000 / top(01) / in /      1.00000 para lqnentry(02)
Mensaje D / 00:01:10:000 / lqnentry(02) / 00:00:00:000 para top(01)
Mensaje D / 00:01:10:000 / top(01) / 00:00:00:000 para Root(00)
Mensaje * / 00:01:10:000 / Root(00) para top(01)
Mensaje * / 00:01:10:000 / top(01) para lqnentry(02)
Mensaje Y / 00:01:10:000 / lqnentry(02) / proccall /     11.00000 para top(01)
Mensaje D / 00:01:10:000 / lqnentry(02) / ... para top(01)
Mensaje Y / 00:01:10:000 / top(01) / proccall /     11.00000 para Root(00)
Mensaje D / 00:01:10:000 / top(01) / ... para Root(00)
Mensaje X / 00:01:21:000 / Root(00) / procrtn /      0.00000 para top(01)
Mensaje X / 00:01:21:000 / top(01) / procrtn /      0.00000 para lqnentry(02)
Mensaje D / 00:01:21:000 / lqnentry(02) / 00:00:00:000 para top(01)
Mensaje D / 00:01:21:000 / top(01) / 00:00:00:000 para Root(00)
Mensaje * / 00:01:21:000 / Root(00) para top(01)
Mensaje * / 00:01:21:000 / top(01) para lqnentry(02)
Mensaje Y / 00:01:21:000 / lqnentry(02) / servcall /      1.00000 para top(01)
Mensaje D / 00:01:21:000 / lqnentry(02) / ... para top(01)
Mensaje Y / 00:01:21:000 / top(01) / servcall /      1.00000 para Root(00)
Mensaje D / 00:01:21:000 / top(01) / ... para Root(00)
Mensaje X / 00:01:22:000 / Root(00) / servrtn /      0.00000 para top(01)
Mensaje X / 00:01:22:000 / top(01) / servrtn /      0.00000 para lqnentry(02)
Mensaje D / 00:01:22:000 / lqnentry(02) / 00:00:00:000 para top(01)
Mensaje D / 00:01:22:000 / top(01) / 00:00:00:000 para Root(00)
Mensaje * / 00:01:22:000 / Root(00) para top(01)
Mensaje * / 00:01:22:000 / top(01) para lqnentry(02)
Mensaje Y / 00:01:22:000 / lqnentry(02) / servcall /      2.00000 para top(01)
Mensaje D / 00:01:22:000 / lqnentry(02) / ... para top(01)
Mensaje Y / 00:01:22:000 / top(01) / servcall /      2.00000 para Root(00)
Mensaje D / 00:01:22:000 / top(01) / ... para Root(00)
Mensaje X / 00:01:23:000 / Root(00) / initproc /      2.00000 para top(01)
Mensaje X / 00:01:23:000 / top(01) / initproc /      2.00000 para lqnentry(02)
Mensaje D / 00:01:23:000 / lqnentry(02) / ... para top(01)
Mensaje D / 00:01:23:000 / top(01) / ... para Root(00)
Mensaje X / 00:01:23:000 / Root(00) / initproc /     55.00000 para top(01)
Mensaje X / 00:01:23:000 / top(01) / initproc /     55.00000 para lqnentry(02)
Mensaje D / 00:01:23:000 / lqnentry(02) / ... para top(01)
Mensaje D / 00:01:23:000 / top(01) / ... para Root(00)
Mensaje X / 00:01:25:000 / Root(00) / servrtn /      0.00000 para top(01)
Mensaje X / 00:01:25:000 / top(01) / servrtn /      0.00000 para lqnentry(02)
Mensaje D / 00:01:25:000 / lqnentry(02) / 00:00:00:000 para top(01)
Mensaje D / 00:01:25:000 / top(01) / 00:00:00:000 para Root(00)
Mensaje * / 00:01:25:000 / Root(00) para top(01)
Mensaje * / 00:01:25:000 / top(01) para lqnentry(02)
Mensaje Y / 00:01:25:000 / lqnentry(02) / servcall /      2.00000 para top(01)
Mensaje D / 00:01:25:000 / lqnentry(02) / ... para top(01)
Mensaje Y / 00:01:25:000 / top(01) / servcall /      2.00000 para Root(00)
Mensaje D / 00:01:25:000 / top(01) / ... para Root(00)
Mensaje X / 00:01:28:000 / Root(00) / servrtn /      0.00000 para top(01)
Mensaje X / 00:01:28:000 / top(01) / servrtn /      0.00000 para lqnentry(02)
Mensaje D / 00:01:28:000 / lqnentry(02) / 00:00:00:000 para top(01)
Mensaje D / 00:01:28:000 / top(01) / 00:00:00:000 para Root(00)
Mensaje * / 00:01:28:000 / Root(00) para top(01)
Mensaje * / 00:01:28:000 / top(01) para lqnentry(02)
Mensaje Y / 00:01:28:000 / lqnentry(02) / reply /  18000.00000 para top(01)
Mensaje Y / 00:01:28:000 / lqnentry(02) / proccall /     22.00000 para top(01)
Mensaje D / 00:01:28:000 / lqnentry(02) / ... para top(01)
Mensaje Y / 00:01:28:000 / top(01) / reply /  18000.00000 para Root(00)
Mensaje Y / 00:01:28:000 / top(01) / proccall /     22.00000 para Root(00)
Mensaje D / 00:01:28:000 / top(01) / ... para Root(00)
Mensaje X / 00:01:29:000 / Root(00) / initserv /      2.00000 para top(01)
Mensaje X / 00:01:29:000 / top(01) / initserv /      2.00000 para lqnentry(02)
Mensaje D / 00:01:29:000 / lqnentry(02) / ... para top(01)
Mensaje D / 00:01:29:000 / top(01) / ... para Root(00)
Mensaje X / 00:01:29:000 / Root(00) / initserv /      5.00000 para top(01)
Mensaje X / 00:01:29:000 / top(01) / initserv /      5.00000 para lqnentry(02)
Mensaje D / 00:01:29:000 / lqnentry(02) / ... para top(01)
Mensaje D / 00:01:29:000 / top(01) / ... para Root(00)
Mensaje X / 00:01:29:000 / Root(00) / initserv /      7.00000 para top(01)
Mensaje X / 00:01:29:000 / top(01) / initserv /      7.00000 para lqnentry(02)
Mensaje D / 00:01:29:000 / lqnentry(02) / ... para top(01)
Mensaje D / 00:01:29:000 / top(01) / ... para Root(00)
Mensaje X / 00:01:30:000 / Root(00) / procrtn /      0.00000 para top(01)
Mensaje X / 00:01:30:000 / top(01) / procrtn /      0.00000 para lqnentry(02)
Mensaje D / 00:01:30:000 / lqnentry(02) / 00:00:00:000 para top(01)
Mensaje D / 00:01:30:000 / top(01) / 00:00:00:000 para Root(00)
Mensaje * / 00:01:30:000 / Root(00) para top(01)
Mensaje * / 00:01:30:000 / top(01) para lqnentry(02)
Mensaje Y / 00:01:30:000 / lqnentry(02) / servcall /      3.00000 para top(01)
Mensaje D / 00:01:30:000 / lqnentry(02) / ... para top(01)
Mensaje Y / 00:01:30:000 / top(01) / servcall /      3.00000 para Root(00)
Mensaje D / 00:01:30:000 / top(01) / ... para Root(00)
Mensaje X / 00:01:50:000 / Root(00) / procrtn /      0.00000 para top(01)
Mensaje X / 00:01:50:000 / top(01) / procrtn /      0.00000 para lqnentry(02)
Mensaje D / 00:01:50:000 / lqnentry(02) / ... para top(01)
Mensaje D / 00:01:50:000 / top(01) / ... para Root(00)
Mensaje X / 00:01:53:000 / Root(00) / servrtn /      0.00000 para top(01)
Mensaje X / 00:01:53:000 / top(01) / servrtn /      0.00000 para lqnentry(02)
Mensaje D / 00:01:53:000 / lqnentry(02) / 00:00:00:000 para top(01)
Mensaje D / 00:01:53:000 / top(01) / 00:00:00:000 para Root(00)
Mensaje * / 00:01:53:000 / Root(00) para top(01)
Mensaje * / 00:01:53:000 / top(01) para lqnentry(02)
Mensaje Y / 00:01:53:000 / lqnentry(02) / servcall /      3.00000 para top(01)
Mensaje D / 00:01:53:000 / lqnentry(02) / ... para top(01)
Mensaje Y / 00:01:53:000 / top(01) / servcall /      3.00000 para Root(00)
Mensaje D / 00:01:53:000 / top(01) / ... para Root(00)
Mensaje X / 00:01:56:000 / Root(00) / servrtn /      0.00000 para top(01)
Mensaje X / 00:01:56:000 / top(01) / servrtn /      0.00000 para lqnentry(02)
Mensaje D / 00:01:56:000 / lqnentry(02) / 00:00:00:000 para top(01)
Mensaje D / 00:01:56:000 / top(01) / 00:00:00:000 para Root(00)
Mensaje * / 00:01:56:000 / Root(00) para top(01)
Mensaje * / 00:01:56:000 / top(01) para lqnentry(02)
Mensaje Y / 00:01:56:000 / lqnentry(02) / servcall /      3.00000 para top(01)
Mensaje D / 00:01:56:000 / lqnentry(02) / ... para top(01)
Mensaje Y / 00:01:56:000 / top(01) / servcall /      3.00000 para Root(00)
Mensaje D / 00:01:56:000 / top(01) / ... para Root(00)
Mensaje X / 00:01:59:000 / Root(00) / servrtn /      0.00000 para top(01)
Mensaje X / 00:01:59:000 / top(01) / servrtn /      0.00000 para lqnentry(02)
Mensaje D / 00:01:59:000 / lqnentry(02) / 00:00:00:000 para top(01)
Mensaje D / 00:01:59:000 / top(01) / 00:00:00:000 para Root(00)
Mensaje * / 00:01:59:000 / Root(00) para top(01)
Mensaje * / 00:01:59:000 / top(01) para lqnentry(02)
Mensaje Y / 00:01:59:000 / lqnentry(02) / avservtime /  49000.00000 para top(01)
Mensaje Y / 00:01:59:000 / lqnentry(02) / avph1time /  18000.00000 para top(01)
Mensaje Y / 00:01:59:000 / lqnentry(02) / avph2time /  31000.00000 para top(01)
Mensaje Y / 00:01:59:000 / lqnentry(02) / throughput /      0.00002 para top(01)
Mensaje Y / 00:01:59:000 / lqnentry(02) / utilization /      0.82353 para top(01)
Mensaje Y / 00:01:59:000 / lqnentry(02) / ready /      1.00000 para top(01)
Mensaje D / 00:01:59:000 / lqnentry(02) / ... para top(01)
Mensaje Y / 00:01:59:000 / top(01) / avservtime /  49000.00000 para Root(00)
Mensaje Y / 00:01:59:000 / top(01) / avph1time /  18000.00000 para Root(00)
Mensaje Y / 00:01:59:000 / top(01) / avph2time /  31000.00000 para Root(00)
Mensaje Y / 00:01:59:000 / top(01) / throughput /      0.00002 para Root(00)
Mensaje Y / 00:01:59:000 / top(01) / utilization /      0.82353 para Root(00)
Mensaje Y / 00:01:59:000 / top(01) / ready /      1.00000 para Root(00)
Mensaje D / 00:01:59:000 / top(01) / ... para Root(00)
Mensaje X / 00:02:00:000 / Root(00) / servrtn /      0.00000 para top(01)
Mensaje X / 00:02:00:000 / top(01) / servrtn /      0.00000 para lqnentry(02)
Mensaje D / 00:02:00:000 / lqnentry(02) / ... para top(01)
Mensaje D / 00:02:00:000 / top(01) / ... para Root(00)
